[0.103s] Invoking command in '/home/rokey-jw/rokeypj_ws/build/turtlebot3_manipulation_description': CMAKE_PREFIX_PATH=${CMAKE_PREFIX_PATH}:/home/rokey-jw/turtlebot3_ws/install/turtlebot3_teleop:/home/rokey-jw/turtlebot3_ws/install/turtlebot3_example:/home/rokey-jw/turtlebot3_ws/install/turtlebot3_autorace_mission:/home/rokey-jw/turtlebot3_ws/install/turtlebot3_autorace_detect:/home/rokey-jw/turtlebot3_ws/install/turtlebot3_autorace_camera:/home/rokey-jw/rokeypj_ws/install/sample_pkg:/home/rokey-jw/rokeypj_ws/install/fsd_pkg:/home/rokey-jw/rokeypj_ws/install/aruco_yolo:/opt/ros/humble /usr/bin/cmake --build /home/rokey-jw/rokeypj_ws/build/turtlebot3_manipulation_description -- -j6 -l6
[1.538s] Invoked command in '/home/rokey-jw/rokeypj_ws/build/turtlebot3_manipulation_description' returned '0': CMAKE_PREFIX_PATH=${CMAKE_PREFIX_PATH}:/home/rokey-jw/turtlebot3_ws/install/turtlebot3_teleop:/home/rokey-jw/turtlebot3_ws/install/turtlebot3_example:/home/rokey-jw/turtlebot3_ws/install/turtlebot3_autorace_mission:/home/rokey-jw/turtlebot3_ws/install/turtlebot3_autorace_detect:/home/rokey-jw/turtlebot3_ws/install/turtlebot3_autorace_camera:/home/rokey-jw/rokeypj_ws/install/sample_pkg:/home/rokey-jw/rokeypj_ws/install/fsd_pkg:/home/rokey-jw/rokeypj_ws/install/aruco_yolo:/opt/ros/humble /usr/bin/cmake --build /home/rokey-jw/rokeypj_ws/build/turtlebot3_manipulation_description -- -j6 -l6
[1.550s] Invoking command in '/home/rokey-jw/rokeypj_ws/build/turtlebot3_manipulation_description': CMAKE_PREFIX_PATH=${CMAKE_PREFIX_PATH}:/home/rokey-jw/turtlebot3_ws/install/turtlebot3_teleop:/home/rokey-jw/turtlebot3_ws/install/turtlebot3_example:/home/rokey-jw/turtlebot3_ws/install/turtlebot3_autorace_mission:/home/rokey-jw/turtlebot3_ws/install/turtlebot3_autorace_detect:/home/rokey-jw/turtlebot3_ws/install/turtlebot3_autorace_camera:/home/rokey-jw/rokeypj_ws/install/sample_pkg:/home/rokey-jw/rokeypj_ws/install/fsd_pkg:/home/rokey-jw/rokeypj_ws/install/aruco_yolo:/opt/ros/humble /usr/bin/cmake --install /home/rokey-jw/rokeypj_ws/build/turtlebot3_manipulation_description
[1.564s] -- Install configuration: ""
[1.565s] -- Up-to-date: /home/rokey-jw/rokeypj_ws/install/turtlebot3_manipulation_description/share/turtlebot3_manipulation_description/launch
[1.567s] -- Up-to-date: /home/rokey-jw/rokeypj_ws/install/turtlebot3_manipulation_description/share/turtlebot3_manipulation_description/launch/robot_state_publisher.launch.py
[1.568s] -- Up-to-date: /home/rokey-jw/rokeypj_ws/install/turtlebot3_manipulation_description/share/turtlebot3_manipulation_description/launch/model.launch.py
[1.568s] -- Up-to-date: /home/rokey-jw/rokeypj_ws/install/turtlebot3_manipulation_description/share/turtlebot3_manipulation_description/rviz
[1.568s] -- Up-to-date: /home/rokey-jw/rokeypj_ws/install/turtlebot3_manipulation_description/share/turtlebot3_manipulation_description/rviz/model.rviz
[1.568s] -- Up-to-date: /home/rokey-jw/rokeypj_ws/install/turtlebot3_manipulation_description/share/turtlebot3_manipulation_description/urdf
[1.569s] -- Up-to-date: /home/rokey-jw/rokeypj_ws/install/turtlebot3_manipulation_description/share/turtlebot3_manipulation_description/urdf/turtlebot3_manipulation.urdf.xacro
[1.569s] -- Up-to-date: /home/rokey-jw/rokeypj_ws/install/turtlebot3_manipulation_description/share/turtlebot3_manipulation_description/urdf/open_manipulator_x.urdf.xacro
[1.569s] -- Up-to-date: /home/rokey-jw/rokeypj_ws/install/turtlebot3_manipulation_description/share/turtlebot3_manipulation_description/urdf/turtlebot3_waffle_pi.urdf.xacro.org
[1.569s] -- Up-to-date: /home/rokey-jw/rokeypj_ws/install/turtlebot3_manipulation_description/share/turtlebot3_manipulation_description/urdf/turtlebot3_waffle_pi.urdf.xacro
[1.569s] -- Up-to-date: /home/rokey-jw/rokeypj_ws/install/turtlebot3_manipulation_description/share/turtlebot3_manipulation_description/gazebo
[1.569s] -- Up-to-date: /home/rokey-jw/rokeypj_ws/install/turtlebot3_manipulation_description/share/turtlebot3_manipulation_description/gazebo/materials.xacro
[1.569s] -- Up-to-date: /home/rokey-jw/rokeypj_ws/install/turtlebot3_manipulation_description/share/turtlebot3_manipulation_description/gazebo/open_manipulator_x.gazebo.xacro
[1.569s] -- Up-to-date: /home/rokey-jw/rokeypj_ws/install/turtlebot3_manipulation_description/share/turtlebot3_manipulation_description/gazebo/turtlebot3_waffle_pi.gazebo.xacro
[1.570s] -- Up-to-date: /home/rokey-jw/rokeypj_ws/install/turtlebot3_manipulation_description/share/turtlebot3_manipulation_description/meshes
[1.570s] -- Up-to-date: /home/rokey-jw/rokeypj_ws/install/turtlebot3_manipulation_description/share/turtlebot3_manipulation_description/meshes/simple_camera.dae
[1.570s] -- Up-to-date: /home/rokey-jw/rokeypj_ws/install/turtlebot3_manipulation_description/share/turtlebot3_manipulation_description/meshes/turtlebot3_waffle_pi
[1.570s] -- Up-to-date: /home/rokey-jw/rokeypj_ws/install/turtlebot3_manipulation_description/share/turtlebot3_manipulation_description/meshes/turtlebot3_waffle_pi/ladar.stl
[1.570s] -- Up-to-date: /home/rokey-jw/rokeypj_ws/install/turtlebot3_manipulation_description/share/turtlebot3_manipulation_description/meshes/turtlebot3_waffle_pi/left_tire.stl
[1.570s] -- Up-to-date: /home/rokey-jw/rokeypj_ws/install/turtlebot3_manipulation_description/share/turtlebot3_manipulation_description/meshes/turtlebot3_waffle_pi/base.stl
[1.570s] -- Up-to-date: /home/rokey-jw/rokeypj_ws/install/turtlebot3_manipulation_description/share/turtlebot3_manipulation_description/meshes/turtlebot3_waffle_pi/right_tire.stl
[1.570s] -- Up-to-date: /home/rokey-jw/rokeypj_ws/install/turtlebot3_manipulation_description/share/turtlebot3_manipulation_description/meshes/open_manipulator_x
[1.571s] -- Up-to-date: /home/rokey-jw/rokeypj_ws/install/turtlebot3_manipulation_description/share/turtlebot3_manipulation_description/meshes/open_manipulator_x/link1.stl
[1.571s] -- Up-to-date: /home/rokey-jw/rokeypj_ws/install/turtlebot3_manipulation_description/share/turtlebot3_manipulation_description/meshes/open_manipulator_x/link2.stl
[1.571s] -- Up-to-date: /home/rokey-jw/rokeypj_ws/install/turtlebot3_manipulation_description/share/turtlebot3_manipulation_description/meshes/open_manipulator_x/link5.stl
[1.572s] -- Up-to-date: /home/rokey-jw/rokeypj_ws/install/turtlebot3_manipulation_description/share/turtlebot3_manipulation_description/meshes/open_manipulator_x/link3.stl
[1.572s] -- Up-to-date: /home/rokey-jw/rokeypj_ws/install/turtlebot3_manipulation_description/share/turtlebot3_manipulation_description/meshes/open_manipulator_x/gripper_left_palm.stl
[1.573s] -- Up-to-date: /home/rokey-jw/rokeypj_ws/install/turtlebot3_manipulation_description/share/turtlebot3_manipulation_description/meshes/open_manipulator_x/gripper_right_palm.stl
[1.573s] -- Up-to-date: /home/rokey-jw/rokeypj_ws/install/turtlebot3_manipulation_description/share/turtlebot3_manipulation_description/meshes/open_manipulator_x/link4.stl
[1.573s] -- Up-to-date: /home/rokey-jw/rokeypj_ws/install/turtlebot3_manipulation_description/share/turtlebot3_manipulation_description/ros2_control
[1.573s] -- Up-to-date: /home/rokey-jw/rokeypj_ws/install/turtlebot3_manipulation_description/share/turtlebot3_manipulation_description/ros2_control/turtlebot3_manipulation_system.ros2_control.xacro
[1.574s] -- Up-to-date: /home/rokey-jw/rokeypj_ws/install/turtlebot3_manipulation_description/share/turtlebot3_manipulation_description/environment/turtlebot3_manipulation_description.dsv
[1.575s] -- Up-to-date: /home/rokey-jw/rokeypj_ws/install/turtlebot3_manipulation_description/share/ament_index/resource_index/package_run_dependencies/turtlebot3_manipulation_description
[1.576s] -- Up-to-date: /home/rokey-jw/rokeypj_ws/install/turtlebot3_manipulation_description/share/ament_index/resource_index/parent_prefix_path/turtlebot3_manipulation_description
[1.576s] -- Up-to-date: /home/rokey-jw/rokeypj_ws/install/turtlebot3_manipulation_description/share/turtlebot3_manipulation_description/environment/ament_prefix_path.sh
[1.578s] -- Up-to-date: /home/rokey-jw/rokeypj_ws/install/turtlebot3_manipulation_description/share/turtlebot3_manipulation_description/environment/ament_prefix_path.dsv
[1.578s] -- Up-to-date: /home/rokey-jw/rokeypj_ws/install/turtlebot3_manipulation_description/share/turtlebot3_manipulation_description/environment/path.sh
[1.578s] -- Up-to-date: /home/rokey-jw/rokeypj_ws/install/turtlebot3_manipulation_description/share/turtlebot3_manipulation_description/environment/path.dsv
[1.578s] -- Up-to-date: /home/rokey-jw/rokeypj_ws/install/turtlebot3_manipulation_description/share/turtlebot3_manipulation_description/local_setup.bash
[1.578s] -- Up-to-date: /home/rokey-jw/rokeypj_ws/install/turtlebot3_manipulation_description/share/turtlebot3_manipulation_description/local_setup.sh
[1.579s] -- Up-to-date: /home/rokey-jw/rokeypj_ws/install/turtlebot3_manipulation_description/share/turtlebot3_manipulation_description/local_setup.zsh
[1.579s] -- Up-to-date: /home/rokey-jw/rokeypj_ws/install/turtlebot3_manipulation_description/share/turtlebot3_manipulation_description/local_setup.dsv
[1.579s] -- Up-to-date: /home/rokey-jw/rokeypj_ws/install/turtlebot3_manipulation_description/share/turtlebot3_manipulation_description/package.dsv
[1.579s] -- Up-to-date: /home/rokey-jw/rokeypj_ws/install/turtlebot3_manipulation_description/share/ament_index/resource_index/packages/turtlebot3_manipulation_description
[1.579s] -- Up-to-date: /home/rokey-jw/rokeypj_ws/install/turtlebot3_manipulation_description/share/turtlebot3_manipulation_description/cmake/turtlebot3_manipulation_descriptionConfig.cmake
[1.579s] -- Up-to-date: /home/rokey-jw/rokeypj_ws/install/turtlebot3_manipulation_description/share/turtlebot3_manipulation_description/cmake/turtlebot3_manipulation_descriptionConfig-version.cmake
[1.580s] -- Up-to-date: /home/rokey-jw/rokeypj_ws/install/turtlebot3_manipulation_description/share/turtlebot3_manipulation_description/package.xml
[1.603s] Invoked command in '/home/rokey-jw/rokeypj_ws/build/turtlebot3_manipulation_description' returned '0': CMAKE_PREFIX_PATH=${CMAKE_PREFIX_PATH}:/home/rokey-jw/turtlebot3_ws/install/turtlebot3_teleop:/home/rokey-jw/turtlebot3_ws/install/turtlebot3_example:/home/rokey-jw/turtlebot3_ws/install/turtlebot3_autorace_mission:/home/rokey-jw/turtlebot3_ws/install/turtlebot3_autorace_detect:/home/rokey-jw/turtlebot3_ws/install/turtlebot3_autorace_camera:/home/rokey-jw/rokeypj_ws/install/sample_pkg:/home/rokey-jw/rokeypj_ws/install/fsd_pkg:/home/rokey-jw/rokeypj_ws/install/aruco_yolo:/opt/ros/humble /usr/bin/cmake --install /home/rokey-jw/rokeypj_ws/build/turtlebot3_manipulation_description
