/home/rokey-jw/rokeypj_ws/install/aruco_yolo/lib/python3.10/site-packages/aruco_yolo/yolo_detector.py
/home/rokey-jw/rokeypj_ws/install/aruco_yolo/lib/python3.10/site-packages/aruco_yolo/aruco_move.py
/home/rokey-jw/rokeypj_ws/install/aruco_yolo/lib/python3.10/site-packages/aruco_yolo/camera_info.py
/home/rokey-jw/rokeypj_ws/install/aruco_yolo/lib/python3.10/site-packages/aruco_yolo/arm_ik.py
/home/rokey-jw/rokeypj_ws/install/aruco_yolo/lib/python3.10/site-packages/aruco_yolo/pick_n_place_js_2.py
/home/rokey-jw/rokeypj_ws/install/aruco_yolo/lib/python3.10/site-packages/aruco_yolo/pick_n_place_orig.py
/home/rokey-jw/rokeypj_ws/install/aruco_yolo/lib/python3.10/site-packages/aruco_yolo/pick_and_place_0702.py
/home/rokey-jw/rokeypj_ws/install/aruco_yolo/lib/python3.10/site-packages/aruco_yolo/turtlebot3_manipulation_teleop.py
/home/rokey-jw/rokeypj_ws/install/aruco_yolo/lib/python3.10/site-packages/aruco_yolo/pick_n_place_4.py
/home/rokey-jw/rokeypj_ws/install/aruco_yolo/lib/python3.10/site-packages/aruco_yolo/pick_n_place.py
/home/rokey-jw/rokeypj_ws/install/aruco_yolo/lib/python3.10/site-packages/aruco_yolo/original.py
/home/rokey-jw/rokeypj_ws/install/aruco_yolo/lib/python3.10/site-packages/aruco_yolo/compressed_image_pub.py
/home/rokey-jw/rokeypj_ws/install/aruco_yolo/lib/python3.10/site-packages/aruco_yolo/temp.py
/home/rokey-jw/rokeypj_ws/install/aruco_yolo/lib/python3.10/site-packages/aruco_yolo/pick_and_place.ori.py
/home/rokey-jw/rokeypj_ws/install/aruco_yolo/lib/python3.10/site-packages/aruco_yolo/aruco_detector.py
/home/rokey-jw/rokeypj_ws/install/aruco_yolo/lib/python3.10/site-packages/aruco_yolo/pick_n_place_3.py
/home/rokey-jw/rokeypj_ws/install/aruco_yolo/lib/python3.10/site-packages/aruco_yolo/pick_n_place_js_1.py
/home/rokey-jw/rokeypj_ws/install/aruco_yolo/lib/python3.10/site-packages/aruco_yolo/aruco_detector_js.py
/home/rokey-jw/rokeypj_ws/install/aruco_yolo/lib/python3.10/site-packages/aruco_yolo/turtlebot3_manipulation_xyz_limit.py
/home/rokey-jw/rokeypj_ws/install/aruco_yolo/lib/python3.10/site-packages/aruco_yolo/moveit_client.py
/home/rokey-jw/rokeypj_ws/install/aruco_yolo/lib/python3.10/site-packages/aruco_yolo/camera_pub.py
/home/rokey-jw/rokeypj_ws/install/aruco_yolo/lib/python3.10/site-packages/aruco_yolo/__init__.py
/home/rokey-jw/rokeypj_ws/install/aruco_yolo/lib/python3.10/site-packages/aruco_yolo/__pycache__/yolo_detector.cpython-310.pyc
/home/rokey-jw/rokeypj_ws/install/aruco_yolo/lib/python3.10/site-packages/aruco_yolo/__pycache__/aruco_move.cpython-310.pyc
/home/rokey-jw/rokeypj_ws/install/aruco_yolo/lib/python3.10/site-packages/aruco_yolo/__pycache__/camera_info.cpython-310.pyc
/home/rokey-jw/rokeypj_ws/install/aruco_yolo/lib/python3.10/site-packages/aruco_yolo/__pycache__/arm_ik.cpython-310.pyc
/home/rokey-jw/rokeypj_ws/install/aruco_yolo/lib/python3.10/site-packages/aruco_yolo/__pycache__/pick_n_place_js_2.cpython-310.pyc
/home/rokey-jw/rokeypj_ws/install/aruco_yolo/lib/python3.10/site-packages/aruco_yolo/__pycache__/pick_n_place_orig.cpython-310.pyc
/home/rokey-jw/rokeypj_ws/install/aruco_yolo/lib/python3.10/site-packages/aruco_yolo/__pycache__/pick_and_place_0702.cpython-310.pyc
/home/rokey-jw/rokeypj_ws/install/aruco_yolo/lib/python3.10/site-packages/aruco_yolo/__pycache__/turtlebot3_manipulation_teleop.cpython-310.pyc
/home/rokey-jw/rokeypj_ws/install/aruco_yolo/lib/python3.10/site-packages/aruco_yolo/__pycache__/pick_n_place_4.cpython-310.pyc
/home/rokey-jw/rokeypj_ws/install/aruco_yolo/lib/python3.10/site-packages/aruco_yolo/__pycache__/pick_n_place.cpython-310.pyc
/home/rokey-jw/rokeypj_ws/install/aruco_yolo/lib/python3.10/site-packages/aruco_yolo/__pycache__/original.cpython-310.pyc
/home/rokey-jw/rokeypj_ws/install/aruco_yolo/lib/python3.10/site-packages/aruco_yolo/__pycache__/compressed_image_pub.cpython-310.pyc
/home/rokey-jw/rokeypj_ws/install/aruco_yolo/lib/python3.10/site-packages/aruco_yolo/__pycache__/temp.cpython-310.pyc
/home/rokey-jw/rokeypj_ws/install/aruco_yolo/lib/python3.10/site-packages/aruco_yolo/__pycache__/pick_and_place.ori.cpython-310.pyc
/home/rokey-jw/rokeypj_ws/install/aruco_yolo/lib/python3.10/site-packages/aruco_yolo/__pycache__/aruco_detector.cpython-310.pyc
/home/rokey-jw/rokeypj_ws/install/aruco_yolo/lib/python3.10/site-packages/aruco_yolo/__pycache__/pick_n_place_3.cpython-310.pyc
/home/rokey-jw/rokeypj_ws/install/aruco_yolo/lib/python3.10/site-packages/aruco_yolo/__pycache__/pick_n_place_js_1.cpython-310.pyc
/home/rokey-jw/rokeypj_ws/install/aruco_yolo/lib/python3.10/site-packages/aruco_yolo/__pycache__/aruco_detector_js.cpython-310.pyc
/home/rokey-jw/rokeypj_ws/install/aruco_yolo/lib/python3.10/site-packages/aruco_yolo/__pycache__/turtlebot3_manipulation_xyz_limit.cpython-310.pyc
/home/rokey-jw/rokeypj_ws/install/aruco_yolo/lib/python3.10/site-packages/aruco_yolo/__pycache__/moveit_client.cpython-310.pyc
/home/rokey-jw/rokeypj_ws/install/aruco_yolo/lib/python3.10/site-packages/aruco_yolo/__pycache__/camera_pub.cpython-310.pyc
/home/rokey-jw/rokeypj_ws/install/aruco_yolo/lib/python3.10/site-packages/aruco_yolo/__pycache__/__init__.cpython-310.pyc
/home/rokey-jw/rokeypj_ws/install/aruco_yolo/share/ament_index/resource_index/packages/aruco_yolo
/home/rokey-jw/rokeypj_ws/install/aruco_yolo/share/aruco_yolo/package.xml
/home/rokey-jw/rokeypj_ws/install/aruco_yolo/share/aruco_yolo/config/calibration_params.yaml
/home/rokey-jw/rokeypj_ws/install/aruco_yolo/share/aruco_yolo/config/camera_params.yaml
/home/rokey-jw/rokeypj_ws/install/aruco_yolo/share/aruco_yolo/config/kinematics.yaml
/home/rokey-jw/rokeypj_ws/install/aruco_yolo/share/aruco_yolo/models/yolov8s_trained.pt
/home/rokey-jw/rokeypj_ws/install/aruco_yolo/share/aruco_yolo/launch/aruco_only.launch.py
/home/rokey-jw/rokeypj_ws/install/aruco_yolo/share/aruco_yolo/launch/camera.launch.py
/home/rokey-jw/rokeypj_ws/install/aruco_yolo/share/aruco_yolo/launch/pnp_only.launch.py
/home/rokey-jw/rokeypj_ws/install/aruco_yolo/share/aruco_yolo/launch/yolo_only.launch.py
/home/rokey-jw/rokeypj_ws/install/aruco_yolo/share/aruco_yolo/launch/compressed_yolo.launch.py
/home/rokey-jw/rokeypj_ws/install/aruco_yolo/share/aruco_yolo/launch/pick_and_place.launch.py
/home/rokey-jw/rokeypj_ws/install/aruco_yolo/share/aruco_yolo/launch/aruco_move.launch.py
/home/rokey-jw/rokeypj_ws/install/aruco_yolo/share/aruco_yolo/launch/aruco_yolo.launch.py
/home/rokey-jw/rokeypj_ws/install/aruco_yolo/share/aruco_yolo/launch/aruco_last.launch.py
/home/rokey-jw/rokeypj_ws/install/aruco_yolo/share/aruco_yolo/launch/compressed_only.launch.py
/home/rokey-jw/rokeypj_ws/install/aruco_yolo/share/aruco_yolo/launch/aruco_yolo_org.launch.py
/home/rokey-jw/rokeypj_ws/install/aruco_yolo/share/aruco_yolo/launch/aruco_detect.launch.py
/home/rokey-jw/rokeypj_ws/install/aruco_yolo/share/aruco_yolo/launch/compressed_aruco.launch.py
/home/rokey-jw/rokeypj_ws/install/aruco_yolo/share/aruco_yolo/launch/aruco_move_only.launch.py
/home/rokey-jw/rokeypj_ws/install/aruco_yolo/lib/python3.10/site-packages/aruco_yolo-0.0.0-py3.10.egg-info/requires.txt
/home/rokey-jw/rokeypj_ws/install/aruco_yolo/lib/python3.10/site-packages/aruco_yolo-0.0.0-py3.10.egg-info/SOURCES.txt
/home/rokey-jw/rokeypj_ws/install/aruco_yolo/lib/python3.10/site-packages/aruco_yolo-0.0.0-py3.10.egg-info/zip-safe
/home/rokey-jw/rokeypj_ws/install/aruco_yolo/lib/python3.10/site-packages/aruco_yolo-0.0.0-py3.10.egg-info/entry_points.txt
/home/rokey-jw/rokeypj_ws/install/aruco_yolo/lib/python3.10/site-packages/aruco_yolo-0.0.0-py3.10.egg-info/dependency_links.txt
/home/rokey-jw/rokeypj_ws/install/aruco_yolo/lib/python3.10/site-packages/aruco_yolo-0.0.0-py3.10.egg-info/PKG-INFO
/home/rokey-jw/rokeypj_ws/install/aruco_yolo/lib/python3.10/site-packages/aruco_yolo-0.0.0-py3.10.egg-info/top_level.txt
/home/rokey-jw/rokeypj_ws/install/aruco_yolo/lib/aruco_yolo/arm_ik
/home/rokey-jw/rokeypj_ws/install/aruco_yolo/lib/aruco_yolo/aruco_detector
/home/rokey-jw/rokeypj_ws/install/aruco_yolo/lib/aruco_yolo/aruco_move
/home/rokey-jw/rokeypj_ws/install/aruco_yolo/lib/aruco_yolo/camera_info
/home/rokey-jw/rokeypj_ws/install/aruco_yolo/lib/aruco_yolo/camera_pub
/home/rokey-jw/rokeypj_ws/install/aruco_yolo/lib/aruco_yolo/camera_pub_s
/home/rokey-jw/rokeypj_ws/install/aruco_yolo/lib/aruco_yolo/compressed_image_pub
/home/rokey-jw/rokeypj_ws/install/aruco_yolo/lib/aruco_yolo/moveit_client
/home/rokey-jw/rokeypj_ws/install/aruco_yolo/lib/aruco_yolo/pick_and_place
/home/rokey-jw/rokeypj_ws/install/aruco_yolo/lib/aruco_yolo/pick_n_place
/home/rokey-jw/rokeypj_ws/install/aruco_yolo/lib/aruco_yolo/yolo_detector
