[0.283s] colcon DEBUG Command line arguments: ['/usr/bin/colcon', 'list', '-p', '--base-paths', '/home/garuda/rokeypj_ws']
[0.283s] colcon DEBUG Parsed command line arguments: Namespace(log_base=None, log_level=None, verb_name='list', build_base='build', ignore_user_meta=False, metas=['./colcon.meta'], base_paths=['/home/garuda/rokeypj_ws'], packages_ignore=None, packages_ignore_regex=None, paths=None, packages_up_to=None, packages_up_to_regex=None, packages_above=None, packages_above_and_dependencies=None, packages_above_depth=None, packages_select_by_dep=None, packages_skip_by_dep=None, packages_skip_up_to=None, packages_select_build_failed=False, packages_skip_build_finished=False, packages_select_test_failures=False, packages_skip_test_passed=False, packages_select=None, packages_skip=None, packages_select_regex=None, packages_skip_regex=None, packages_start=None, packages_end=None, allow_overriding=[], topological_order=False, names_only=False, paths_only=True, topological_graph=False, topological_graph_dot=False, topological_graph_density=False, topological_graph_legend=False, topological_graph_dot_cluster=False, topological_graph_dot_include_skipped=False, mixin_files=None, mixin=None, verb_parser=<colcon_mixin.mixin.mixin_argument.MixinArgumentDecorator object at 0x7ea231bc4c70>, verb_extension=<colcon_package_information.verb.list.ListVerb object at 0x7ea231b874c0>, main=<bound method ListVerb.main of <colcon_package_information.verb.list.ListVerb object at 0x7ea231b874c0>>, mixin_verb=('list',))
[0.739s] colcon.colcon_core.package_discovery Level 1 discover_packages(colcon_meta) check parameters
[0.739s] colcon.colcon_core.package_discovery Level 1 discover_packages(recursive) check parameters
[0.740s] colcon.colcon_core.package_discovery Level 1 discover_packages(ignore) check parameters
[0.740s] colcon.colcon_core.package_discovery Level 1 discover_packages(path) check parameters
[0.740s] colcon.colcon_core.package_discovery Level 1 discover_packages(recursive) discover
[0.740s] colcon.colcon_core.package_discovery INFO Crawling recursively for packages in '/home/garuda/rokeypj_ws'
[0.740s] colcon.colcon_core.package_identification Level 1 _identify(/home/garuda/rokeypj_ws) by extensions ['ignore', 'ignore_ament_install']
[0.740s] colcon.colcon_core.package_identification Level 1 _identify(/home/garuda/rokeypj_ws) by extension 'ignore'
[0.740s] colcon.colcon_core.package_identification Level 1 _identify(/home/garuda/rokeypj_ws) by extension 'ignore_ament_install'
[0.741s] colcon.colcon_core.package_identification Level 1 _identify(/home/garuda/rokeypj_ws) by extensions ['colcon_pkg']
[0.741s] colcon.colcon_core.package_identification Level 1 _identify(/home/garuda/rokeypj_ws) by extension 'colcon_pkg'
[0.741s] colcon.colcon_core.package_identification Level 1 _identify(/home/garuda/rokeypj_ws) by extensions ['colcon_meta']
[0.741s] colcon.colcon_core.package_identification Level 1 _identify(/home/garuda/rokeypj_ws) by extension 'colcon_meta'
[0.741s] colcon.colcon_core.package_identification Level 1 _identify(/home/garuda/rokeypj_ws) by extensions ['ros']
[0.741s] colcon.colcon_core.package_identification Level 1 _identify(/home/garuda/rokeypj_ws) by extension 'ros'
[0.765s] colcon.colcon_core.package_identification Level 1 _identify(/home/garuda/rokeypj_ws) by extensions ['cmake', 'python']
[0.766s] colcon.colcon_core.package_identification Level 1 _identify(/home/garuda/rokeypj_ws) by extension 'cmake'
[0.766s] colcon.colcon_core.package_identification Level 1 _identify(/home/garuda/rokeypj_ws) by extension 'python'
[0.766s] colcon.colcon_core.package_identification Level 1 _identify(/home/garuda/rokeypj_ws) by extensions ['python_setup_py']
[0.766s] colcon.colcon_core.package_identification Level 1 _identify(/home/garuda/rokeypj_ws) by extension 'python_setup_py'
[0.766s] colcon.colcon_core.package_identification Level 1 _identify(/home/garuda/rokeypj_ws/build) by extensions ['ignore', 'ignore_ament_install']
[0.766s] colcon.colcon_core.package_identification Level 1 _identify(/home/garuda/rokeypj_ws/build) by extension 'ignore'
[0.766s] colcon.colcon_core.package_identification Level 1 _identify(/home/garuda/rokeypj_ws/build) ignored
[0.767s] colcon.colcon_core.package_identification Level 1 _identify(/home/garuda/rokeypj_ws/install) by extensions ['ignore', 'ignore_ament_install']
[0.767s] colcon.colcon_core.package_identification Level 1 _identify(/home/garuda/rokeypj_ws/install) by extension 'ignore'
[0.767s] colcon.colcon_core.package_identification Level 1 _identify(/home/garuda/rokeypj_ws/install) ignored
[0.767s] colcon.colcon_core.package_identification Level 1 _identify(/home/garuda/rokeypj_ws/log) by extensions ['ignore', 'ignore_ament_install']
[0.767s] colcon.colcon_core.package_identification Level 1 _identify(/home/garuda/rokeypj_ws/log) by extension 'ignore'
[0.767s] colcon.colcon_core.package_identification Level 1 _identify(/home/garuda/rokeypj_ws/log) ignored
[0.768s] colcon.colcon_core.package_identification Level 1 _identify(/home/garuda/rokeypj_ws/src) by extensions ['ignore', 'ignore_ament_install']
[0.768s] colcon.colcon_core.package_identification Level 1 _identify(/home/garuda/rokeypj_ws/src) by extension 'ignore'
[0.768s] colcon.colcon_core.package_identification Level 1 _identify(/home/garuda/rokeypj_ws/src) by extension 'ignore_ament_install'
[0.768s] colcon.colcon_core.package_identification Level 1 _identify(/home/garuda/rokeypj_ws/src) by extensions ['colcon_pkg']
[0.768s] colcon.colcon_core.package_identification Level 1 _identify(/home/garuda/rokeypj_ws/src) by extension 'colcon_pkg'
[0.768s] colcon.colcon_core.package_identification Level 1 _identify(/home/garuda/rokeypj_ws/src) by extensions ['colcon_meta']
[0.768s] colcon.colcon_core.package_identification Level 1 _identify(/home/garuda/rokeypj_ws/src) by extension 'colcon_meta'
[0.768s] colcon.colcon_core.package_identification Level 1 _identify(/home/garuda/rokeypj_ws/src) by extensions ['ros']
[0.768s] colcon.colcon_core.package_identification Level 1 _identify(/home/garuda/rokeypj_ws/src) by extension 'ros'
[0.768s] colcon.colcon_core.package_identification Level 1 _identify(/home/garuda/rokeypj_ws/src) by extensions ['cmake', 'python']
[0.768s] colcon.colcon_core.package_identification Level 1 _identify(/home/garuda/rokeypj_ws/src) by extension 'cmake'
[0.768s] colcon.colcon_core.package_identification Level 1 _identify(/home/garuda/rokeypj_ws/src) by extension 'python'
[0.769s] colcon.colcon_core.package_identification Level 1 _identify(/home/garuda/rokeypj_ws/src) by extensions ['python_setup_py']
[0.769s] colcon.colcon_core.package_identification Level 1 _identify(/home/garuda/rokeypj_ws/src) by extension 'python_setup_py'
[0.769s] colcon.colcon_core.package_identification Level 1 _identify(/home/garuda/rokeypj_ws/src/aruco_yolo) by extensions ['ignore', 'ignore_ament_install']
[0.769s] colcon.colcon_core.package_identification Level 1 _identify(/home/garuda/rokeypj_ws/src/aruco_yolo) by extension 'ignore'
[0.769s] colcon.colcon_core.package_identification Level 1 _identify(/home/garuda/rokeypj_ws/src/aruco_yolo) by extension 'ignore_ament_install'
[0.769s] colcon.colcon_core.package_identification Level 1 _identify(/home/garuda/rokeypj_ws/src/aruco_yolo) by extensions ['colcon_pkg']
[0.769s] colcon.colcon_core.package_identification Level 1 _identify(/home/garuda/rokeypj_ws/src/aruco_yolo) by extension 'colcon_pkg'
[0.769s] colcon.colcon_core.package_identification Level 1 _identify(/home/garuda/rokeypj_ws/src/aruco_yolo) by extensions ['colcon_meta']
[0.769s] colcon.colcon_core.package_identification Level 1 _identify(/home/garuda/rokeypj_ws/src/aruco_yolo) by extension 'colcon_meta'
[0.769s] colcon.colcon_core.package_identification Level 1 _identify(/home/garuda/rokeypj_ws/src/aruco_yolo) by extensions ['ros']
[0.769s] colcon.colcon_core.package_identification Level 1 _identify(/home/garuda/rokeypj_ws/src/aruco_yolo) by extension 'ros'
[0.775s] colcon.colcon_core.package_identification DEBUG Package '/home/garuda/rokeypj_ws/src/aruco_yolo' with type 'ros.ament_python' and name 'aruco_yolo'
[0.776s] colcon.colcon_core.package_identification Level 1 _identify(/home/garuda/rokeypj_ws/src/fsd_pkg) by extensions ['ignore', 'ignore_ament_install']
[0.776s] colcon.colcon_core.package_identification Level 1 _identify(/home/garuda/rokeypj_ws/src/fsd_pkg) by extension 'ignore'
[0.776s] colcon.colcon_core.package_identification Level 1 _identify(/home/garuda/rokeypj_ws/src/fsd_pkg) by extension 'ignore_ament_install'
[0.776s] colcon.colcon_core.package_identification Level 1 _identify(/home/garuda/rokeypj_ws/src/fsd_pkg) by extensions ['colcon_pkg']
[0.776s] colcon.colcon_core.package_identification Level 1 _identify(/home/garuda/rokeypj_ws/src/fsd_pkg) by extension 'colcon_pkg'
[0.777s] colcon.colcon_core.package_identification Level 1 _identify(/home/garuda/rokeypj_ws/src/fsd_pkg) by extensions ['colcon_meta']
[0.777s] colcon.colcon_core.package_identification Level 1 _identify(/home/garuda/rokeypj_ws/src/fsd_pkg) by extension 'colcon_meta'
[0.777s] colcon.colcon_core.package_identification Level 1 _identify(/home/garuda/rokeypj_ws/src/fsd_pkg) by extensions ['ros']
[0.777s] colcon.colcon_core.package_identification Level 1 _identify(/home/garuda/rokeypj_ws/src/fsd_pkg) by extension 'ros'
[0.778s] colcon.colcon_core.package_identification DEBUG Package '/home/garuda/rokeypj_ws/src/fsd_pkg' with type 'ros.ament_python' and name 'fsd_pkg'
[0.778s] colcon.colcon_core.package_identification Level 1 _identify(/home/garuda/rokeypj_ws/src/ld08_driver) by extensions ['ignore', 'ignore_ament_install']
[0.778s] colcon.colcon_core.package_identification Level 1 _identify(/home/garuda/rokeypj_ws/src/ld08_driver) by extension 'ignore'
[0.778s] colcon.colcon_core.package_identification Level 1 _identify(/home/garuda/rokeypj_ws/src/ld08_driver) by extension 'ignore_ament_install'
[0.778s] colcon.colcon_core.package_identification Level 1 _identify(/home/garuda/rokeypj_ws/src/ld08_driver) by extensions ['colcon_pkg']
[0.779s] colcon.colcon_core.package_identification Level 1 _identify(/home/garuda/rokeypj_ws/src/ld08_driver) by extension 'colcon_pkg'
[0.779s] colcon.colcon_core.package_identification Level 1 _identify(/home/garuda/rokeypj_ws/src/ld08_driver) by extensions ['colcon_meta']
[0.779s] colcon.colcon_core.package_identification Level 1 _identify(/home/garuda/rokeypj_ws/src/ld08_driver) by extension 'colcon_meta'
[0.779s] colcon.colcon_core.package_identification Level 1 _identify(/home/garuda/rokeypj_ws/src/ld08_driver) by extensions ['ros']
[0.779s] colcon.colcon_core.package_identification Level 1 _identify(/home/garuda/rokeypj_ws/src/ld08_driver) by extension 'ros'
[0.780s] colcon.colcon_core.package_identification DEBUG Package '/home/garuda/rokeypj_ws/src/ld08_driver' with type 'ros.ament_cmake' and name 'ld08_driver'
[0.780s] colcon.colcon_core.package_identification Level 1 _identify(/home/garuda/rokeypj_ws/src/sample_pkg) by extensions ['ignore', 'ignore_ament_install']
[0.780s] colcon.colcon_core.package_identification Level 1 _identify(/home/garuda/rokeypj_ws/src/sample_pkg) by extension 'ignore'
[0.781s] colcon.colcon_core.package_identification Level 1 _identify(/home/garuda/rokeypj_ws/src/sample_pkg) by extension 'ignore_ament_install'
[0.781s] colcon.colcon_core.package_identification Level 1 _identify(/home/garuda/rokeypj_ws/src/sample_pkg) by extensions ['colcon_pkg']
[0.781s] colcon.colcon_core.package_identification Level 1 _identify(/home/garuda/rokeypj_ws/src/sample_pkg) by extension 'colcon_pkg'
[0.781s] colcon.colcon_core.package_identification Level 1 _identify(/home/garuda/rokeypj_ws/src/sample_pkg) by extensions ['colcon_meta']
[0.781s] colcon.colcon_core.package_identification Level 1 _identify(/home/garuda/rokeypj_ws/src/sample_pkg) by extension 'colcon_meta'
[0.781s] colcon.colcon_core.package_identification Level 1 _identify(/home/garuda/rokeypj_ws/src/sample_pkg) by extensions ['ros']
[0.781s] colcon.colcon_core.package_identification Level 1 _identify(/home/garuda/rokeypj_ws/src/sample_pkg) by extension 'ros'
[0.782s] colcon.colcon_core.package_identification DEBUG Package '/home/garuda/rokeypj_ws/src/sample_pkg' with type 'ros.ament_python' and name 'sample_pkg'
[0.782s] colcon.colcon_core.package_identification Level 1 _identify(/home/garuda/rokeypj_ws/src/turtlebot3_manipulation) by extensions ['ignore', 'ignore_ament_install']
[0.782s] colcon.colcon_core.package_identification Level 1 _identify(/home/garuda/rokeypj_ws/src/turtlebot3_manipulation) by extension 'ignore'
[0.782s] colcon.colcon_core.package_identification Level 1 _identify(/home/garuda/rokeypj_ws/src/turtlebot3_manipulation) by extension 'ignore_ament_install'
[0.782s] colcon.colcon_core.package_identification Level 1 _identify(/home/garuda/rokeypj_ws/src/turtlebot3_manipulation) by extensions ['colcon_pkg']
[0.783s] colcon.colcon_core.package_identification Level 1 _identify(/home/garuda/rokeypj_ws/src/turtlebot3_manipulation) by extension 'colcon_pkg'
[0.783s] colcon.colcon_core.package_identification Level 1 _identify(/home/garuda/rokeypj_ws/src/turtlebot3_manipulation) by extensions ['colcon_meta']
[0.783s] colcon.colcon_core.package_identification Level 1 _identify(/home/garuda/rokeypj_ws/src/turtlebot3_manipulation) by extension 'colcon_meta'
[0.783s] colcon.colcon_core.package_identification Level 1 _identify(/home/garuda/rokeypj_ws/src/turtlebot3_manipulation) by extensions ['ros']
[0.783s] colcon.colcon_core.package_identification Level 1 _identify(/home/garuda/rokeypj_ws/src/turtlebot3_manipulation) by extension 'ros'
[0.783s] colcon.colcon_core.package_identification Level 1 _identify(/home/garuda/rokeypj_ws/src/turtlebot3_manipulation) by extensions ['cmake', 'python']
[0.783s] colcon.colcon_core.package_identification Level 1 _identify(/home/garuda/rokeypj_ws/src/turtlebot3_manipulation) by extension 'cmake'
[0.783s] colcon.colcon_core.package_identification Level 1 _identify(/home/garuda/rokeypj_ws/src/turtlebot3_manipulation) by extension 'python'
[0.783s] colcon.colcon_core.package_identification Level 1 _identify(/home/garuda/rokeypj_ws/src/turtlebot3_manipulation) by extensions ['python_setup_py']
[0.783s] colcon.colcon_core.package_identification Level 1 _identify(/home/garuda/rokeypj_ws/src/turtlebot3_manipulation) by extension 'python_setup_py'
[0.783s] colcon.colcon_core.package_identification Level 1 _identify(/home/garuda/rokeypj_ws/src/turtlebot3_manipulation/turtlebot3_manipulation) by extensions ['ignore', 'ignore_ament_install']
[0.783s] colcon.colcon_core.package_identification Level 1 _identify(/home/garuda/rokeypj_ws/src/turtlebot3_manipulation/turtlebot3_manipulation) by extension 'ignore'
[0.784s] colcon.colcon_core.package_identification Level 1 _identify(/home/garuda/rokeypj_ws/src/turtlebot3_manipulation/turtlebot3_manipulation) by extension 'ignore_ament_install'
[0.784s] colcon.colcon_core.package_identification Level 1 _identify(/home/garuda/rokeypj_ws/src/turtlebot3_manipulation/turtlebot3_manipulation) by extensions ['colcon_pkg']
[0.784s] colcon.colcon_core.package_identification Level 1 _identify(/home/garuda/rokeypj_ws/src/turtlebot3_manipulation/turtlebot3_manipulation) by extension 'colcon_pkg'
[0.784s] colcon.colcon_core.package_identification Level 1 _identify(/home/garuda/rokeypj_ws/src/turtlebot3_manipulation/turtlebot3_manipulation) by extensions ['colcon_meta']
[0.784s] colcon.colcon_core.package_identification Level 1 _identify(/home/garuda/rokeypj_ws/src/turtlebot3_manipulation/turtlebot3_manipulation) by extension 'colcon_meta'
[0.784s] colcon.colcon_core.package_identification Level 1 _identify(/home/garuda/rokeypj_ws/src/turtlebot3_manipulation/turtlebot3_manipulation) by extensions ['ros']
[0.784s] colcon.colcon_core.package_identification Level 1 _identify(/home/garuda/rokeypj_ws/src/turtlebot3_manipulation/turtlebot3_manipulation) by extension 'ros'
[0.785s] colcon.colcon_core.package_identification DEBUG Package '/home/garuda/rokeypj_ws/src/turtlebot3_manipulation/turtlebot3_manipulation' with type 'ros.ament_cmake' and name 'turtlebot3_manipulation'
[0.785s] colcon.colcon_core.package_identification Level 1 _identify(/home/garuda/rokeypj_ws/src/turtlebot3_manipulation/turtlebot3_manipulation_bringup) by extensions ['ignore', 'ignore_ament_install']
[0.785s] colcon.colcon_core.package_identification Level 1 _identify(/home/garuda/rokeypj_ws/src/turtlebot3_manipulation/turtlebot3_manipulation_bringup) by extension 'ignore'
[0.786s] colcon.colcon_core.package_identification Level 1 _identify(/home/garuda/rokeypj_ws/src/turtlebot3_manipulation/turtlebot3_manipulation_bringup) by extension 'ignore_ament_install'
[0.786s] colcon.colcon_core.package_identification Level 1 _identify(/home/garuda/rokeypj_ws/src/turtlebot3_manipulation/turtlebot3_manipulation_bringup) by extensions ['colcon_pkg']
[0.786s] colcon.colcon_core.package_identification Level 1 _identify(/home/garuda/rokeypj_ws/src/turtlebot3_manipulation/turtlebot3_manipulation_bringup) by extension 'colcon_pkg'
[0.786s] colcon.colcon_core.package_identification Level 1 _identify(/home/garuda/rokeypj_ws/src/turtlebot3_manipulation/turtlebot3_manipulation_bringup) by extensions ['colcon_meta']
[0.786s] colcon.colcon_core.package_identification Level 1 _identify(/home/garuda/rokeypj_ws/src/turtlebot3_manipulation/turtlebot3_manipulation_bringup) by extension 'colcon_meta'
[0.786s] colcon.colcon_core.package_identification Level 1 _identify(/home/garuda/rokeypj_ws/src/turtlebot3_manipulation/turtlebot3_manipulation_bringup) by extensions ['ros']
[0.786s] colcon.colcon_core.package_identification Level 1 _identify(/home/garuda/rokeypj_ws/src/turtlebot3_manipulation/turtlebot3_manipulation_bringup) by extension 'ros'
[0.787s] colcon.colcon_core.package_identification DEBUG Package '/home/garuda/rokeypj_ws/src/turtlebot3_manipulation/turtlebot3_manipulation_bringup' with type 'ros.ament_cmake' and name 'turtlebot3_manipulation_bringup'
[0.787s] colcon.colcon_core.package_identification Level 1 _identify(/home/garuda/rokeypj_ws/src/turtlebot3_manipulation/turtlebot3_manipulation_description) by extensions ['ignore', 'ignore_ament_install']
[0.787s] colcon.colcon_core.package_identification Level 1 _identify(/home/garuda/rokeypj_ws/src/turtlebot3_manipulation/turtlebot3_manipulation_description) by extension 'ignore'
[0.787s] colcon.colcon_core.package_identification Level 1 _identify(/home/garuda/rokeypj_ws/src/turtlebot3_manipulation/turtlebot3_manipulation_description) by extension 'ignore_ament_install'
[0.788s] colcon.colcon_core.package_identification Level 1 _identify(/home/garuda/rokeypj_ws/src/turtlebot3_manipulation/turtlebot3_manipulation_description) by extensions ['colcon_pkg']
[0.788s] colcon.colcon_core.package_identification Level 1 _identify(/home/garuda/rokeypj_ws/src/turtlebot3_manipulation/turtlebot3_manipulation_description) by extension 'colcon_pkg'
[0.788s] colcon.colcon_core.package_identification Level 1 _identify(/home/garuda/rokeypj_ws/src/turtlebot3_manipulation/turtlebot3_manipulation_description) by extensions ['colcon_meta']
[0.788s] colcon.colcon_core.package_identification Level 1 _identify(/home/garuda/rokeypj_ws/src/turtlebot3_manipulation/turtlebot3_manipulation_description) by extension 'colcon_meta'
[0.788s] colcon.colcon_core.package_identification Level 1 _identify(/home/garuda/rokeypj_ws/src/turtlebot3_manipulation/turtlebot3_manipulation_description) by extensions ['ros']
[0.788s] colcon.colcon_core.package_identification Level 1 _identify(/home/garuda/rokeypj_ws/src/turtlebot3_manipulation/turtlebot3_manipulation_description) by extension 'ros'
[0.790s] colcon.colcon_core.package_identification DEBUG Package '/home/garuda/rokeypj_ws/src/turtlebot3_manipulation/turtlebot3_manipulation_description' with type 'ros.ament_cmake' and name 'turtlebot3_manipulation_description'
[0.790s] colcon.colcon_core.package_identification Level 1 _identify(/home/garuda/rokeypj_ws/src/turtlebot3_manipulation/turtlebot3_manipulation_hardware) by extensions ['ignore', 'ignore_ament_install']
[0.790s] colcon.colcon_core.package_identification Level 1 _identify(/home/garuda/rokeypj_ws/src/turtlebot3_manipulation/turtlebot3_manipulation_hardware) by extension 'ignore'
[0.791s] colcon.colcon_core.package_identification Level 1 _identify(/home/garuda/rokeypj_ws/src/turtlebot3_manipulation/turtlebot3_manipulation_hardware) by extension 'ignore_ament_install'
[0.791s] colcon.colcon_core.package_identification Level 1 _identify(/home/garuda/rokeypj_ws/src/turtlebot3_manipulation/turtlebot3_manipulation_hardware) by extensions ['colcon_pkg']
[0.791s] colcon.colcon_core.package_identification Level 1 _identify(/home/garuda/rokeypj_ws/src/turtlebot3_manipulation/turtlebot3_manipulation_hardware) by extension 'colcon_pkg'
[0.791s] colcon.colcon_core.package_identification Level 1 _identify(/home/garuda/rokeypj_ws/src/turtlebot3_manipulation/turtlebot3_manipulation_hardware) by extensions ['colcon_meta']
[0.791s] colcon.colcon_core.package_identification Level 1 _identify(/home/garuda/rokeypj_ws/src/turtlebot3_manipulation/turtlebot3_manipulation_hardware) by extension 'colcon_meta'
[0.791s] colcon.colcon_core.package_identification Level 1 _identify(/home/garuda/rokeypj_ws/src/turtlebot3_manipulation/turtlebot3_manipulation_hardware) by extensions ['ros']
[0.791s] colcon.colcon_core.package_identification Level 1 _identify(/home/garuda/rokeypj_ws/src/turtlebot3_manipulation/turtlebot3_manipulation_hardware) by extension 'ros'
[0.793s] colcon.colcon_core.package_identification DEBUG Package '/home/garuda/rokeypj_ws/src/turtlebot3_manipulation/turtlebot3_manipulation_hardware' with type 'ros.ament_cmake' and name 'turtlebot3_manipulation_hardware'
[0.793s] colcon.colcon_core.package_identification Level 1 _identify(/home/garuda/rokeypj_ws/src/turtlebot3_manipulation/turtlebot3_manipulation_moveit_config) by extensions ['ignore', 'ignore_ament_install']
[0.794s] colcon.colcon_core.package_identification Level 1 _identify(/home/garuda/rokeypj_ws/src/turtlebot3_manipulation/turtlebot3_manipulation_moveit_config) by extension 'ignore'
[0.794s] colcon.colcon_core.package_identification Level 1 _identify(/home/garuda/rokeypj_ws/src/turtlebot3_manipulation/turtlebot3_manipulation_moveit_config) by extension 'ignore_ament_install'
[0.794s] colcon.colcon_core.package_identification Level 1 _identify(/home/garuda/rokeypj_ws/src/turtlebot3_manipulation/turtlebot3_manipulation_moveit_config) by extensions ['colcon_pkg']
[0.794s] colcon.colcon_core.package_identification Level 1 _identify(/home/garuda/rokeypj_ws/src/turtlebot3_manipulation/turtlebot3_manipulation_moveit_config) by extension 'colcon_pkg'
[0.794s] colcon.colcon_core.package_identification Level 1 _identify(/home/garuda/rokeypj_ws/src/turtlebot3_manipulation/turtlebot3_manipulation_moveit_config) by extensions ['colcon_meta']
[0.794s] colcon.colcon_core.package_identification Level 1 _identify(/home/garuda/rokeypj_ws/src/turtlebot3_manipulation/turtlebot3_manipulation_moveit_config) by extension 'colcon_meta'
[0.794s] colcon.colcon_core.package_identification Level 1 _identify(/home/garuda/rokeypj_ws/src/turtlebot3_manipulation/turtlebot3_manipulation_moveit_config) by extensions ['ros']
[0.794s] colcon.colcon_core.package_identification Level 1 _identify(/home/garuda/rokeypj_ws/src/turtlebot3_manipulation/turtlebot3_manipulation_moveit_config) by extension 'ros'
[0.796s] colcon.colcon_core.package_identification DEBUG Package '/home/garuda/rokeypj_ws/src/turtlebot3_manipulation/turtlebot3_manipulation_moveit_config' with type 'ros.ament_cmake' and name 'turtlebot3_manipulation_moveit_config'
[0.796s] colcon.colcon_core.package_identification Level 1 _identify(/home/garuda/rokeypj_ws/src/turtlebot3_manipulation/turtlebot3_manipulation_teleop) by extensions ['ignore', 'ignore_ament_install']
[0.796s] colcon.colcon_core.package_identification Level 1 _identify(/home/garuda/rokeypj_ws/src/turtlebot3_manipulation/turtlebot3_manipulation_teleop) by extension 'ignore'
[0.796s] colcon.colcon_core.package_identification Level 1 _identify(/home/garuda/rokeypj_ws/src/turtlebot3_manipulation/turtlebot3_manipulation_teleop) by extension 'ignore_ament_install'
[0.797s] colcon.colcon_core.package_identification Level 1 _identify(/home/garuda/rokeypj_ws/src/turtlebot3_manipulation/turtlebot3_manipulation_teleop) by extensions ['colcon_pkg']
[0.797s] colcon.colcon_core.package_identification Level 1 _identify(/home/garuda/rokeypj_ws/src/turtlebot3_manipulation/turtlebot3_manipulation_teleop) by extension 'colcon_pkg'
[0.797s] colcon.colcon_core.package_identification Level 1 _identify(/home/garuda/rokeypj_ws/src/turtlebot3_manipulation/turtlebot3_manipulation_teleop) by extensions ['colcon_meta']
[0.797s] colcon.colcon_core.package_identification Level 1 _identify(/home/garuda/rokeypj_ws/src/turtlebot3_manipulation/turtlebot3_manipulation_teleop) by extension 'colcon_meta'
[0.797s] colcon.colcon_core.package_identification Level 1 _identify(/home/garuda/rokeypj_ws/src/turtlebot3_manipulation/turtlebot3_manipulation_teleop) by extensions ['ros']
[0.797s] colcon.colcon_core.package_identification Level 1 _identify(/home/garuda/rokeypj_ws/src/turtlebot3_manipulation/turtlebot3_manipulation_teleop) by extension 'ros'
[0.799s] colcon.colcon_core.package_identification DEBUG Package '/home/garuda/rokeypj_ws/src/turtlebot3_manipulation/turtlebot3_manipulation_teleop' with type 'ros.ament_cmake' and name 'turtlebot3_manipulation_teleop'
[0.799s] colcon.colcon_core.package_identification Level 1 _identify(/home/garuda/rokeypj_ws/src/turtlebot_cosmo_interface) by extensions ['ignore', 'ignore_ament_install']
[0.799s] colcon.colcon_core.package_identification Level 1 _identify(/home/garuda/rokeypj_ws/src/turtlebot_cosmo_interface) by extension 'ignore'
[0.799s] colcon.colcon_core.package_identification Level 1 _identify(/home/garuda/rokeypj_ws/src/turtlebot_cosmo_interface) by extension 'ignore_ament_install'
[0.799s] colcon.colcon_core.package_identification Level 1 _identify(/home/garuda/rokeypj_ws/src/turtlebot_cosmo_interface) by extensions ['colcon_pkg']
[0.799s] colcon.colcon_core.package_identification Level 1 _identify(/home/garuda/rokeypj_ws/src/turtlebot_cosmo_interface) by extension 'colcon_pkg'
[0.799s] colcon.colcon_core.package_identification Level 1 _identify(/home/garuda/rokeypj_ws/src/turtlebot_cosmo_interface) by extensions ['colcon_meta']
[0.799s] colcon.colcon_core.package_identification Level 1 _identify(/home/garuda/rokeypj_ws/src/turtlebot_cosmo_interface) by extension 'colcon_meta'
[0.799s] colcon.colcon_core.package_identification Level 1 _identify(/home/garuda/rokeypj_ws/src/turtlebot_cosmo_interface) by extensions ['ros']
[0.799s] colcon.colcon_core.package_identification Level 1 _identify(/home/garuda/rokeypj_ws/src/turtlebot_cosmo_interface) by extension 'ros'
[0.800s] colcon.colcon_core.package_identification Level 1 _identify(/home/garuda/rokeypj_ws/src/turtlebot_cosmo_interface) by extensions ['cmake', 'python']
[0.800s] colcon.colcon_core.package_identification Level 1 _identify(/home/garuda/rokeypj_ws/src/turtlebot_cosmo_interface) by extension 'cmake'
[0.800s] colcon.colcon_core.package_identification Level 1 _identify(/home/garuda/rokeypj_ws/src/turtlebot_cosmo_interface) by extension 'python'
[0.800s] colcon.colcon_core.package_identification Level 1 _identify(/home/garuda/rokeypj_ws/src/turtlebot_cosmo_interface) by extensions ['python_setup_py']
[0.800s] colcon.colcon_core.package_identification Level 1 _identify(/home/garuda/rokeypj_ws/src/turtlebot_cosmo_interface) by extension 'python_setup_py'
[0.800s] colcon.colcon_core.package_identification Level 1 _identify(/home/garuda/rokeypj_ws/src/turtlebot_cosmo_interface/turtlebot_cosmo_interface) by extensions ['ignore', 'ignore_ament_install']
[0.800s] colcon.colcon_core.package_identification Level 1 _identify(/home/garuda/rokeypj_ws/src/turtlebot_cosmo_interface/turtlebot_cosmo_interface) by extension 'ignore'
[0.800s] colcon.colcon_core.package_identification Level 1 _identify(/home/garuda/rokeypj_ws/src/turtlebot_cosmo_interface/turtlebot_cosmo_interface) by extension 'ignore_ament_install'
[0.800s] colcon.colcon_core.package_identification Level 1 _identify(/home/garuda/rokeypj_ws/src/turtlebot_cosmo_interface/turtlebot_cosmo_interface) by extensions ['colcon_pkg']
[0.800s] colcon.colcon_core.package_identification Level 1 _identify(/home/garuda/rokeypj_ws/src/turtlebot_cosmo_interface/turtlebot_cosmo_interface) by extension 'colcon_pkg'
[0.800s] colcon.colcon_core.package_identification Level 1 _identify(/home/garuda/rokeypj_ws/src/turtlebot_cosmo_interface/turtlebot_cosmo_interface) by extensions ['colcon_meta']
[0.800s] colcon.colcon_core.package_identification Level 1 _identify(/home/garuda/rokeypj_ws/src/turtlebot_cosmo_interface/turtlebot_cosmo_interface) by extension 'colcon_meta'
[0.801s] colcon.colcon_core.package_identification Level 1 _identify(/home/garuda/rokeypj_ws/src/turtlebot_cosmo_interface/turtlebot_cosmo_interface) by extensions ['ros']
[0.801s] colcon.colcon_core.package_identification Level 1 _identify(/home/garuda/rokeypj_ws/src/turtlebot_cosmo_interface/turtlebot_cosmo_interface) by extension 'ros'
[0.802s] colcon.colcon_core.package_identification DEBUG Package '/home/garuda/rokeypj_ws/src/turtlebot_cosmo_interface/turtlebot_cosmo_interface' with type 'ros.ament_cmake' and name 'turtlebot_cosmo_interface'
[0.802s] colcon.colcon_core.package_identification Level 1 _identify(/home/garuda/rokeypj_ws/src/turtlebot_moveit) by extensions ['ignore', 'ignore_ament_install']
[0.802s] colcon.colcon_core.package_identification Level 1 _identify(/home/garuda/rokeypj_ws/src/turtlebot_moveit) by extension 'ignore'
[0.802s] colcon.colcon_core.package_identification Level 1 _identify(/home/garuda/rokeypj_ws/src/turtlebot_moveit) by extension 'ignore_ament_install'
[0.802s] colcon.colcon_core.package_identification Level 1 _identify(/home/garuda/rokeypj_ws/src/turtlebot_moveit) by extensions ['colcon_pkg']
[0.803s] colcon.colcon_core.package_identification Level 1 _identify(/home/garuda/rokeypj_ws/src/turtlebot_moveit) by extension 'colcon_pkg'
[0.803s] colcon.colcon_core.package_identification Level 1 _identify(/home/garuda/rokeypj_ws/src/turtlebot_moveit) by extensions ['colcon_meta']
[0.803s] colcon.colcon_core.package_identification Level 1 _identify(/home/garuda/rokeypj_ws/src/turtlebot_moveit) by extension 'colcon_meta'
[0.803s] colcon.colcon_core.package_identification Level 1 _identify(/home/garuda/rokeypj_ws/src/turtlebot_moveit) by extensions ['ros']
[0.803s] colcon.colcon_core.package_identification Level 1 _identify(/home/garuda/rokeypj_ws/src/turtlebot_moveit) by extension 'ros'
[0.803s] colcon.colcon_core.package_identification Level 1 _identify(/home/garuda/rokeypj_ws/src/turtlebot_moveit) by extensions ['cmake', 'python']
[0.803s] colcon.colcon_core.package_identification Level 1 _identify(/home/garuda/rokeypj_ws/src/turtlebot_moveit) by extension 'cmake'
[0.803s] colcon.colcon_core.package_identification Level 1 _identify(/home/garuda/rokeypj_ws/src/turtlebot_moveit) by extension 'python'
[0.803s] colcon.colcon_core.package_identification Level 1 _identify(/home/garuda/rokeypj_ws/src/turtlebot_moveit) by extensions ['python_setup_py']
[0.803s] colcon.colcon_core.package_identification Level 1 _identify(/home/garuda/rokeypj_ws/src/turtlebot_moveit) by extension 'python_setup_py'
[0.803s] colcon.colcon_core.package_identification Level 1 _identify(/home/garuda/rokeypj_ws/src/turtlebot_moveit/manipulator_moveit) by extensions ['ignore', 'ignore_ament_install']
[0.803s] colcon.colcon_core.package_identification Level 1 _identify(/home/garuda/rokeypj_ws/src/turtlebot_moveit/manipulator_moveit) by extension 'ignore'
[0.804s] colcon.colcon_core.package_identification Level 1 _identify(/home/garuda/rokeypj_ws/src/turtlebot_moveit/manipulator_moveit) by extension 'ignore_ament_install'
[0.804s] colcon.colcon_core.package_identification Level 1 _identify(/home/garuda/rokeypj_ws/src/turtlebot_moveit/manipulator_moveit) by extensions ['colcon_pkg']
[0.804s] colcon.colcon_core.package_identification Level 1 _identify(/home/garuda/rokeypj_ws/src/turtlebot_moveit/manipulator_moveit) by extension 'colcon_pkg'
[0.804s] colcon.colcon_core.package_identification Level 1 _identify(/home/garuda/rokeypj_ws/src/turtlebot_moveit/manipulator_moveit) by extensions ['colcon_meta']
[0.804s] colcon.colcon_core.package_identification Level 1 _identify(/home/garuda/rokeypj_ws/src/turtlebot_moveit/manipulator_moveit) by extension 'colcon_meta'
[0.804s] colcon.colcon_core.package_identification Level 1 _identify(/home/garuda/rokeypj_ws/src/turtlebot_moveit/manipulator_moveit) by extensions ['ros']
[0.804s] colcon.colcon_core.package_identification Level 1 _identify(/home/garuda/rokeypj_ws/src/turtlebot_moveit/manipulator_moveit) by extension 'ros'
[0.805s] colcon.colcon_core.package_identification DEBUG Package '/home/garuda/rokeypj_ws/src/turtlebot_moveit/manipulator_moveit' with type 'ros.ament_cmake' and name 'manipulator_moveit'
[0.805s] colcon.colcon_core.package_identification Level 1 _identify(/home/garuda/rokeypj_ws/src/turtlebot_moveit/turtlebot_moveit) by extensions ['ignore', 'ignore_ament_install']
[0.805s] colcon.colcon_core.package_identification Level 1 _identify(/home/garuda/rokeypj_ws/src/turtlebot_moveit/turtlebot_moveit) by extension 'ignore'
[0.806s] colcon.colcon_core.package_identification Level 1 _identify(/home/garuda/rokeypj_ws/src/turtlebot_moveit/turtlebot_moveit) by extension 'ignore_ament_install'
[0.806s] colcon.colcon_core.package_identification Level 1 _identify(/home/garuda/rokeypj_ws/src/turtlebot_moveit/turtlebot_moveit) by extensions ['colcon_pkg']
[0.806s] colcon.colcon_core.package_identification Level 1 _identify(/home/garuda/rokeypj_ws/src/turtlebot_moveit/turtlebot_moveit) by extension 'colcon_pkg'
[0.806s] colcon.colcon_core.package_identification Level 1 _identify(/home/garuda/rokeypj_ws/src/turtlebot_moveit/turtlebot_moveit) by extensions ['colcon_meta']
[0.806s] colcon.colcon_core.package_identification Level 1 _identify(/home/garuda/rokeypj_ws/src/turtlebot_moveit/turtlebot_moveit) by extension 'colcon_meta'
[0.806s] colcon.colcon_core.package_identification Level 1 _identify(/home/garuda/rokeypj_ws/src/turtlebot_moveit/turtlebot_moveit) by extensions ['ros']
[0.806s] colcon.colcon_core.package_identification Level 1 _identify(/home/garuda/rokeypj_ws/src/turtlebot_moveit/turtlebot_moveit) by extension 'ros'
[0.808s] colcon.colcon_core.package_identification DEBUG Package '/home/garuda/rokeypj_ws/src/turtlebot_moveit/turtlebot_moveit' with type 'ros.ament_cmake' and name 'turtlebot_moveit'
[0.808s] colcon.colcon_core.package_discovery Level 1 discover_packages(recursive) using defaults
