[0.094s] Invoking command in '/home/rokey-jw/rokeypj_ws/build/manipulator_moveit': CMAKE_PREFIX_PATH=${CMAKE_PREFIX_PATH}:/home/rokey-jw/turtlebot3_ws/install/turtlebot3_teleop:/home/rokey-jw/turtlebot3_ws/install/turtlebot3_example:/home/rokey-jw/turtlebot3_ws/install/turtlebot3_autorace_mission:/home/rokey-jw/turtlebot3_ws/install/turtlebot3_autorace_detect:/home/rokey-jw/turtlebot3_ws/install/turtlebot3_autorace_camera:/home/rokey-jw/rokeypj_ws/install/sample_pkg:/home/rokey-jw/rokeypj_ws/install/fsd_pkg:/home/rokey-jw/rokeypj_ws/install/aruco_yolo:/opt/ros/humble /usr/bin/cmake --build /home/rokey-jw/rokeypj_ws/build/manipulator_moveit -- -j6 -l6
[0.836s] Invoked command in '/home/rokey-jw/rokeypj_ws/build/manipulator_moveit' returned '0': CMAKE_PREFIX_PATH=${CMAKE_PREFIX_PATH}:/home/rokey-jw/turtlebot3_ws/install/turtlebot3_teleop:/home/rokey-jw/turtlebot3_ws/install/turtlebot3_example:/home/rokey-jw/turtlebot3_ws/install/turtlebot3_autorace_mission:/home/rokey-jw/turtlebot3_ws/install/turtlebot3_autorace_detect:/home/rokey-jw/turtlebot3_ws/install/turtlebot3_autorace_camera:/home/rokey-jw/rokeypj_ws/install/sample_pkg:/home/rokey-jw/rokeypj_ws/install/fsd_pkg:/home/rokey-jw/rokeypj_ws/install/aruco_yolo:/opt/ros/humble /usr/bin/cmake --build /home/rokey-jw/rokeypj_ws/build/manipulator_moveit -- -j6 -l6
[0.840s] Invoking command in '/home/rokey-jw/rokeypj_ws/build/manipulator_moveit': CMAKE_PREFIX_PATH=${CMAKE_PREFIX_PATH}:/home/rokey-jw/turtlebot3_ws/install/turtlebot3_teleop:/home/rokey-jw/turtlebot3_ws/install/turtlebot3_example:/home/rokey-jw/turtlebot3_ws/install/turtlebot3_autorace_mission:/home/rokey-jw/turtlebot3_ws/install/turtlebot3_autorace_detect:/home/rokey-jw/turtlebot3_ws/install/turtlebot3_autorace_camera:/home/rokey-jw/rokeypj_ws/install/sample_pkg:/home/rokey-jw/rokeypj_ws/install/fsd_pkg:/home/rokey-jw/rokeypj_ws/install/aruco_yolo:/opt/ros/humble /usr/bin/cmake --install /home/rokey-jw/rokeypj_ws/build/manipulator_moveit
[0.868s] -- Install configuration: ""
[0.870s] -- Up-to-date: /home/rokey-jw/rokeypj_ws/install/manipulator_moveit/share/ament_index/resource_index/package_run_dependencies/manipulator_moveit
[0.871s] -- Up-to-date: /home/rokey-jw/rokeypj_ws/install/manipulator_moveit/share/ament_index/resource_index/parent_prefix_path/manipulator_moveit
[0.871s] -- Up-to-date: /home/rokey-jw/rokeypj_ws/install/manipulator_moveit/share/manipulator_moveit/environment/ament_prefix_path.sh
[0.872s] -- Up-to-date: /home/rokey-jw/rokeypj_ws/install/manipulator_moveit/share/manipulator_moveit/environment/ament_prefix_path.dsv
[0.872s] -- Up-to-date: /home/rokey-jw/rokeypj_ws/install/manipulator_moveit/share/manipulator_moveit/environment/path.sh
[0.872s] -- Up-to-date: /home/rokey-jw/rokeypj_ws/install/manipulator_moveit/share/manipulator_moveit/environment/path.dsv
[0.873s] -- Up-to-date: /home/rokey-jw/rokeypj_ws/install/manipulator_moveit/share/manipulator_moveit/local_setup.bash
[0.873s] -- Up-to-date: /home/rokey-jw/rokeypj_ws/install/manipulator_moveit/share/manipulator_moveit/local_setup.sh
[0.873s] -- Up-to-date: /home/rokey-jw/rokeypj_ws/install/manipulator_moveit/share/manipulator_moveit/local_setup.zsh
[0.874s] -- Up-to-date: /home/rokey-jw/rokeypj_ws/install/manipulator_moveit/share/manipulator_moveit/local_setup.dsv
[0.874s] -- Up-to-date: /home/rokey-jw/rokeypj_ws/install/manipulator_moveit/share/manipulator_moveit/package.dsv
[0.875s] -- Up-to-date: /home/rokey-jw/rokeypj_ws/install/manipulator_moveit/share/ament_index/resource_index/packages/manipulator_moveit
[0.875s] -- Up-to-date: /home/rokey-jw/rokeypj_ws/install/manipulator_moveit/share/manipulator_moveit/cmake/manipulator_moveitConfig.cmake
[0.875s] -- Up-to-date: /home/rokey-jw/rokeypj_ws/install/manipulator_moveit/share/manipulator_moveit/cmake/manipulator_moveitConfig-version.cmake
[0.875s] -- Up-to-date: /home/rokey-jw/rokeypj_ws/install/manipulator_moveit/share/manipulator_moveit/package.xml
[0.943s] Invoked command in '/home/rokey-jw/rokeypj_ws/build/manipulator_moveit' returned '0': CMAKE_PREFIX_PATH=${CMAKE_PREFIX_PATH}:/home/rokey-jw/turtlebot3_ws/install/turtlebot3_teleop:/home/rokey-jw/turtlebot3_ws/install/turtlebot3_example:/home/rokey-jw/turtlebot3_ws/install/turtlebot3_autorace_mission:/home/rokey-jw/turtlebot3_ws/install/turtlebot3_autorace_detect:/home/rokey-jw/turtlebot3_ws/install/turtlebot3_autorace_camera:/home/rokey-jw/rokeypj_ws/install/sample_pkg:/home/rokey-jw/rokeypj_ws/install/fsd_pkg:/home/rokey-jw/rokeypj_ws/install/aruco_yolo:/opt/ros/humble /usr/bin/cmake --install /home/rokey-jw/rokeypj_ws/build/manipulator_moveit
