[0.099s] Invoking command in '/home/rokey-jw/rokeypj_ws/build/turtlebot3_manipulation_teleop': CMAKE_PREFIX_PATH=/home/rokey-jw/rokeypj_ws/install/turtlebot3_manipulation_moveit_config:/home/rokey-jw/rokeypj_ws/install/turtlebot3_manipulation_bringup:/home/rokey-jw/rokeypj_ws/install/turtlebot3_manipulation_description:/home/rokey-jw/turtlebot3_ws/install/turtlebot3:/home/rokey-jw/turtlebot3_ws/install/turtlebot3_bringup:/home/rokey-jw/turtlebot3_ws/install/turtlebot3_node:/home/rokey-jw/turtlebot3_ws/install/turtlebot3_manipulation:/home/rokey-jw/turtlebot3_ws/install/turtlebot3_manipulation_teleop:/home/rokey-jw/turtlebot3_ws/install/turtlebot3_manipulation_navigation2:/home/rokey-jw/turtlebot3_ws/install/turtlebot3_manipulation_moveit_config:/home/rokey-jw/turtlebot3_ws/install/turtlebot3_manipulation_hardware:/home/rokey-jw/turtlebot3_ws/install/turtlebot3_manipulation_bringup:/home/rokey-jw/turtlebot3_ws/install/turtlebot3_manipulation_description:/home/rokey-jw/turtlebot3_ws/install/turtlebot3_manipulation_cartographer:/home/rokey-jw/turtlebot3_ws/install/turtlebot3_description:/home/rokey-jw/turtlebot3_ws/install/turtlebot3_autorace:/home/rokey-jw/turtlebot3_ws/install/ld08_driver:/home/rokey-jw/rokeypj_ws/install/turtlebot_moveit:/home/rokey-jw/rokeypj_ws/install/turtlebot_cosmo_interface:/home/rokey-jw/rokeypj_ws/install/turtlebot3_manipulation:/home/rokey-jw/rokeypj_ws/install/turtlebot3_manipulation_teleop:/home/rokey-jw/rokeypj_ws/install/turtlebot3_manipulation_hardware:/home/rokey-jw/rokeypj_ws/install/manipulator_moveit:/home/rokey-jw/rokeypj_ws/install/ld08_driver:/home/rokey-jw/turtlebot3_ws/install/turtlebot3_teleop:/home/rokey-jw/turtlebot3_ws/install/turtlebot3_example:/home/rokey-jw/turtlebot3_ws/install/turtlebot3_autorace_mission:/home/rokey-jw/turtlebot3_ws/install/turtlebot3_autorace_detect:/home/rokey-jw/turtlebot3_ws/install/turtlebot3_autorace_camera:/home/rokey-jw/rokeypj_ws/install/sample_pkg:/home/rokey-jw/rokeypj_ws/install/fsd_pkg:/home/rokey-jw/rokeypj_ws/install/aruco_yolo:/opt/ros/humble /usr/bin/cmake /home/rokey-jw/rokeypj_ws/src/turtlebot3_manipulation/turtlebot3_manipulation_teleop -DCMAKE_INSTALL_PREFIX=/home/rokey-jw/rokeypj_ws/install/turtlebot3_manipulation_teleop
[0.494s] -- The C compiler identification is GNU 11.4.0
[0.861s] -- The CXX compiler identification is GNU 11.4.0
[0.901s] -- Detecting C compiler ABI info
[1.302s] -- Detecting C compiler ABI info - done
[1.332s] -- Check for working C compiler: /usr/bin/cc - skipped
[1.340s] -- Detecting C compile features
[1.341s] -- Detecting C compile features - done
[1.348s] -- Detecting CXX compiler ABI info
[1.907s] -- Detecting CXX compiler ABI info - done
[1.931s] -- Check for working CXX compiler: /usr/bin/c++ - skipped
[1.943s] -- Detecting CXX compile features
[1.950s] -- Detecting CXX compile features - done
[1.984s] -- Found ament_cmake: 1.3.11 (/opt/ros/humble/share/ament_cmake/cmake)
[3.302s] -- Found Python3: /usr/bin/python3 (found version "3.10.12") found components: Interpreter 
[4.172s] -- Found rclcpp: 16.0.12 (/opt/ros/humble/share/rclcpp/cmake)
[4.504s] -- Found rosidl_generator_c: 3.1.6 (/opt/ros/humble/share/rosidl_generator_c/cmake)
[4.556s] -- Found rosidl_adapter: 3.1.6 (/opt/ros/humble/share/rosidl_adapter/cmake)
[4.619s] -- Found rosidl_generator_cpp: 3.1.6 (/opt/ros/humble/share/rosidl_generator_cpp/cmake)
[4.719s] -- Using all available rosidl_typesupport_c: rosidl_typesupport_fastrtps_c;rosidl_typesupport_introspection_c
[4.855s] -- Using all available rosidl_typesupport_cpp: rosidl_typesupport_fastrtps_cpp;rosidl_typesupport_introspection_cpp
[5.240s] -- Found rmw_implementation_cmake: 6.1.2 (/opt/ros/humble/share/rmw_implementation_cmake/cmake)
[5.272s] -- Found rmw_cyclonedds_cpp: 1.3.4 (/opt/ros/humble/share/rmw_cyclonedds_cpp/cmake)
[5.442s] -- Using RMW implementation 'rmw_cyclonedds_cpp' as default
[5.535s] -- Looking for pthread.h
[5.932s] -- Looking for pthread.h - found
[5.932s] -- Performing Test CMAKE_HAVE_LIBC_PTHREAD
[6.238s] -- Performing Test CMAKE_HAVE_LIBC_PTHREAD - Success
[6.239s] -- Found Threads: TRUE  
[6.558s] -- Found turtlebot3_manipulation_bringup: 2.2.0 (/home/rokey-jw/rokeypj_ws/install/turtlebot3_manipulation_bringup/share/turtlebot3_manipulation_bringup/cmake)
[6.560s] -- Found turtlebot3_manipulation_moveit_config: 2.2.0 (/home/rokey-jw/rokeypj_ws/install/turtlebot3_manipulation_moveit_config/share/turtlebot3_manipulation_moveit_config/cmake)
[6.566s] -- Found turtlebot3_manipulation_description: 2.2.0 (/home/rokey-jw/rokeypj_ws/install/turtlebot3_manipulation_description/share/turtlebot3_manipulation_description/cmake)
[6.575s] -- Found geometry_msgs: 4.8.0 (/opt/ros/humble/share/geometry_msgs/cmake)
[6.667s] -- Found nav_msgs: 4.8.0 (/opt/ros/humble/share/nav_msgs/cmake)
[6.831s] -- Found control_msgs: 4.8.0 (/opt/ros/humble/share/control_msgs/cmake)
[7.431s] -- Found std_srvs: 4.8.0 (/opt/ros/humble/share/std_srvs/cmake)
[7.475s] -- Found rclcpp_action: 16.0.12 (/opt/ros/humble/share/rclcpp_action/cmake)
[7.560s] -- Found ament_lint_auto: 0.12.12 (/opt/ros/humble/share/ament_lint_auto/cmake)
[8.019s] -- Added test 'copyright' to check source files copyright and LICENSE
[8.023s] -- Added test 'cppcheck' to perform static code analysis on C / C++ code
[8.023s] -- Configured cppcheck include dirs: $<BUILD_INTERFACE:/home/rokey-jw/rokeypj_ws/src/turtlebot3_manipulation/turtlebot3_manipulation_teleop/include>
[8.024s] -- Configured cppcheck exclude dirs and/or files: 
[8.027s] -- Added test 'cpplint' to check C / C++ code against the Google style
[8.027s] -- Configured cpplint exclude dirs and/or files: 
[8.030s] -- Added test 'lint_cmake' to check CMake code style
[8.033s] -- Added test 'uncrustify' to check C / C++ code style
[8.034s] -- Configured uncrustify additional arguments: 
[8.036s] -- Added test 'xmllint' to check XML markup files
[8.042s] -- Configuring done
[8.084s] -- Generating done
[8.096s] -- Build files have been written to: /home/rokey-jw/rokeypj_ws/build/turtlebot3_manipulation_teleop
[8.145s] Invoked command in '/home/rokey-jw/rokeypj_ws/build/turtlebot3_manipulation_teleop' returned '0': CMAKE_PREFIX_PATH=/home/rokey-jw/rokeypj_ws/install/turtlebot3_manipulation_moveit_config:/home/rokey-jw/rokeypj_ws/install/turtlebot3_manipulation_bringup:/home/rokey-jw/rokeypj_ws/install/turtlebot3_manipulation_description:/home/rokey-jw/turtlebot3_ws/install/turtlebot3:/home/rokey-jw/turtlebot3_ws/install/turtlebot3_bringup:/home/rokey-jw/turtlebot3_ws/install/turtlebot3_node:/home/rokey-jw/turtlebot3_ws/install/turtlebot3_manipulation:/home/rokey-jw/turtlebot3_ws/install/turtlebot3_manipulation_teleop:/home/rokey-jw/turtlebot3_ws/install/turtlebot3_manipulation_navigation2:/home/rokey-jw/turtlebot3_ws/install/turtlebot3_manipulation_moveit_config:/home/rokey-jw/turtlebot3_ws/install/turtlebot3_manipulation_hardware:/home/rokey-jw/turtlebot3_ws/install/turtlebot3_manipulation_bringup:/home/rokey-jw/turtlebot3_ws/install/turtlebot3_manipulation_description:/home/rokey-jw/turtlebot3_ws/install/turtlebot3_manipulation_cartographer:/home/rokey-jw/turtlebot3_ws/install/turtlebot3_description:/home/rokey-jw/turtlebot3_ws/install/turtlebot3_autorace:/home/rokey-jw/turtlebot3_ws/install/ld08_driver:/home/rokey-jw/rokeypj_ws/install/turtlebot_moveit:/home/rokey-jw/rokeypj_ws/install/turtlebot_cosmo_interface:/home/rokey-jw/rokeypj_ws/install/turtlebot3_manipulation:/home/rokey-jw/rokeypj_ws/install/turtlebot3_manipulation_teleop:/home/rokey-jw/rokeypj_ws/install/turtlebot3_manipulation_hardware:/home/rokey-jw/rokeypj_ws/install/manipulator_moveit:/home/rokey-jw/rokeypj_ws/install/ld08_driver:/home/rokey-jw/turtlebot3_ws/install/turtlebot3_teleop:/home/rokey-jw/turtlebot3_ws/install/turtlebot3_example:/home/rokey-jw/turtlebot3_ws/install/turtlebot3_autorace_mission:/home/rokey-jw/turtlebot3_ws/install/turtlebot3_autorace_detect:/home/rokey-jw/turtlebot3_ws/install/turtlebot3_autorace_camera:/home/rokey-jw/rokeypj_ws/install/sample_pkg:/home/rokey-jw/rokeypj_ws/install/fsd_pkg:/home/rokey-jw/rokeypj_ws/install/aruco_yolo:/opt/ros/humble /usr/bin/cmake /home/rokey-jw/rokeypj_ws/src/turtlebot3_manipulation/turtlebot3_manipulation_teleop -DCMAKE_INSTALL_PREFIX=/home/rokey-jw/rokeypj_ws/install/turtlebot3_manipulation_teleop
[8.146s] Invoking command in '/home/rokey-jw/rokeypj_ws/build/turtlebot3_manipulation_teleop': CMAKE_PREFIX_PATH=/home/rokey-jw/rokeypj_ws/install/turtlebot3_manipulation_moveit_config:/home/rokey-jw/rokeypj_ws/install/turtlebot3_manipulation_bringup:/home/rokey-jw/rokeypj_ws/install/turtlebot3_manipulation_description:/home/rokey-jw/turtlebot3_ws/install/turtlebot3:/home/rokey-jw/turtlebot3_ws/install/turtlebot3_bringup:/home/rokey-jw/turtlebot3_ws/install/turtlebot3_node:/home/rokey-jw/turtlebot3_ws/install/turtlebot3_manipulation:/home/rokey-jw/turtlebot3_ws/install/turtlebot3_manipulation_teleop:/home/rokey-jw/turtlebot3_ws/install/turtlebot3_manipulation_navigation2:/home/rokey-jw/turtlebot3_ws/install/turtlebot3_manipulation_moveit_config:/home/rokey-jw/turtlebot3_ws/install/turtlebot3_manipulation_hardware:/home/rokey-jw/turtlebot3_ws/install/turtlebot3_manipulation_bringup:/home/rokey-jw/turtlebot3_ws/install/turtlebot3_manipulation_description:/home/rokey-jw/turtlebot3_ws/install/turtlebot3_manipulation_cartographer:/home/rokey-jw/turtlebot3_ws/install/turtlebot3_description:/home/rokey-jw/turtlebot3_ws/install/turtlebot3_autorace:/home/rokey-jw/turtlebot3_ws/install/ld08_driver:/home/rokey-jw/rokeypj_ws/install/turtlebot_moveit:/home/rokey-jw/rokeypj_ws/install/turtlebot_cosmo_interface:/home/rokey-jw/rokeypj_ws/install/turtlebot3_manipulation:/home/rokey-jw/rokeypj_ws/install/turtlebot3_manipulation_teleop:/home/rokey-jw/rokeypj_ws/install/turtlebot3_manipulation_hardware:/home/rokey-jw/rokeypj_ws/install/manipulator_moveit:/home/rokey-jw/rokeypj_ws/install/ld08_driver:/home/rokey-jw/turtlebot3_ws/install/turtlebot3_teleop:/home/rokey-jw/turtlebot3_ws/install/turtlebot3_example:/home/rokey-jw/turtlebot3_ws/install/turtlebot3_autorace_mission:/home/rokey-jw/turtlebot3_ws/install/turtlebot3_autorace_detect:/home/rokey-jw/turtlebot3_ws/install/turtlebot3_autorace_camera:/home/rokey-jw/rokeypj_ws/install/sample_pkg:/home/rokey-jw/rokeypj_ws/install/fsd_pkg:/home/rokey-jw/rokeypj_ws/install/aruco_yolo:/opt/ros/humble /usr/bin/cmake --build /home/rokey-jw/rokeypj_ws/build/turtlebot3_manipulation_teleop -- -j6 -l6
[8.277s] [ 50%] [32mBuilding CXX object CMakeFiles/turtlebot3_manipulation_teleop.dir/src/turtlebot3_manipulation_teleop.cpp.o[0m
[25.514s] [100%] [32m[1mLinking CXX executable turtlebot3_manipulation_teleop[0m
[26.228s] [100%] Built target turtlebot3_manipulation_teleop
[26.253s] Invoked command in '/home/rokey-jw/rokeypj_ws/build/turtlebot3_manipulation_teleop' returned '0': CMAKE_PREFIX_PATH=/home/rokey-jw/rokeypj_ws/install/turtlebot3_manipulation_moveit_config:/home/rokey-jw/rokeypj_ws/install/turtlebot3_manipulation_bringup:/home/rokey-jw/rokeypj_ws/install/turtlebot3_manipulation_description:/home/rokey-jw/turtlebot3_ws/install/turtlebot3:/home/rokey-jw/turtlebot3_ws/install/turtlebot3_bringup:/home/rokey-jw/turtlebot3_ws/install/turtlebot3_node:/home/rokey-jw/turtlebot3_ws/install/turtlebot3_manipulation:/home/rokey-jw/turtlebot3_ws/install/turtlebot3_manipulation_teleop:/home/rokey-jw/turtlebot3_ws/install/turtlebot3_manipulation_navigation2:/home/rokey-jw/turtlebot3_ws/install/turtlebot3_manipulation_moveit_config:/home/rokey-jw/turtlebot3_ws/install/turtlebot3_manipulation_hardware:/home/rokey-jw/turtlebot3_ws/install/turtlebot3_manipulation_bringup:/home/rokey-jw/turtlebot3_ws/install/turtlebot3_manipulation_description:/home/rokey-jw/turtlebot3_ws/install/turtlebot3_manipulation_cartographer:/home/rokey-jw/turtlebot3_ws/install/turtlebot3_description:/home/rokey-jw/turtlebot3_ws/install/turtlebot3_autorace:/home/rokey-jw/turtlebot3_ws/install/ld08_driver:/home/rokey-jw/rokeypj_ws/install/turtlebot_moveit:/home/rokey-jw/rokeypj_ws/install/turtlebot_cosmo_interface:/home/rokey-jw/rokeypj_ws/install/turtlebot3_manipulation:/home/rokey-jw/rokeypj_ws/install/turtlebot3_manipulation_teleop:/home/rokey-jw/rokeypj_ws/install/turtlebot3_manipulation_hardware:/home/rokey-jw/rokeypj_ws/install/manipulator_moveit:/home/rokey-jw/rokeypj_ws/install/ld08_driver:/home/rokey-jw/turtlebot3_ws/install/turtlebot3_teleop:/home/rokey-jw/turtlebot3_ws/install/turtlebot3_example:/home/rokey-jw/turtlebot3_ws/install/turtlebot3_autorace_mission:/home/rokey-jw/turtlebot3_ws/install/turtlebot3_autorace_detect:/home/rokey-jw/turtlebot3_ws/install/turtlebot3_autorace_camera:/home/rokey-jw/rokeypj_ws/install/sample_pkg:/home/rokey-jw/rokeypj_ws/install/fsd_pkg:/home/rokey-jw/rokeypj_ws/install/aruco_yolo:/opt/ros/humble /usr/bin/cmake --build /home/rokey-jw/rokeypj_ws/build/turtlebot3_manipulation_teleop -- -j6 -l6
[26.257s] Invoking command in '/home/rokey-jw/rokeypj_ws/build/turtlebot3_manipulation_teleop': CMAKE_PREFIX_PATH=/home/rokey-jw/rokeypj_ws/install/turtlebot3_manipulation_moveit_config:/home/rokey-jw/rokeypj_ws/install/turtlebot3_manipulation_bringup:/home/rokey-jw/rokeypj_ws/install/turtlebot3_manipulation_description:/home/rokey-jw/turtlebot3_ws/install/turtlebot3:/home/rokey-jw/turtlebot3_ws/install/turtlebot3_bringup:/home/rokey-jw/turtlebot3_ws/install/turtlebot3_node:/home/rokey-jw/turtlebot3_ws/install/turtlebot3_manipulation:/home/rokey-jw/turtlebot3_ws/install/turtlebot3_manipulation_teleop:/home/rokey-jw/turtlebot3_ws/install/turtlebot3_manipulation_navigation2:/home/rokey-jw/turtlebot3_ws/install/turtlebot3_manipulation_moveit_config:/home/rokey-jw/turtlebot3_ws/install/turtlebot3_manipulation_hardware:/home/rokey-jw/turtlebot3_ws/install/turtlebot3_manipulation_bringup:/home/rokey-jw/turtlebot3_ws/install/turtlebot3_manipulation_description:/home/rokey-jw/turtlebot3_ws/install/turtlebot3_manipulation_cartographer:/home/rokey-jw/turtlebot3_ws/install/turtlebot3_description:/home/rokey-jw/turtlebot3_ws/install/turtlebot3_autorace:/home/rokey-jw/turtlebot3_ws/install/ld08_driver:/home/rokey-jw/rokeypj_ws/install/turtlebot_moveit:/home/rokey-jw/rokeypj_ws/install/turtlebot_cosmo_interface:/home/rokey-jw/rokeypj_ws/install/turtlebot3_manipulation:/home/rokey-jw/rokeypj_ws/install/turtlebot3_manipulation_teleop:/home/rokey-jw/rokeypj_ws/install/turtlebot3_manipulation_hardware:/home/rokey-jw/rokeypj_ws/install/manipulator_moveit:/home/rokey-jw/rokeypj_ws/install/ld08_driver:/home/rokey-jw/turtlebot3_ws/install/turtlebot3_teleop:/home/rokey-jw/turtlebot3_ws/install/turtlebot3_example:/home/rokey-jw/turtlebot3_ws/install/turtlebot3_autorace_mission:/home/rokey-jw/turtlebot3_ws/install/turtlebot3_autorace_detect:/home/rokey-jw/turtlebot3_ws/install/turtlebot3_autorace_camera:/home/rokey-jw/rokeypj_ws/install/sample_pkg:/home/rokey-jw/rokeypj_ws/install/fsd_pkg:/home/rokey-jw/rokeypj_ws/install/aruco_yolo:/opt/ros/humble /usr/bin/cmake --install /home/rokey-jw/rokeypj_ws/build/turtlebot3_manipulation_teleop
[26.274s] -- Install configuration: ""
[26.274s] -- Installing: /home/rokey-jw/rokeypj_ws/install/turtlebot3_manipulation_teleop/lib/turtlebot3_manipulation_teleop/turtlebot3_manipulation_teleop
[26.280s] -- Set runtime path of "/home/rokey-jw/rokeypj_ws/install/turtlebot3_manipulation_teleop/lib/turtlebot3_manipulation_teleop/turtlebot3_manipulation_teleop" to ""
[26.280s] -- Installing: /home/rokey-jw/rokeypj_ws/install/turtlebot3_manipulation_teleop/share/ament_index/resource_index/package_run_dependencies/turtlebot3_manipulation_teleop
[26.287s] -- Installing: /home/rokey-jw/rokeypj_ws/install/turtlebot3_manipulation_teleop/share/ament_index/resource_index/parent_prefix_path/turtlebot3_manipulation_teleop
[26.287s] -- Installing: /home/rokey-jw/rokeypj_ws/install/turtlebot3_manipulation_teleop/share/turtlebot3_manipulation_teleop/environment/ament_prefix_path.sh
[26.288s] -- Installing: /home/rokey-jw/rokeypj_ws/install/turtlebot3_manipulation_teleop/share/turtlebot3_manipulation_teleop/environment/ament_prefix_path.dsv
[26.288s] -- Installing: /home/rokey-jw/rokeypj_ws/install/turtlebot3_manipulation_teleop/share/turtlebot3_manipulation_teleop/environment/path.sh
[26.288s] -- Installing: /home/rokey-jw/rokeypj_ws/install/turtlebot3_manipulation_teleop/share/turtlebot3_manipulation_teleop/environment/path.dsv
[26.288s] -- Installing: /home/rokey-jw/rokeypj_ws/install/turtlebot3_manipulation_teleop/share/turtlebot3_manipulation_teleop/local_setup.bash
[26.288s] -- Installing: /home/rokey-jw/rokeypj_ws/install/turtlebot3_manipulation_teleop/share/turtlebot3_manipulation_teleop/local_setup.sh
[26.288s] -- Installing: /home/rokey-jw/rokeypj_ws/install/turtlebot3_manipulation_teleop/share/turtlebot3_manipulation_teleop/local_setup.zsh
[26.289s] -- Installing: /home/rokey-jw/rokeypj_ws/install/turtlebot3_manipulation_teleop/share/turtlebot3_manipulation_teleop/local_setup.dsv
[26.289s] -- Installing: /home/rokey-jw/rokeypj_ws/install/turtlebot3_manipulation_teleop/share/turtlebot3_manipulation_teleop/package.dsv
[26.289s] -- Installing: /home/rokey-jw/rokeypj_ws/install/turtlebot3_manipulation_teleop/share/ament_index/resource_index/packages/turtlebot3_manipulation_teleop
[26.289s] -- Installing: /home/rokey-jw/rokeypj_ws/install/turtlebot3_manipulation_teleop/share/turtlebot3_manipulation_teleop/cmake/turtlebot3_manipulation_teleopConfig.cmake
[26.289s] -- Installing: /home/rokey-jw/rokeypj_ws/install/turtlebot3_manipulation_teleop/share/turtlebot3_manipulation_teleop/cmake/turtlebot3_manipulation_teleopConfig-version.cmake
[26.289s] -- Installing: /home/rokey-jw/rokeypj_ws/install/turtlebot3_manipulation_teleop/share/turtlebot3_manipulation_teleop/package.xml
[26.295s] Invoked command in '/home/rokey-jw/rokeypj_ws/build/turtlebot3_manipulation_teleop' returned '0': CMAKE_PREFIX_PATH=/home/rokey-jw/rokeypj_ws/install/turtlebot3_manipulation_moveit_config:/home/rokey-jw/rokeypj_ws/install/turtlebot3_manipulation_bringup:/home/rokey-jw/rokeypj_ws/install/turtlebot3_manipulation_description:/home/rokey-jw/turtlebot3_ws/install/turtlebot3:/home/rokey-jw/turtlebot3_ws/install/turtlebot3_bringup:/home/rokey-jw/turtlebot3_ws/install/turtlebot3_node:/home/rokey-jw/turtlebot3_ws/install/turtlebot3_manipulation:/home/rokey-jw/turtlebot3_ws/install/turtlebot3_manipulation_teleop:/home/rokey-jw/turtlebot3_ws/install/turtlebot3_manipulation_navigation2:/home/rokey-jw/turtlebot3_ws/install/turtlebot3_manipulation_moveit_config:/home/rokey-jw/turtlebot3_ws/install/turtlebot3_manipulation_hardware:/home/rokey-jw/turtlebot3_ws/install/turtlebot3_manipulation_bringup:/home/rokey-jw/turtlebot3_ws/install/turtlebot3_manipulation_description:/home/rokey-jw/turtlebot3_ws/install/turtlebot3_manipulation_cartographer:/home/rokey-jw/turtlebot3_ws/install/turtlebot3_description:/home/rokey-jw/turtlebot3_ws/install/turtlebot3_autorace:/home/rokey-jw/turtlebot3_ws/install/ld08_driver:/home/rokey-jw/rokeypj_ws/install/turtlebot_moveit:/home/rokey-jw/rokeypj_ws/install/turtlebot_cosmo_interface:/home/rokey-jw/rokeypj_ws/install/turtlebot3_manipulation:/home/rokey-jw/rokeypj_ws/install/turtlebot3_manipulation_teleop:/home/rokey-jw/rokeypj_ws/install/turtlebot3_manipulation_hardware:/home/rokey-jw/rokeypj_ws/install/manipulator_moveit:/home/rokey-jw/rokeypj_ws/install/ld08_driver:/home/rokey-jw/turtlebot3_ws/install/turtlebot3_teleop:/home/rokey-jw/turtlebot3_ws/install/turtlebot3_example:/home/rokey-jw/turtlebot3_ws/install/turtlebot3_autorace_mission:/home/rokey-jw/turtlebot3_ws/install/turtlebot3_autorace_detect:/home/rokey-jw/turtlebot3_ws/install/turtlebot3_autorace_camera:/home/rokey-jw/rokeypj_ws/install/sample_pkg:/home/rokey-jw/rokeypj_ws/install/fsd_pkg:/home/rokey-jw/rokeypj_ws/install/aruco_yolo:/opt/ros/humble /usr/bin/cmake --install /home/rokey-jw/rokeypj_ws/build/turtlebot3_manipulation_teleop
