[0.075s] Invoking command in '/home/rokey-jw/rokeypj_ws/build/turtlebot3_manipulation_hardware': CMAKE_PREFIX_PATH=${CMAKE_PREFIX_PATH}:/home/rokey-jw/turtlebot3_ws/install/turtlebot3_teleop:/home/rokey-jw/turtlebot3_ws/install/turtlebot3_example:/home/rokey-jw/turtlebot3_ws/install/turtlebot3_autorace_mission:/home/rokey-jw/turtlebot3_ws/install/turtlebot3_autorace_detect:/home/rokey-jw/turtlebot3_ws/install/turtlebot3_autorace_camera:/home/rokey-jw/rokeypj_ws/install/sample_pkg:/home/rokey-jw/rokeypj_ws/install/fsd_pkg:/home/rokey-jw/rokeypj_ws/install/aruco_yolo:/opt/ros/humble /usr/bin/cmake /home/rokey-jw/rokeypj_ws/src/turtlebot3_manipulation/turtlebot3_manipulation_hardware -DCMAKE_INSTALL_PREFIX=/home/rokey-jw/rokeypj_ws/install/turtlebot3_manipulation_hardware
[1.509s] -- The C compiler identification is GNU 11.4.0
[1.511s] -- The CXX compiler identification is GNU 11.4.0
[1.514s] -- Detecting C compiler ABI info
[1.516s] -- Detecting C compiler ABI info - done
[1.517s] -- Check for working C compiler: /usr/bin/cc - skipped
[1.518s] -- Detecting C compile features
[1.518s] -- Detecting C compile features - done
[1.519s] -- Detecting CXX compiler ABI info
[1.522s] -- Detecting CXX compiler ABI info - done
[1.522s] -- Check for working CXX compiler: /usr/bin/c++ - skipped
[1.523s] -- Detecting CXX compile features
[1.523s] -- Detecting CXX compile features - done
[1.523s] -- Found ament_cmake: 1.3.11 (/opt/ros/humble/share/ament_cmake/cmake)
[1.526s] -- Found Python3: /usr/bin/python3 (found version "3.10.12") found components: Interpreter 
[1.531s] -- Found dynamixel_sdk: 3.8.3 (/opt/ros/humble/share/dynamixel_sdk/cmake)
[1.532s] -- Found hardware_interface: 2.50.0 (/opt/ros/humble/share/hardware_interface/cmake)
[1.646s] -- Found rosidl_generator_c: 3.1.6 (/opt/ros/humble/share/rosidl_generator_c/cmake)
[1.666s] -- Found rosidl_adapter: 3.1.6 (/opt/ros/humble/share/rosidl_adapter/cmake)
[1.694s] -- Found rosidl_generator_cpp: 3.1.6 (/opt/ros/humble/share/rosidl_generator_cpp/cmake)
[1.743s] -- Using all available rosidl_typesupport_c: rosidl_typesupport_fastrtps_c;rosidl_typesupport_introspection_c
[1.810s] -- Using all available rosidl_typesupport_cpp: rosidl_typesupport_fastrtps_cpp;rosidl_typesupport_introspection_cpp
[2.412s] -- Found rmw_implementation_cmake: 6.1.2 (/opt/ros/humble/share/rmw_implementation_cmake/cmake)
[2.426s] -- Found rmw_cyclonedds_cpp: 1.3.4 (/opt/ros/humble/share/rmw_cyclonedds_cpp/cmake)
[2.515s] -- Using RMW implementation 'rmw_cyclonedds_cpp' as default
[2.551s] -- Looking for pthread.h
[2.736s] -- Looking for pthread.h - found
[2.736s] -- Performing Test CMAKE_HAVE_LIBC_PTHREAD
[2.924s] -- Performing Test CMAKE_HAVE_LIBC_PTHREAD - Success
[2.926s] -- Found Threads: TRUE  
[3.272s] -- Configuring done
[3.355s] -- Generating done
[3.368s] -- Build files have been written to: /home/rokey-jw/rokeypj_ws/build/turtlebot3_manipulation_hardware
[3.436s] Invoked command in '/home/rokey-jw/rokeypj_ws/build/turtlebot3_manipulation_hardware' returned '0': CMAKE_PREFIX_PATH=${CMAKE_PREFIX_PATH}:/home/rokey-jw/turtlebot3_ws/install/turtlebot3_teleop:/home/rokey-jw/turtlebot3_ws/install/turtlebot3_example:/home/rokey-jw/turtlebot3_ws/install/turtlebot3_autorace_mission:/home/rokey-jw/turtlebot3_ws/install/turtlebot3_autorace_detect:/home/rokey-jw/turtlebot3_ws/install/turtlebot3_autorace_camera:/home/rokey-jw/rokeypj_ws/install/sample_pkg:/home/rokey-jw/rokeypj_ws/install/fsd_pkg:/home/rokey-jw/rokeypj_ws/install/aruco_yolo:/opt/ros/humble /usr/bin/cmake /home/rokey-jw/rokeypj_ws/src/turtlebot3_manipulation/turtlebot3_manipulation_hardware -DCMAKE_INSTALL_PREFIX=/home/rokey-jw/rokeypj_ws/install/turtlebot3_manipulation_hardware
[3.437s] Invoking command in '/home/rokey-jw/rokeypj_ws/build/turtlebot3_manipulation_hardware': CMAKE_PREFIX_PATH=${CMAKE_PREFIX_PATH}:/home/rokey-jw/turtlebot3_ws/install/turtlebot3_teleop:/home/rokey-jw/turtlebot3_ws/install/turtlebot3_example:/home/rokey-jw/turtlebot3_ws/install/turtlebot3_autorace_mission:/home/rokey-jw/turtlebot3_ws/install/turtlebot3_autorace_detect:/home/rokey-jw/turtlebot3_ws/install/turtlebot3_autorace_camera:/home/rokey-jw/rokeypj_ws/install/sample_pkg:/home/rokey-jw/rokeypj_ws/install/fsd_pkg:/home/rokey-jw/rokeypj_ws/install/aruco_yolo:/opt/ros/humble /usr/bin/cmake --build /home/rokey-jw/rokeypj_ws/build/turtlebot3_manipulation_hardware -- -j6 -l6
[3.543s] [ 25%] [32mBuilding CXX object CMakeFiles/turtlebot3_manipulation_hardware.dir/src/dynamixel_sdk_wrapper.cpp.o[0m
[3.569s] [ 50%] [32mBuilding CXX object CMakeFiles/turtlebot3_manipulation_hardware.dir/src/turtlebot3_manipulation_system.cpp.o[0m
[3.575s] [ 75%] [32mBuilding CXX object CMakeFiles/turtlebot3_manipulation_hardware.dir/src/opencr.cpp.o[0m
[19.009s] [100%] [32m[1mLinking CXX shared library libturtlebot3_manipulation_hardware.so[0m
[19.469s] [100%] Built target turtlebot3_manipulation_hardware
[19.496s] Invoked command in '/home/rokey-jw/rokeypj_ws/build/turtlebot3_manipulation_hardware' returned '0': CMAKE_PREFIX_PATH=${CMAKE_PREFIX_PATH}:/home/rokey-jw/turtlebot3_ws/install/turtlebot3_teleop:/home/rokey-jw/turtlebot3_ws/install/turtlebot3_example:/home/rokey-jw/turtlebot3_ws/install/turtlebot3_autorace_mission:/home/rokey-jw/turtlebot3_ws/install/turtlebot3_autorace_detect:/home/rokey-jw/turtlebot3_ws/install/turtlebot3_autorace_camera:/home/rokey-jw/rokeypj_ws/install/sample_pkg:/home/rokey-jw/rokeypj_ws/install/fsd_pkg:/home/rokey-jw/rokeypj_ws/install/aruco_yolo:/opt/ros/humble /usr/bin/cmake --build /home/rokey-jw/rokeypj_ws/build/turtlebot3_manipulation_hardware -- -j6 -l6
[19.501s] Invoking command in '/home/rokey-jw/rokeypj_ws/build/turtlebot3_manipulation_hardware': CMAKE_PREFIX_PATH=${CMAKE_PREFIX_PATH}:/home/rokey-jw/turtlebot3_ws/install/turtlebot3_teleop:/home/rokey-jw/turtlebot3_ws/install/turtlebot3_example:/home/rokey-jw/turtlebot3_ws/install/turtlebot3_autorace_mission:/home/rokey-jw/turtlebot3_ws/install/turtlebot3_autorace_detect:/home/rokey-jw/turtlebot3_ws/install/turtlebot3_autorace_camera:/home/rokey-jw/rokeypj_ws/install/sample_pkg:/home/rokey-jw/rokeypj_ws/install/fsd_pkg:/home/rokey-jw/rokeypj_ws/install/aruco_yolo:/opt/ros/humble /usr/bin/cmake --install /home/rokey-jw/rokeypj_ws/build/turtlebot3_manipulation_hardware
[19.516s] -- Install configuration: ""
[19.517s] -- Installing: /home/rokey-jw/rokeypj_ws/install/turtlebot3_manipulation_hardware/share/turtlebot3_manipulation_hardware/turtlebot3_manipulation_hardware.xml
[19.517s] -- Installing: /home/rokey-jw/rokeypj_ws/install/turtlebot3_manipulation_hardware/include
[19.518s] -- Installing: /home/rokey-jw/rokeypj_ws/install/turtlebot3_manipulation_hardware/include/turtlebot3_manipulation_hardware
[19.518s] -- Installing: /home/rokey-jw/rokeypj_ws/install/turtlebot3_manipulation_hardware/include/turtlebot3_manipulation_hardware/dynamixel_sdk_wrapper.hpp
[19.518s] -- Installing: /home/rokey-jw/rokeypj_ws/install/turtlebot3_manipulation_hardware/include/turtlebot3_manipulation_hardware/opencr_definitions.hpp
[19.518s] -- Installing: /home/rokey-jw/rokeypj_ws/install/turtlebot3_manipulation_hardware/include/turtlebot3_manipulation_hardware/visibility_control.h
[19.519s] -- Installing: /home/rokey-jw/rokeypj_ws/install/turtlebot3_manipulation_hardware/include/turtlebot3_manipulation_hardware/turtlebot3_manipulation_system.hpp
[19.519s] -- Installing: /home/rokey-jw/rokeypj_ws/install/turtlebot3_manipulation_hardware/include/turtlebot3_manipulation_hardware/opencr.hpp
[19.520s] -- Installing: /home/rokey-jw/rokeypj_ws/install/turtlebot3_manipulation_hardware/include/turtlebot3_manipulation_hardware/opencr_control_table.hpp
[19.520s] -- Installing: /home/rokey-jw/rokeypj_ws/install/turtlebot3_manipulation_hardware/lib/libturtlebot3_manipulation_hardware.so
[19.522s] -- Set runtime path of "/home/rokey-jw/rokeypj_ws/install/turtlebot3_manipulation_hardware/lib/libturtlebot3_manipulation_hardware.so" to ""
[19.523s] -- Installing: /home/rokey-jw/rokeypj_ws/install/turtlebot3_manipulation_hardware/share/turtlebot3_manipulation_hardware/environment/library_path.sh
[19.523s] -- Installing: /home/rokey-jw/rokeypj_ws/install/turtlebot3_manipulation_hardware/share/turtlebot3_manipulation_hardware/environment/library_path.dsv
[19.525s] -- Installing: /home/rokey-jw/rokeypj_ws/install/turtlebot3_manipulation_hardware/share/ament_index/resource_index/package_run_dependencies/turtlebot3_manipulation_hardware
[19.525s] -- Installing: /home/rokey-jw/rokeypj_ws/install/turtlebot3_manipulation_hardware/share/ament_index/resource_index/parent_prefix_path/turtlebot3_manipulation_hardware
[19.526s] -- Installing: /home/rokey-jw/rokeypj_ws/install/turtlebot3_manipulation_hardware/share/turtlebot3_manipulation_hardware/environment/ament_prefix_path.sh
[19.526s] -- Installing: /home/rokey-jw/rokeypj_ws/install/turtlebot3_manipulation_hardware/share/turtlebot3_manipulation_hardware/environment/ament_prefix_path.dsv
[19.526s] -- Installing: /home/rokey-jw/rokeypj_ws/install/turtlebot3_manipulation_hardware/share/turtlebot3_manipulation_hardware/environment/path.sh
[19.527s] -- Installing: /home/rokey-jw/rokeypj_ws/install/turtlebot3_manipulation_hardware/share/turtlebot3_manipulation_hardware/environment/path.dsv
[19.527s] -- Installing: /home/rokey-jw/rokeypj_ws/install/turtlebot3_manipulation_hardware/share/turtlebot3_manipulation_hardware/local_setup.bash
[19.528s] -- Installing: /home/rokey-jw/rokeypj_ws/install/turtlebot3_manipulation_hardware/share/turtlebot3_manipulation_hardware/local_setup.sh
[19.528s] -- Installing: /home/rokey-jw/rokeypj_ws/install/turtlebot3_manipulation_hardware/share/turtlebot3_manipulation_hardware/local_setup.zsh
[19.528s] -- Installing: /home/rokey-jw/rokeypj_ws/install/turtlebot3_manipulation_hardware/share/turtlebot3_manipulation_hardware/local_setup.dsv
[19.529s] -- Installing: /home/rokey-jw/rokeypj_ws/install/turtlebot3_manipulation_hardware/share/turtlebot3_manipulation_hardware/package.dsv
[19.530s] -- Installing: /home/rokey-jw/rokeypj_ws/install/turtlebot3_manipulation_hardware/share/ament_index/resource_index/packages/turtlebot3_manipulation_hardware
[19.530s] -- Installing: /home/rokey-jw/rokeypj_ws/install/turtlebot3_manipulation_hardware/share/ament_index/resource_index/hardware_interface__pluginlib__plugin/turtlebot3_manipulation_hardware
[19.531s] -- Installing: /home/rokey-jw/rokeypj_ws/install/turtlebot3_manipulation_hardware/share/turtlebot3_manipulation_hardware/cmake/ament_cmake_export_include_directories-extras.cmake
[19.531s] -- Installing: /home/rokey-jw/rokeypj_ws/install/turtlebot3_manipulation_hardware/share/turtlebot3_manipulation_hardware/cmake/ament_cmake_export_libraries-extras.cmake
[19.532s] -- Installing: /home/rokey-jw/rokeypj_ws/install/turtlebot3_manipulation_hardware/share/turtlebot3_manipulation_hardware/cmake/ament_cmake_export_dependencies-extras.cmake
[19.533s] -- Installing: /home/rokey-jw/rokeypj_ws/install/turtlebot3_manipulation_hardware/share/turtlebot3_manipulation_hardware/cmake/turtlebot3_manipulation_hardwareConfig.cmake
[19.533s] -- Installing: /home/rokey-jw/rokeypj_ws/install/turtlebot3_manipulation_hardware/share/turtlebot3_manipulation_hardware/cmake/turtlebot3_manipulation_hardwareConfig-version.cmake
[19.533s] -- Installing: /home/rokey-jw/rokeypj_ws/install/turtlebot3_manipulation_hardware/share/turtlebot3_manipulation_hardware/package.xml
[19.542s] Invoked command in '/home/rokey-jw/rokeypj_ws/build/turtlebot3_manipulation_hardware' returned '0': CMAKE_PREFIX_PATH=${CMAKE_PREFIX_PATH}:/home/rokey-jw/turtlebot3_ws/install/turtlebot3_teleop:/home/rokey-jw/turtlebot3_ws/install/turtlebot3_example:/home/rokey-jw/turtlebot3_ws/install/turtlebot3_autorace_mission:/home/rokey-jw/turtlebot3_ws/install/turtlebot3_autorace_detect:/home/rokey-jw/turtlebot3_ws/install/turtlebot3_autorace_camera:/home/rokey-jw/rokeypj_ws/install/sample_pkg:/home/rokey-jw/rokeypj_ws/install/fsd_pkg:/home/rokey-jw/rokeypj_ws/install/aruco_yolo:/opt/ros/humble /usr/bin/cmake --install /home/rokey-jw/rokeypj_ws/build/turtlebot3_manipulation_hardware
