/home/rokey-jw/rokeypj_ws/install/sample_pkg/lib/python3.10/site-packages/sample_pkg/camera_calibration_captures.py
/home/rokey-jw/rokeypj_ws/install/sample_pkg/lib/python3.10/site-packages/sample_pkg/yolo_detector.py
/home/rokey-jw/rokeypj_ws/install/sample_pkg/lib/python3.10/site-packages/sample_pkg/camera_test_calibrationed.py
/home/rokey-jw/rokeypj_ws/install/sample_pkg/lib/python3.10/site-packages/sample_pkg/camera_calibration_saveto_pkl.py
/home/rokey-jw/rokeypj_ws/install/sample_pkg/lib/python3.10/site-packages/sample_pkg/task_1.py
/home/rokey-jw/rokeypj_ws/install/sample_pkg/lib/python3.10/site-packages/sample_pkg/camera_calibration.py
/home/rokey-jw/rokeypj_ws/install/sample_pkg/lib/python3.10/site-packages/sample_pkg/srv_call_test.py
/home/rokey-jw/rokeypj_ws/install/sample_pkg/lib/python3.10/site-packages/sample_pkg/aruco_detect.py
/home/rokey-jw/rokeypj_ws/install/sample_pkg/lib/python3.10/site-packages/sample_pkg/task_menu_02.py
/home/rokey-jw/rokeypj_ws/install/sample_pkg/lib/python3.10/site-packages/sample_pkg/task_8.py
/home/rokey-jw/rokeypj_ws/install/sample_pkg/lib/python3.10/site-packages/sample_pkg/aruco_distance.py
/home/rokey-jw/rokeypj_ws/install/sample_pkg/lib/python3.10/site-packages/sample_pkg/task_5.py
/home/rokey-jw/rokeypj_ws/install/sample_pkg/lib/python3.10/site-packages/sample_pkg/All_task_7.py
/home/rokey-jw/rokeypj_ws/install/sample_pkg/lib/python3.10/site-packages/sample_pkg/gui_example.py
/home/rokey-jw/rokeypj_ws/install/sample_pkg/lib/python3.10/site-packages/sample_pkg/task_menu.py
/home/rokey-jw/rokeypj_ws/install/sample_pkg/lib/python3.10/site-packages/sample_pkg/task_9.py
/home/rokey-jw/rokeypj_ws/install/sample_pkg/lib/python3.10/site-packages/sample_pkg/aruco_move_w_camera_home.py
/home/rokey-jw/rokeypj_ws/install/sample_pkg/lib/python3.10/site-packages/sample_pkg/task_4.py
/home/rokey-jw/rokeypj_ws/install/sample_pkg/lib/python3.10/site-packages/sample_pkg/simple_manager_node.py
/home/rokey-jw/rokeypj_ws/install/sample_pkg/lib/python3.10/site-packages/sample_pkg/cmd_vel_purple.py
/home/rokey-jw/rokeypj_ws/install/sample_pkg/lib/python3.10/site-packages/sample_pkg/task_3.py
/home/rokey-jw/rokeypj_ws/install/sample_pkg/lib/python3.10/site-packages/sample_pkg/turtlebot3_manipulation_xyz_limit.py
/home/rokey-jw/rokeypj_ws/install/sample_pkg/lib/python3.10/site-packages/sample_pkg/task_menu_01.py
/home/rokey-jw/rokeypj_ws/install/sample_pkg/lib/python3.10/site-packages/sample_pkg/task_6.py
/home/rokey-jw/rokeypj_ws/install/sample_pkg/lib/python3.10/site-packages/sample_pkg/__init__.py
/home/rokey-jw/rokeypj_ws/install/sample_pkg/lib/python3.10/site-packages/sample_pkg/aruco_run.py
/home/rokey-jw/rokeypj_ws/install/sample_pkg/lib/python3.10/site-packages/sample_pkg/camera_test.py
/home/rokey-jw/rokeypj_ws/install/sample_pkg/lib/python3.10/site-packages/sample_pkg/task_7.py
/home/rokey-jw/rokeypj_ws/install/sample_pkg/lib/python3.10/site-packages/sample_pkg/task_2.py
/home/rokey-jw/rokeypj_ws/install/sample_pkg/lib/python3.10/site-packages/sample_pkg/aruco_generate.py
/home/rokey-jw/rokeypj_ws/install/sample_pkg/lib/python3.10/site-packages/sample_pkg/Re_task_7_red_blue.py
/home/rokey-jw/rokeypj_ws/install/sample_pkg/lib/python3.10/site-packages/sample_pkg/__pycache__/camera_calibration_captures.cpython-310.pyc
/home/rokey-jw/rokeypj_ws/install/sample_pkg/lib/python3.10/site-packages/sample_pkg/__pycache__/yolo_detector.cpython-310.pyc
/home/rokey-jw/rokeypj_ws/install/sample_pkg/lib/python3.10/site-packages/sample_pkg/__pycache__/camera_test_calibrationed.cpython-310.pyc
/home/rokey-jw/rokeypj_ws/install/sample_pkg/lib/python3.10/site-packages/sample_pkg/__pycache__/camera_calibration_saveto_pkl.cpython-310.pyc
/home/rokey-jw/rokeypj_ws/install/sample_pkg/lib/python3.10/site-packages/sample_pkg/__pycache__/task_1.cpython-310.pyc
/home/rokey-jw/rokeypj_ws/install/sample_pkg/lib/python3.10/site-packages/sample_pkg/__pycache__/camera_calibration.cpython-310.pyc
/home/rokey-jw/rokeypj_ws/install/sample_pkg/lib/python3.10/site-packages/sample_pkg/__pycache__/srv_call_test.cpython-310.pyc
/home/rokey-jw/rokeypj_ws/install/sample_pkg/lib/python3.10/site-packages/sample_pkg/__pycache__/aruco_detect.cpython-310.pyc
/home/rokey-jw/rokeypj_ws/install/sample_pkg/lib/python3.10/site-packages/sample_pkg/__pycache__/task_menu_02.cpython-310.pyc
/home/rokey-jw/rokeypj_ws/install/sample_pkg/lib/python3.10/site-packages/sample_pkg/__pycache__/task_8.cpython-310.pyc
/home/rokey-jw/rokeypj_ws/install/sample_pkg/lib/python3.10/site-packages/sample_pkg/__pycache__/aruco_distance.cpython-310.pyc
/home/rokey-jw/rokeypj_ws/install/sample_pkg/lib/python3.10/site-packages/sample_pkg/__pycache__/task_5.cpython-310.pyc
/home/rokey-jw/rokeypj_ws/install/sample_pkg/lib/python3.10/site-packages/sample_pkg/__pycache__/All_task_7.cpython-310.pyc
/home/rokey-jw/rokeypj_ws/install/sample_pkg/lib/python3.10/site-packages/sample_pkg/__pycache__/gui_example.cpython-310.pyc
/home/rokey-jw/rokeypj_ws/install/sample_pkg/lib/python3.10/site-packages/sample_pkg/__pycache__/task_menu.cpython-310.pyc
/home/rokey-jw/rokeypj_ws/install/sample_pkg/lib/python3.10/site-packages/sample_pkg/__pycache__/task_9.cpython-310.pyc
/home/rokey-jw/rokeypj_ws/install/sample_pkg/lib/python3.10/site-packages/sample_pkg/__pycache__/aruco_move_w_camera_home.cpython-310.pyc
/home/rokey-jw/rokeypj_ws/install/sample_pkg/lib/python3.10/site-packages/sample_pkg/__pycache__/task_4.cpython-310.pyc
/home/rokey-jw/rokeypj_ws/install/sample_pkg/lib/python3.10/site-packages/sample_pkg/__pycache__/simple_manager_node.cpython-310.pyc
/home/rokey-jw/rokeypj_ws/install/sample_pkg/lib/python3.10/site-packages/sample_pkg/__pycache__/cmd_vel_purple.cpython-310.pyc
/home/rokey-jw/rokeypj_ws/install/sample_pkg/lib/python3.10/site-packages/sample_pkg/__pycache__/task_3.cpython-310.pyc
/home/rokey-jw/rokeypj_ws/install/sample_pkg/lib/python3.10/site-packages/sample_pkg/__pycache__/turtlebot3_manipulation_xyz_limit.cpython-310.pyc
/home/rokey-jw/rokeypj_ws/install/sample_pkg/lib/python3.10/site-packages/sample_pkg/__pycache__/task_menu_01.cpython-310.pyc
/home/rokey-jw/rokeypj_ws/install/sample_pkg/lib/python3.10/site-packages/sample_pkg/__pycache__/task_6.cpython-310.pyc
/home/rokey-jw/rokeypj_ws/install/sample_pkg/lib/python3.10/site-packages/sample_pkg/__pycache__/__init__.cpython-310.pyc
/home/rokey-jw/rokeypj_ws/install/sample_pkg/lib/python3.10/site-packages/sample_pkg/__pycache__/aruco_run.cpython-310.pyc
/home/rokey-jw/rokeypj_ws/install/sample_pkg/lib/python3.10/site-packages/sample_pkg/__pycache__/camera_test.cpython-310.pyc
/home/rokey-jw/rokeypj_ws/install/sample_pkg/lib/python3.10/site-packages/sample_pkg/__pycache__/task_7.cpython-310.pyc
/home/rokey-jw/rokeypj_ws/install/sample_pkg/lib/python3.10/site-packages/sample_pkg/__pycache__/task_2.cpython-310.pyc
/home/rokey-jw/rokeypj_ws/install/sample_pkg/lib/python3.10/site-packages/sample_pkg/__pycache__/aruco_generate.cpython-310.pyc
/home/rokey-jw/rokeypj_ws/install/sample_pkg/lib/python3.10/site-packages/sample_pkg/__pycache__/Re_task_7_red_blue.cpython-310.pyc
/home/rokey-jw/rokeypj_ws/install/sample_pkg/share/ament_index/resource_index/packages/sample_pkg
/home/rokey-jw/rokeypj_ws/install/sample_pkg/share/sample_pkg/package.xml
/home/rokey-jw/rokeypj_ws/install/sample_pkg/lib/python3.10/site-packages/sample_pkg-0.0.0-py3.10.egg-info/requires.txt
/home/rokey-jw/rokeypj_ws/install/sample_pkg/lib/python3.10/site-packages/sample_pkg-0.0.0-py3.10.egg-info/SOURCES.txt
/home/rokey-jw/rokeypj_ws/install/sample_pkg/lib/python3.10/site-packages/sample_pkg-0.0.0-py3.10.egg-info/zip-safe
/home/rokey-jw/rokeypj_ws/install/sample_pkg/lib/python3.10/site-packages/sample_pkg-0.0.0-py3.10.egg-info/entry_points.txt
/home/rokey-jw/rokeypj_ws/install/sample_pkg/lib/python3.10/site-packages/sample_pkg-0.0.0-py3.10.egg-info/dependency_links.txt
/home/rokey-jw/rokeypj_ws/install/sample_pkg/lib/python3.10/site-packages/sample_pkg-0.0.0-py3.10.egg-info/PKG-INFO
/home/rokey-jw/rokeypj_ws/install/sample_pkg/lib/python3.10/site-packages/sample_pkg-0.0.0-py3.10.egg-info/top_level.txt
