[1.486s] Invoking command in '/home/rokey-jw/rokeypj_ws/build/ld08_driver': CMAKE_PREFIX_PATH=${CMAKE_PREFIX_PATH}:/home/rokey-jw/turtlebot3_ws/install/turtlebot3_teleop:/home/rokey-jw/turtlebot3_ws/install/turtlebot3_example:/home/rokey-jw/turtlebot3_ws/install/turtlebot3_autorace_mission:/home/rokey-jw/turtlebot3_ws/install/turtlebot3_autorace_detect:/home/rokey-jw/turtlebot3_ws/install/turtlebot3_autorace_camera:/home/rokey-jw/rokeypj_ws/install/sample_pkg:/home/rokey-jw/rokeypj_ws/install/fsd_pkg:/home/rokey-jw/rokeypj_ws/install/aruco_yolo:/opt/ros/humble /usr/bin/cmake /home/rokey-jw/rokeypj_ws/src/ld08_driver -DCMAKE_INSTALL_PREFIX=/home/rokey-jw/rokeypj_ws/install/ld08_driver
[1.601s] -- The C compiler identification is GNU 11.4.0
[1.711s] -- The CXX compiler identification is GNU 11.4.0
[1.723s] -- Detecting C compiler ABI info
[1.909s] -- Detecting C compiler ABI info - done
[1.916s] -- Check for working C compiler: /usr/bin/cc - skipped
[1.917s] -- Detecting C compile features
[1.918s] -- Detecting C compile features - done
[1.925s] -- Detecting CXX compiler ABI info
[2.113s] -- Detecting CXX compiler ABI info - done
[2.122s] -- Check for working CXX compiler: /usr/bin/c++ - skipped
[2.123s] -- Detecting CXX compile features
[2.124s] -- Detecting CXX compile features - done
[2.135s] -- Found ament_cmake: 1.3.11 (/opt/ros/humble/share/ament_cmake/cmake)
[2.561s] -- Found Python3: /usr/bin/python3 (found version "3.10.12") found components: Interpreter 
[2.858s] -- Found rclcpp: 16.0.12 (/opt/ros/humble/share/rclcpp/cmake)
[2.992s] -- Found rosidl_generator_c: 3.1.6 (/opt/ros/humble/share/rosidl_generator_c/cmake)
[3.010s] -- Found rosidl_adapter: 3.1.6 (/opt/ros/humble/share/rosidl_adapter/cmake)
[3.038s] -- Found rosidl_generator_cpp: 3.1.6 (/opt/ros/humble/share/rosidl_generator_cpp/cmake)
[3.085s] -- Using all available rosidl_typesupport_c: rosidl_typesupport_fastrtps_c;rosidl_typesupport_introspection_c
[3.138s] -- Using all available rosidl_typesupport_cpp: rosidl_typesupport_fastrtps_cpp;rosidl_typesupport_introspection_cpp
[3.278s] -- Found rmw_implementation_cmake: 6.1.2 (/opt/ros/humble/share/rmw_implementation_cmake/cmake)
[3.291s] -- Found rmw_cyclonedds_cpp: 1.3.4 (/opt/ros/humble/share/rmw_cyclonedds_cpp/cmake)
[3.377s] -- Using RMW implementation 'rmw_cyclonedds_cpp' as default
[3.408s] -- Looking for pthread.h
[3.616s] -- Looking for pthread.h - found
[3.616s] -- Performing Test CMAKE_HAVE_LIBC_PTHREAD
[3.771s] -- Performing Test CMAKE_HAVE_LIBC_PTHREAD - Success
[3.773s] -- Found Threads: TRUE  
[3.900s] -- Found sensor_msgs: 4.8.0 (/opt/ros/humble/share/sensor_msgs/cmake)
[4.025s] -- Found Boost: /usr/lib/aarch64-linux-gnu/cmake/Boost-1.74.0/BoostConfig.cmake (found version "1.74.0") found components: system 
[4.035s] -- Found ament_lint_auto: 0.12.12 (/opt/ros/humble/share/ament_lint_auto/cmake)
[4.239s] -- Configuring done
[4.298s] -- Generating done
[4.310s] -- Build files have been written to: /home/rokey-jw/rokeypj_ws/build/ld08_driver
[4.366s] Invoked command in '/home/rokey-jw/rokeypj_ws/build/ld08_driver' returned '0': CMAKE_PREFIX_PATH=${CMAKE_PREFIX_PATH}:/home/rokey-jw/turtlebot3_ws/install/turtlebot3_teleop:/home/rokey-jw/turtlebot3_ws/install/turtlebot3_example:/home/rokey-jw/turtlebot3_ws/install/turtlebot3_autorace_mission:/home/rokey-jw/turtlebot3_ws/install/turtlebot3_autorace_detect:/home/rokey-jw/turtlebot3_ws/install/turtlebot3_autorace_camera:/home/rokey-jw/rokeypj_ws/install/sample_pkg:/home/rokey-jw/rokeypj_ws/install/fsd_pkg:/home/rokey-jw/rokeypj_ws/install/aruco_yolo:/opt/ros/humble /usr/bin/cmake /home/rokey-jw/rokeypj_ws/src/ld08_driver -DCMAKE_INSTALL_PREFIX=/home/rokey-jw/rokeypj_ws/install/ld08_driver
[4.367s] Invoking command in '/home/rokey-jw/rokeypj_ws/build/ld08_driver': CMAKE_PREFIX_PATH=${CMAKE_PREFIX_PATH}:/home/rokey-jw/turtlebot3_ws/install/turtlebot3_teleop:/home/rokey-jw/turtlebot3_ws/install/turtlebot3_example:/home/rokey-jw/turtlebot3_ws/install/turtlebot3_autorace_mission:/home/rokey-jw/turtlebot3_ws/install/turtlebot3_autorace_detect:/home/rokey-jw/turtlebot3_ws/install/turtlebot3_autorace_camera:/home/rokey-jw/rokeypj_ws/install/sample_pkg:/home/rokey-jw/rokeypj_ws/install/fsd_pkg:/home/rokey-jw/rokeypj_ws/install/aruco_yolo:/opt/ros/humble /usr/bin/cmake --build /home/rokey-jw/rokeypj_ws/build/ld08_driver -- -j6 -l6
[4.539s] [ 16%] [32mBuilding CXX object CMakeFiles/ld08_driver.dir/src/cmd_interface_linux.cpp.o[0m
[4.556s] [ 33%] [32mBuilding CXX object CMakeFiles/ld08_driver.dir/src/transform.cpp.o[0m
[4.568s] [ 66%] [32mBuilding CXX object CMakeFiles/ld08_driver.dir/src/main.cpp.o[0m
[4.575s] [ 83%] [32mBuilding CXX object CMakeFiles/ld08_driver.dir/src/slbf.cpp.o[0m
[4.581s] [ 50%] [32mBuilding CXX object CMakeFiles/ld08_driver.dir/src/lipkg.cpp.o[0m
[21.548s] [100%] [32m[1mLinking CXX executable ld08_driver[0m
[22.010s] [100%] Built target ld08_driver
[22.035s] Invoked command in '/home/rokey-jw/rokeypj_ws/build/ld08_driver' returned '0': CMAKE_PREFIX_PATH=${CMAKE_PREFIX_PATH}:/home/rokey-jw/turtlebot3_ws/install/turtlebot3_teleop:/home/rokey-jw/turtlebot3_ws/install/turtlebot3_example:/home/rokey-jw/turtlebot3_ws/install/turtlebot3_autorace_mission:/home/rokey-jw/turtlebot3_ws/install/turtlebot3_autorace_detect:/home/rokey-jw/turtlebot3_ws/install/turtlebot3_autorace_camera:/home/rokey-jw/rokeypj_ws/install/sample_pkg:/home/rokey-jw/rokeypj_ws/install/fsd_pkg:/home/rokey-jw/rokeypj_ws/install/aruco_yolo:/opt/ros/humble /usr/bin/cmake --build /home/rokey-jw/rokeypj_ws/build/ld08_driver -- -j6 -l6
[22.040s] Invoking command in '/home/rokey-jw/rokeypj_ws/build/ld08_driver': CMAKE_PREFIX_PATH=${CMAKE_PREFIX_PATH}:/home/rokey-jw/turtlebot3_ws/install/turtlebot3_teleop:/home/rokey-jw/turtlebot3_ws/install/turtlebot3_example:/home/rokey-jw/turtlebot3_ws/install/turtlebot3_autorace_mission:/home/rokey-jw/turtlebot3_ws/install/turtlebot3_autorace_detect:/home/rokey-jw/turtlebot3_ws/install/turtlebot3_autorace_camera:/home/rokey-jw/rokeypj_ws/install/sample_pkg:/home/rokey-jw/rokeypj_ws/install/fsd_pkg:/home/rokey-jw/rokeypj_ws/install/aruco_yolo:/opt/ros/humble /usr/bin/cmake --install /home/rokey-jw/rokeypj_ws/build/ld08_driver
[22.055s] -- Install configuration: ""
[22.055s] -- Installing: /home/rokey-jw/rokeypj_ws/install/ld08_driver/share/ld08_driver/launch
[22.056s] -- Installing: /home/rokey-jw/rokeypj_ws/install/ld08_driver/share/ld08_driver/launch/ld08.launch.py
[22.056s] -- Installing: /home/rokey-jw/rokeypj_ws/install/ld08_driver/lib/ld08_driver/ld08_driver
[22.059s] -- Set runtime path of "/home/rokey-jw/rokeypj_ws/install/ld08_driver/lib/ld08_driver/ld08_driver" to ""
[22.060s] -- Installing: /home/rokey-jw/rokeypj_ws/install/ld08_driver/share/ament_index/resource_index/package_run_dependencies/ld08_driver
[22.061s] -- Installing: /home/rokey-jw/rokeypj_ws/install/ld08_driver/share/ament_index/resource_index/parent_prefix_path/ld08_driver
[22.062s] -- Installing: /home/rokey-jw/rokeypj_ws/install/ld08_driver/share/ld08_driver/environment/ament_prefix_path.sh
[22.062s] -- Installing: /home/rokey-jw/rokeypj_ws/install/ld08_driver/share/ld08_driver/environment/ament_prefix_path.dsv
[22.062s] -- Installing: /home/rokey-jw/rokeypj_ws/install/ld08_driver/share/ld08_driver/environment/path.sh
[22.063s] -- Installing: /home/rokey-jw/rokeypj_ws/install/ld08_driver/share/ld08_driver/environment/path.dsv
[22.063s] -- Installing: /home/rokey-jw/rokeypj_ws/install/ld08_driver/share/ld08_driver/local_setup.bash
[22.063s] -- Installing: /home/rokey-jw/rokeypj_ws/install/ld08_driver/share/ld08_driver/local_setup.sh
[22.064s] -- Installing: /home/rokey-jw/rokeypj_ws/install/ld08_driver/share/ld08_driver/local_setup.zsh
[22.065s] -- Installing: /home/rokey-jw/rokeypj_ws/install/ld08_driver/share/ld08_driver/local_setup.dsv
[22.065s] -- Installing: /home/rokey-jw/rokeypj_ws/install/ld08_driver/share/ld08_driver/package.dsv
[22.066s] -- Installing: /home/rokey-jw/rokeypj_ws/install/ld08_driver/share/ament_index/resource_index/packages/ld08_driver
[22.066s] -- Installing: /home/rokey-jw/rokeypj_ws/install/ld08_driver/share/ld08_driver/cmake/ament_cmake_export_dependencies-extras.cmake
[22.067s] -- Installing: /home/rokey-jw/rokeypj_ws/install/ld08_driver/share/ld08_driver/cmake/ament_cmake_export_include_directories-extras.cmake
[22.067s] -- Installing: /home/rokey-jw/rokeypj_ws/install/ld08_driver/share/ld08_driver/cmake/ld08_driverConfig.cmake
[22.068s] -- Installing: /home/rokey-jw/rokeypj_ws/install/ld08_driver/share/ld08_driver/cmake/ld08_driverConfig-version.cmake
[22.068s] -- Installing: /home/rokey-jw/rokeypj_ws/install/ld08_driver/share/ld08_driver/package.xml
[22.074s] Invoked command in '/home/rokey-jw/rokeypj_ws/build/ld08_driver' returned '0': CMAKE_PREFIX_PATH=${CMAKE_PREFIX_PATH}:/home/rokey-jw/turtlebot3_ws/install/turtlebot3_teleop:/home/rokey-jw/turtlebot3_ws/install/turtlebot3_example:/home/rokey-jw/turtlebot3_ws/install/turtlebot3_autorace_mission:/home/rokey-jw/turtlebot3_ws/install/turtlebot3_autorace_detect:/home/rokey-jw/turtlebot3_ws/install/turtlebot3_autorace_camera:/home/rokey-jw/rokeypj_ws/install/sample_pkg:/home/rokey-jw/rokeypj_ws/install/fsd_pkg:/home/rokey-jw/rokeypj_ws/install/aruco_yolo:/opt/ros/humble /usr/bin/cmake --install /home/rokey-jw/rokeypj_ws/build/ld08_driver
