[0.135s] Invoking command in '/home/rokey-jw/rokeypj_ws/build/turtlebot_moveit': CMAKE_PREFIX_PATH=/home/rokey-jw/rokeypj_ws/install/turtlebot_cosmo_interface:/home/rokey-jw/turtlebot3_ws/install/turtlebot3:/home/rokey-jw/turtlebot3_ws/install/turtlebot3_bringup:/home/rokey-jw/turtlebot3_ws/install/turtlebot3_node:/home/rokey-jw/turtlebot3_ws/install/turtlebot3_manipulation:/home/rokey-jw/turtlebot3_ws/install/turtlebot3_manipulation_teleop:/home/rokey-jw/turtlebot3_ws/install/turtlebot3_manipulation_navigation2:/home/rokey-jw/turtlebot3_ws/install/turtlebot3_manipulation_moveit_config:/home/rokey-jw/turtlebot3_ws/install/turtlebot3_manipulation_hardware:/home/rokey-jw/turtlebot3_ws/install/turtlebot3_manipulation_bringup:/home/rokey-jw/turtlebot3_ws/install/turtlebot3_manipulation_description:/home/rokey-jw/turtlebot3_ws/install/turtlebot3_manipulation_cartographer:/home/rokey-jw/turtlebot3_ws/install/turtlebot3_description:/home/rokey-jw/turtlebot3_ws/install/turtlebot3_autorace:/home/rokey-jw/turtlebot3_ws/install/ld08_driver:/home/rokey-jw/rokeypj_ws/install/turtlebot_moveit:/home/rokey-jw/rokeypj_ws/install/turtlebot3_manipulation:/home/rokey-jw/rokeypj_ws/install/turtlebot3_manipulation_teleop:/home/rokey-jw/rokeypj_ws/install/turtlebot3_manipulation_moveit_config:/home/rokey-jw/rokeypj_ws/install/turtlebot3_manipulation_hardware:/home/rokey-jw/rokeypj_ws/install/turtlebot3_manipulation_bringup:/home/rokey-jw/rokeypj_ws/install/turtlebot3_manipulation_description:/home/rokey-jw/rokeypj_ws/install/manipulator_moveit:/home/rokey-jw/rokeypj_ws/install/ld08_driver:/home/rokey-jw/turtlebot3_ws/install/turtlebot3_teleop:/home/rokey-jw/turtlebot3_ws/install/turtlebot3_example:/home/rokey-jw/turtlebot3_ws/install/turtlebot3_autorace_mission:/home/rokey-jw/turtlebot3_ws/install/turtlebot3_autorace_detect:/home/rokey-jw/turtlebot3_ws/install/turtlebot3_autorace_camera:/home/rokey-jw/rokeypj_ws/install/sample_pkg:/home/rokey-jw/rokeypj_ws/install/fsd_pkg:/home/rokey-jw/rokeypj_ws/install/aruco_yolo:/opt/ros/humble LD_LIBRARY_PATH=/home/rokey-jw/rokeypj_ws/install/turtlebot_cosmo_interface/lib:/home/rokey-jw/turtlebot3_ws/install/turtlebot3_manipulation_hardware/lib:/home/rokey-jw/rokeypj_ws/install/turtlebot3_manipulation_hardware/lib:/opt/ros/humble/opt/rviz_ogre_vendor/lib:/opt/ros/humble/lib/aarch64-linux-gnu:/opt/ros/humble/lib /usr/bin/cmake /home/rokey-jw/rokeypj_ws/src/turtlebot_moveit/turtlebot_moveit -DCMAKE_INSTALL_PREFIX=/home/rokey-jw/rokeypj_ws/install/turtlebot_moveit
[0.382s] -- The C compiler identification is GNU 11.4.0
[0.516s] -- The CXX compiler identification is GNU 11.4.0
[0.535s] -- Detecting C compiler ABI info
[0.698s] -- Detecting C compiler ABI info - done
[0.712s] -- Check for working C compiler: /usr/bin/cc - skipped
[0.712s] -- Detecting C compile features
[0.713s] -- Detecting C compile features - done
[0.721s] -- Detecting CXX compiler ABI info
[0.892s] -- Detecting CXX compiler ABI info - done
[0.906s] -- Check for working CXX compiler: /usr/bin/c++ - skipped
[0.906s] -- Detecting CXX compile features
[0.907s] -- Detecting CXX compile features - done
[0.923s] -- Found ament_cmake: 1.3.11 (/opt/ros/humble/share/ament_cmake/cmake)
[1.328s] -- Found Python3: /usr/bin/python3 (found version "3.10.12") found components: Interpreter 
[1.634s] -- Found moveit_ros_planning_interface: 2.5.9 (/opt/ros/humble/share/moveit_ros_planning_interface/cmake)
[2.055s] -- Found Boost: /usr/lib/aarch64-linux-gnu/cmake/Boost-1.74.0/BoostConfig.cmake (found version "1.74.0") found components: date_time filesystem program_options system thread 
[2.213s] -- Found rosidl_generator_c: 3.1.6 (/opt/ros/humble/share/rosidl_generator_c/cmake)
[2.233s] -- Found rosidl_adapter: 3.1.6 (/opt/ros/humble/share/rosidl_adapter/cmake)
[2.259s] -- Found rosidl_generator_cpp: 3.1.6 (/opt/ros/humble/share/rosidl_generator_cpp/cmake)
[2.298s] -- Using all available rosidl_typesupport_c: rosidl_typesupport_fastrtps_c;rosidl_typesupport_introspection_c
[2.348s] -- Using all available rosidl_typesupport_cpp: rosidl_typesupport_fastrtps_cpp;rosidl_typesupport_introspection_cpp
[2.858s] -- Found Boost: /usr/lib/aarch64-linux-gnu/cmake/Boost-1.74.0/BoostConfig.cmake (found version "1.74.0") found components: chrono date_time filesystem iostreams program_options regex serialization system thread 
[3.035s] -- Found parameter_traits: 0.4.0 (/opt/ros/humble/share/parameter_traits/cmake)
[3.178s] -- Found rmw_implementation_cmake: 6.1.2 (/opt/ros/humble/share/rmw_implementation_cmake/cmake)
[3.192s] -- Found rmw_cyclonedds_cpp: 1.3.4 (/opt/ros/humble/share/rmw_cyclonedds_cpp/cmake)
[3.268s] -- Using RMW implementation 'rmw_cyclonedds_cpp' as default
[3.306s] -- Found Threads: TRUE  
[3.435s] -- Found Eigen3: TRUE (found version "3.4.0") 
[3.445s] -- Found rclcpp_lifecycle: 16.0.12 (/opt/ros/humble/share/rclcpp_lifecycle/cmake)
[3.518s] -- Found Boost: /usr/lib/aarch64-linux-gnu/cmake/Boost-1.74.0/BoostConfig.cmake (found version "1.74.0") found components: filesystem 
[3.757s] -- library: /usr/lib/aarch64-linux-gnu/libcurl.so
[3.865s] -- Ensuring Eigen3 include directory is part of orocos-kdl CMake target
[4.292s] -- Found Boost: /usr/lib/aarch64-linux-gnu/cmake/Boost-1.74.0/BoostConfig.cmake (found version "1.74.0") found components: system filesystem date_time program_options thread chrono 
[4.368s] -- Found Boost: /usr/lib/aarch64-linux-gnu/cmake/Boost-1.74.0/BoostConfig.cmake (found version "1.74.0") found components: thread system filesystem regex date_time program_options 
[4.548s] -- Found Boost: /usr/lib/aarch64-linux-gnu/cmake/Boost-1.74.0/BoostConfig.cmake (found version "1.74.0") found components: system filesystem date_time program_options thread 
[4.619s] -- Found turtlebot_cosmo_interface: 0.0.0 (/home/rokey-jw/rokeypj_ws/install/turtlebot_cosmo_interface/share/turtlebot_cosmo_interface/cmake)
[5.054s] -- Configuring done
[5.201s] -- Generating done
[5.233s] -- Build files have been written to: /home/rokey-jw/rokeypj_ws/build/turtlebot_moveit
[5.274s] Invoked command in '/home/rokey-jw/rokeypj_ws/build/turtlebot_moveit' returned '0': CMAKE_PREFIX_PATH=/home/rokey-jw/rokeypj_ws/install/turtlebot_cosmo_interface:/home/rokey-jw/turtlebot3_ws/install/turtlebot3:/home/rokey-jw/turtlebot3_ws/install/turtlebot3_bringup:/home/rokey-jw/turtlebot3_ws/install/turtlebot3_node:/home/rokey-jw/turtlebot3_ws/install/turtlebot3_manipulation:/home/rokey-jw/turtlebot3_ws/install/turtlebot3_manipulation_teleop:/home/rokey-jw/turtlebot3_ws/install/turtlebot3_manipulation_navigation2:/home/rokey-jw/turtlebot3_ws/install/turtlebot3_manipulation_moveit_config:/home/rokey-jw/turtlebot3_ws/install/turtlebot3_manipulation_hardware:/home/rokey-jw/turtlebot3_ws/install/turtlebot3_manipulation_bringup:/home/rokey-jw/turtlebot3_ws/install/turtlebot3_manipulation_description:/home/rokey-jw/turtlebot3_ws/install/turtlebot3_manipulation_cartographer:/home/rokey-jw/turtlebot3_ws/install/turtlebot3_description:/home/rokey-jw/turtlebot3_ws/install/turtlebot3_autorace:/home/rokey-jw/turtlebot3_ws/install/ld08_driver:/home/rokey-jw/rokeypj_ws/install/turtlebot_moveit:/home/rokey-jw/rokeypj_ws/install/turtlebot3_manipulation:/home/rokey-jw/rokeypj_ws/install/turtlebot3_manipulation_teleop:/home/rokey-jw/rokeypj_ws/install/turtlebot3_manipulation_moveit_config:/home/rokey-jw/rokeypj_ws/install/turtlebot3_manipulation_hardware:/home/rokey-jw/rokeypj_ws/install/turtlebot3_manipulation_bringup:/home/rokey-jw/rokeypj_ws/install/turtlebot3_manipulation_description:/home/rokey-jw/rokeypj_ws/install/manipulator_moveit:/home/rokey-jw/rokeypj_ws/install/ld08_driver:/home/rokey-jw/turtlebot3_ws/install/turtlebot3_teleop:/home/rokey-jw/turtlebot3_ws/install/turtlebot3_example:/home/rokey-jw/turtlebot3_ws/install/turtlebot3_autorace_mission:/home/rokey-jw/turtlebot3_ws/install/turtlebot3_autorace_detect:/home/rokey-jw/turtlebot3_ws/install/turtlebot3_autorace_camera:/home/rokey-jw/rokeypj_ws/install/sample_pkg:/home/rokey-jw/rokeypj_ws/install/fsd_pkg:/home/rokey-jw/rokeypj_ws/install/aruco_yolo:/opt/ros/humble LD_LIBRARY_PATH=/home/rokey-jw/rokeypj_ws/install/turtlebot_cosmo_interface/lib:/home/rokey-jw/turtlebot3_ws/install/turtlebot3_manipulation_hardware/lib:/home/rokey-jw/rokeypj_ws/install/turtlebot3_manipulation_hardware/lib:/opt/ros/humble/opt/rviz_ogre_vendor/lib:/opt/ros/humble/lib/aarch64-linux-gnu:/opt/ros/humble/lib /usr/bin/cmake /home/rokey-jw/rokeypj_ws/src/turtlebot_moveit/turtlebot_moveit -DCMAKE_INSTALL_PREFIX=/home/rokey-jw/rokeypj_ws/install/turtlebot_moveit
[5.278s] Invoking command in '/home/rokey-jw/rokeypj_ws/build/turtlebot_moveit': CMAKE_PREFIX_PATH=/home/rokey-jw/rokeypj_ws/install/turtlebot_cosmo_interface:/home/rokey-jw/turtlebot3_ws/install/turtlebot3:/home/rokey-jw/turtlebot3_ws/install/turtlebot3_bringup:/home/rokey-jw/turtlebot3_ws/install/turtlebot3_node:/home/rokey-jw/turtlebot3_ws/install/turtlebot3_manipulation:/home/rokey-jw/turtlebot3_ws/install/turtlebot3_manipulation_teleop:/home/rokey-jw/turtlebot3_ws/install/turtlebot3_manipulation_navigation2:/home/rokey-jw/turtlebot3_ws/install/turtlebot3_manipulation_moveit_config:/home/rokey-jw/turtlebot3_ws/install/turtlebot3_manipulation_hardware:/home/rokey-jw/turtlebot3_ws/install/turtlebot3_manipulation_bringup:/home/rokey-jw/turtlebot3_ws/install/turtlebot3_manipulation_description:/home/rokey-jw/turtlebot3_ws/install/turtlebot3_manipulation_cartographer:/home/rokey-jw/turtlebot3_ws/install/turtlebot3_description:/home/rokey-jw/turtlebot3_ws/install/turtlebot3_autorace:/home/rokey-jw/turtlebot3_ws/install/ld08_driver:/home/rokey-jw/rokeypj_ws/install/turtlebot_moveit:/home/rokey-jw/rokeypj_ws/install/turtlebot3_manipulation:/home/rokey-jw/rokeypj_ws/install/turtlebot3_manipulation_teleop:/home/rokey-jw/rokeypj_ws/install/turtlebot3_manipulation_moveit_config:/home/rokey-jw/rokeypj_ws/install/turtlebot3_manipulation_hardware:/home/rokey-jw/rokeypj_ws/install/turtlebot3_manipulation_bringup:/home/rokey-jw/rokeypj_ws/install/turtlebot3_manipulation_description:/home/rokey-jw/rokeypj_ws/install/manipulator_moveit:/home/rokey-jw/rokeypj_ws/install/ld08_driver:/home/rokey-jw/turtlebot3_ws/install/turtlebot3_teleop:/home/rokey-jw/turtlebot3_ws/install/turtlebot3_example:/home/rokey-jw/turtlebot3_ws/install/turtlebot3_autorace_mission:/home/rokey-jw/turtlebot3_ws/install/turtlebot3_autorace_detect:/home/rokey-jw/turtlebot3_ws/install/turtlebot3_autorace_camera:/home/rokey-jw/rokeypj_ws/install/sample_pkg:/home/rokey-jw/rokeypj_ws/install/fsd_pkg:/home/rokey-jw/rokeypj_ws/install/aruco_yolo:/opt/ros/humble LD_LIBRARY_PATH=/home/rokey-jw/rokeypj_ws/install/turtlebot_cosmo_interface/lib:/home/rokey-jw/turtlebot3_ws/install/turtlebot3_manipulation_hardware/lib:/home/rokey-jw/rokeypj_ws/install/turtlebot3_manipulation_hardware/lib:/opt/ros/humble/opt/rviz_ogre_vendor/lib:/opt/ros/humble/lib/aarch64-linux-gnu:/opt/ros/humble/lib /usr/bin/cmake --build /home/rokey-jw/rokeypj_ws/build/turtlebot_moveit -- -j6 -l6
[5.397s] [ 50%] [32mBuilding CXX object CMakeFiles/turtlebot_moveit.dir/src/turtlebot_moveit.cpp.o[0m
[5.397s] [ 50%] [32mBuilding CXX object CMakeFiles/turtlebot_arm_controller.dir/src/turtlebot_arm_controller.cpp.o[0m
[5.398s] [ 50%] [32mBuilding CXX object CMakeFiles/get_eef_pose.dir/src/get_eef_pose.cpp.o[0m
[5.423s] [ 50%] Built target ament_cmake_python_copy_scripts
[6.122s] running egg_info
[6.124s] creating scripts.egg-info
[6.125s] writing scripts.egg-info/PKG-INFO
[6.126s] writing dependency_links to scripts.egg-info/dependency_links.txt
[6.126s] writing top-level names to scripts.egg-info/top_level.txt
[6.126s] writing manifest file 'scripts.egg-info/SOURCES.txt'
[6.131s] reading manifest file 'scripts.egg-info/SOURCES.txt'
[6.132s] writing manifest file 'scripts.egg-info/SOURCES.txt'
[6.211s] [ 50%] Built target ament_cmake_python_build_scripts_egg
[25.104s] [ 66%] [32m[1mLinking CXX executable get_eef_pose[0m
[25.354s] [ 83%] [32m[1mLinking CXX executable turtlebot_moveit[0m
[26.065s] [ 83%] Built target get_eef_pose
[26.155s] [ 83%] Built target turtlebot_moveit
[26.865s] [100%] [32m[1mLinking CXX executable turtlebot_arm_controller[0m
[27.761s] [100%] Built target turtlebot_arm_controller
[27.790s] Invoked command in '/home/rokey-jw/rokeypj_ws/build/turtlebot_moveit' returned '0': CMAKE_PREFIX_PATH=/home/rokey-jw/rokeypj_ws/install/turtlebot_cosmo_interface:/home/rokey-jw/turtlebot3_ws/install/turtlebot3:/home/rokey-jw/turtlebot3_ws/install/turtlebot3_bringup:/home/rokey-jw/turtlebot3_ws/install/turtlebot3_node:/home/rokey-jw/turtlebot3_ws/install/turtlebot3_manipulation:/home/rokey-jw/turtlebot3_ws/install/turtlebot3_manipulation_teleop:/home/rokey-jw/turtlebot3_ws/install/turtlebot3_manipulation_navigation2:/home/rokey-jw/turtlebot3_ws/install/turtlebot3_manipulation_moveit_config:/home/rokey-jw/turtlebot3_ws/install/turtlebot3_manipulation_hardware:/home/rokey-jw/turtlebot3_ws/install/turtlebot3_manipulation_bringup:/home/rokey-jw/turtlebot3_ws/install/turtlebot3_manipulation_description:/home/rokey-jw/turtlebot3_ws/install/turtlebot3_manipulation_cartographer:/home/rokey-jw/turtlebot3_ws/install/turtlebot3_description:/home/rokey-jw/turtlebot3_ws/install/turtlebot3_autorace:/home/rokey-jw/turtlebot3_ws/install/ld08_driver:/home/rokey-jw/rokeypj_ws/install/turtlebot_moveit:/home/rokey-jw/rokeypj_ws/install/turtlebot3_manipulation:/home/rokey-jw/rokeypj_ws/install/turtlebot3_manipulation_teleop:/home/rokey-jw/rokeypj_ws/install/turtlebot3_manipulation_moveit_config:/home/rokey-jw/rokeypj_ws/install/turtlebot3_manipulation_hardware:/home/rokey-jw/rokeypj_ws/install/turtlebot3_manipulation_bringup:/home/rokey-jw/rokeypj_ws/install/turtlebot3_manipulation_description:/home/rokey-jw/rokeypj_ws/install/manipulator_moveit:/home/rokey-jw/rokeypj_ws/install/ld08_driver:/home/rokey-jw/turtlebot3_ws/install/turtlebot3_teleop:/home/rokey-jw/turtlebot3_ws/install/turtlebot3_example:/home/rokey-jw/turtlebot3_ws/install/turtlebot3_autorace_mission:/home/rokey-jw/turtlebot3_ws/install/turtlebot3_autorace_detect:/home/rokey-jw/turtlebot3_ws/install/turtlebot3_autorace_camera:/home/rokey-jw/rokeypj_ws/install/sample_pkg:/home/rokey-jw/rokeypj_ws/install/fsd_pkg:/home/rokey-jw/rokeypj_ws/install/aruco_yolo:/opt/ros/humble LD_LIBRARY_PATH=/home/rokey-jw/rokeypj_ws/install/turtlebot_cosmo_interface/lib:/home/rokey-jw/turtlebot3_ws/install/turtlebot3_manipulation_hardware/lib:/home/rokey-jw/rokeypj_ws/install/turtlebot3_manipulation_hardware/lib:/opt/ros/humble/opt/rviz_ogre_vendor/lib:/opt/ros/humble/lib/aarch64-linux-gnu:/opt/ros/humble/lib /usr/bin/cmake --build /home/rokey-jw/rokeypj_ws/build/turtlebot_moveit -- -j6 -l6
[27.796s] Invoking command in '/home/rokey-jw/rokeypj_ws/build/turtlebot_moveit': CMAKE_PREFIX_PATH=/home/rokey-jw/rokeypj_ws/install/turtlebot_cosmo_interface:/home/rokey-jw/turtlebot3_ws/install/turtlebot3:/home/rokey-jw/turtlebot3_ws/install/turtlebot3_bringup:/home/rokey-jw/turtlebot3_ws/install/turtlebot3_node:/home/rokey-jw/turtlebot3_ws/install/turtlebot3_manipulation:/home/rokey-jw/turtlebot3_ws/install/turtlebot3_manipulation_teleop:/home/rokey-jw/turtlebot3_ws/install/turtlebot3_manipulation_navigation2:/home/rokey-jw/turtlebot3_ws/install/turtlebot3_manipulation_moveit_config:/home/rokey-jw/turtlebot3_ws/install/turtlebot3_manipulation_hardware:/home/rokey-jw/turtlebot3_ws/install/turtlebot3_manipulation_bringup:/home/rokey-jw/turtlebot3_ws/install/turtlebot3_manipulation_description:/home/rokey-jw/turtlebot3_ws/install/turtlebot3_manipulation_cartographer:/home/rokey-jw/turtlebot3_ws/install/turtlebot3_description:/home/rokey-jw/turtlebot3_ws/install/turtlebot3_autorace:/home/rokey-jw/turtlebot3_ws/install/ld08_driver:/home/rokey-jw/rokeypj_ws/install/turtlebot_moveit:/home/rokey-jw/rokeypj_ws/install/turtlebot3_manipulation:/home/rokey-jw/rokeypj_ws/install/turtlebot3_manipulation_teleop:/home/rokey-jw/rokeypj_ws/install/turtlebot3_manipulation_moveit_config:/home/rokey-jw/rokeypj_ws/install/turtlebot3_manipulation_hardware:/home/rokey-jw/rokeypj_ws/install/turtlebot3_manipulation_bringup:/home/rokey-jw/rokeypj_ws/install/turtlebot3_manipulation_description:/home/rokey-jw/rokeypj_ws/install/manipulator_moveit:/home/rokey-jw/rokeypj_ws/install/ld08_driver:/home/rokey-jw/turtlebot3_ws/install/turtlebot3_teleop:/home/rokey-jw/turtlebot3_ws/install/turtlebot3_example:/home/rokey-jw/turtlebot3_ws/install/turtlebot3_autorace_mission:/home/rokey-jw/turtlebot3_ws/install/turtlebot3_autorace_detect:/home/rokey-jw/turtlebot3_ws/install/turtlebot3_autorace_camera:/home/rokey-jw/rokeypj_ws/install/sample_pkg:/home/rokey-jw/rokeypj_ws/install/fsd_pkg:/home/rokey-jw/rokeypj_ws/install/aruco_yolo:/opt/ros/humble LD_LIBRARY_PATH=/home/rokey-jw/rokeypj_ws/install/turtlebot_cosmo_interface/lib:/home/rokey-jw/turtlebot3_ws/install/turtlebot3_manipulation_hardware/lib:/home/rokey-jw/rokeypj_ws/install/turtlebot3_manipulation_hardware/lib:/opt/ros/humble/opt/rviz_ogre_vendor/lib:/opt/ros/humble/lib/aarch64-linux-gnu:/opt/ros/humble/lib /usr/bin/cmake --install /home/rokey-jw/rokeypj_ws/build/turtlebot_moveit
[27.815s] -- Install configuration: ""
[27.815s] -- Installing: /home/rokey-jw/rokeypj_ws/install/turtlebot_moveit/lib/turtlebot_moveit/turtlebot_moveit
[27.817s] -- Set runtime path of "/home/rokey-jw/rokeypj_ws/install/turtlebot_moveit/lib/turtlebot_moveit/turtlebot_moveit" to ""
[27.817s] -- Installing: /home/rokey-jw/rokeypj_ws/install/turtlebot_moveit/lib/turtlebot_moveit/get_eef_pose
[27.818s] -- Set runtime path of "/home/rokey-jw/rokeypj_ws/install/turtlebot_moveit/lib/turtlebot_moveit/get_eef_pose" to ""
[27.818s] -- Installing: /home/rokey-jw/rokeypj_ws/install/turtlebot_moveit/lib/turtlebot_moveit/turtlebot_arm_controller
[27.821s] -- Set runtime path of "/home/rokey-jw/rokeypj_ws/install/turtlebot_moveit/lib/turtlebot_moveit/turtlebot_arm_controller" to ""
[27.821s] -- Installing: /home/rokey-jw/rokeypj_ws/install/turtlebot_moveit/share/turtlebot_moveit/environment/pythonpath.sh
[27.821s] -- Installing: /home/rokey-jw/rokeypj_ws/install/turtlebot_moveit/share/turtlebot_moveit/environment/pythonpath.dsv
[27.822s] -- Installing: /home/rokey-jw/rokeypj_ws/install/turtlebot_moveit/local/lib/python3.10/dist-packages/scripts-0.0.0-py3.10.egg-info
[27.823s] -- Installing: /home/rokey-jw/rokeypj_ws/install/turtlebot_moveit/local/lib/python3.10/dist-packages/scripts-0.0.0-py3.10.egg-info/SOURCES.txt
[27.823s] -- Installing: /home/rokey-jw/rokeypj_ws/install/turtlebot_moveit/local/lib/python3.10/dist-packages/scripts-0.0.0-py3.10.egg-info/dependency_links.txt
[27.823s] -- Installing: /home/rokey-jw/rokeypj_ws/install/turtlebot_moveit/local/lib/python3.10/dist-packages/scripts-0.0.0-py3.10.egg-info/PKG-INFO
[27.824s] -- Installing: /home/rokey-jw/rokeypj_ws/install/turtlebot_moveit/local/lib/python3.10/dist-packages/scripts-0.0.0-py3.10.egg-info/top_level.txt
[27.824s] -- Installing: /home/rokey-jw/rokeypj_ws/install/turtlebot_moveit/local/lib/python3.10/dist-packages/scripts
[27.825s] -- Installing: /home/rokey-jw/rokeypj_ws/install/turtlebot_moveit/local/lib/python3.10/dist-packages/scripts/srv_call_test.py
[27.825s] -- Installing: /home/rokey-jw/rokeypj_ws/install/turtlebot_moveit/local/lib/python3.10/dist-packages/scripts/project_sample.py
[27.825s] -- Installing: /home/rokey-jw/rokeypj_ws/install/turtlebot_moveit/local/lib/python3.10/dist-packages/scripts/gripper_open_close.py
[27.825s] -- Installing: /home/rokey-jw/rokeypj_ws/install/turtlebot_moveit/local/lib/python3.10/dist-packages/scripts/task.py
[27.826s] -- Installing: /home/rokey-jw/rokeypj_ws/install/turtlebot_moveit/local/lib/python3.10/dist-packages/scripts/__init__.py
[27.917s] Listing '/home/rokey-jw/rokeypj_ws/install/turtlebot_moveit/local/lib/python3.10/dist-packages/scripts'...
[27.917s] Compiling '/home/rokey-jw/rokeypj_ws/install/turtlebot_moveit/local/lib/python3.10/dist-packages/scripts/__init__.py'...
[27.917s] Compiling '/home/rokey-jw/rokeypj_ws/install/turtlebot_moveit/local/lib/python3.10/dist-packages/scripts/gripper_open_close.py'...
[27.917s] Compiling '/home/rokey-jw/rokeypj_ws/install/turtlebot_moveit/local/lib/python3.10/dist-packages/scripts/project_sample.py'...
[27.917s] Compiling '/home/rokey-jw/rokeypj_ws/install/turtlebot_moveit/local/lib/python3.10/dist-packages/scripts/srv_call_test.py'...
[27.917s] Compiling '/home/rokey-jw/rokeypj_ws/install/turtlebot_moveit/local/lib/python3.10/dist-packages/scripts/task.py'...
[27.929s] -- Installing: /home/rokey-jw/rokeypj_ws/install/turtlebot_moveit/lib/turtlebot_moveit/srv_call_test.py
[27.929s] -- Installing: /home/rokey-jw/rokeypj_ws/install/turtlebot_moveit/lib/turtlebot_moveit/task.py
[27.930s] -- Installing: /home/rokey-jw/rokeypj_ws/install/turtlebot_moveit/share/turtlebot_moveit//launch
[27.930s] -- Installing: /home/rokey-jw/rokeypj_ws/install/turtlebot_moveit/share/turtlebot_moveit//launch/move_group.launch.py
[27.930s] -- Installing: /home/rokey-jw/rokeypj_ws/install/turtlebot_moveit/share/ament_index/resource_index/package_run_dependencies/turtlebot_moveit
[27.931s] -- Installing: /home/rokey-jw/rokeypj_ws/install/turtlebot_moveit/share/ament_index/resource_index/parent_prefix_path/turtlebot_moveit
[27.932s] -- Installing: /home/rokey-jw/rokeypj_ws/install/turtlebot_moveit/share/turtlebot_moveit/environment/ament_prefix_path.sh
[27.933s] -- Installing: /home/rokey-jw/rokeypj_ws/install/turtlebot_moveit/share/turtlebot_moveit/environment/ament_prefix_path.dsv
[27.934s] -- Installing: /home/rokey-jw/rokeypj_ws/install/turtlebot_moveit/share/turtlebot_moveit/environment/path.sh
[27.934s] -- Installing: /home/rokey-jw/rokeypj_ws/install/turtlebot_moveit/share/turtlebot_moveit/environment/path.dsv
[27.935s] -- Installing: /home/rokey-jw/rokeypj_ws/install/turtlebot_moveit/share/turtlebot_moveit/local_setup.bash
[27.936s] -- Installing: /home/rokey-jw/rokeypj_ws/install/turtlebot_moveit/share/turtlebot_moveit/local_setup.sh
[27.937s] -- Installing: /home/rokey-jw/rokeypj_ws/install/turtlebot_moveit/share/turtlebot_moveit/local_setup.zsh
[27.937s] -- Installing: /home/rokey-jw/rokeypj_ws/install/turtlebot_moveit/share/turtlebot_moveit/local_setup.dsv
[27.938s] -- Installing: /home/rokey-jw/rokeypj_ws/install/turtlebot_moveit/share/turtlebot_moveit/package.dsv
[27.939s] -- Installing: /home/rokey-jw/rokeypj_ws/install/turtlebot_moveit/share/ament_index/resource_index/packages/turtlebot_moveit
[27.939s] -- Installing: /home/rokey-jw/rokeypj_ws/install/turtlebot_moveit/share/turtlebot_moveit/cmake/turtlebot_moveitConfig.cmake
[27.940s] -- Installing: /home/rokey-jw/rokeypj_ws/install/turtlebot_moveit/share/turtlebot_moveit/cmake/turtlebot_moveitConfig-version.cmake
[27.940s] -- Installing: /home/rokey-jw/rokeypj_ws/install/turtlebot_moveit/share/turtlebot_moveit/package.xml
[27.949s] Invoked command in '/home/rokey-jw/rokeypj_ws/build/turtlebot_moveit' returned '0': CMAKE_PREFIX_PATH=/home/rokey-jw/rokeypj_ws/install/turtlebot_cosmo_interface:/home/rokey-jw/turtlebot3_ws/install/turtlebot3:/home/rokey-jw/turtlebot3_ws/install/turtlebot3_bringup:/home/rokey-jw/turtlebot3_ws/install/turtlebot3_node:/home/rokey-jw/turtlebot3_ws/install/turtlebot3_manipulation:/home/rokey-jw/turtlebot3_ws/install/turtlebot3_manipulation_teleop:/home/rokey-jw/turtlebot3_ws/install/turtlebot3_manipulation_navigation2:/home/rokey-jw/turtlebot3_ws/install/turtlebot3_manipulation_moveit_config:/home/rokey-jw/turtlebot3_ws/install/turtlebot3_manipulation_hardware:/home/rokey-jw/turtlebot3_ws/install/turtlebot3_manipulation_bringup:/home/rokey-jw/turtlebot3_ws/install/turtlebot3_manipulation_description:/home/rokey-jw/turtlebot3_ws/install/turtlebot3_manipulation_cartographer:/home/rokey-jw/turtlebot3_ws/install/turtlebot3_description:/home/rokey-jw/turtlebot3_ws/install/turtlebot3_autorace:/home/rokey-jw/turtlebot3_ws/install/ld08_driver:/home/rokey-jw/rokeypj_ws/install/turtlebot_moveit:/home/rokey-jw/rokeypj_ws/install/turtlebot3_manipulation:/home/rokey-jw/rokeypj_ws/install/turtlebot3_manipulation_teleop:/home/rokey-jw/rokeypj_ws/install/turtlebot3_manipulation_moveit_config:/home/rokey-jw/rokeypj_ws/install/turtlebot3_manipulation_hardware:/home/rokey-jw/rokeypj_ws/install/turtlebot3_manipulation_bringup:/home/rokey-jw/rokeypj_ws/install/turtlebot3_manipulation_description:/home/rokey-jw/rokeypj_ws/install/manipulator_moveit:/home/rokey-jw/rokeypj_ws/install/ld08_driver:/home/rokey-jw/turtlebot3_ws/install/turtlebot3_teleop:/home/rokey-jw/turtlebot3_ws/install/turtlebot3_example:/home/rokey-jw/turtlebot3_ws/install/turtlebot3_autorace_mission:/home/rokey-jw/turtlebot3_ws/install/turtlebot3_autorace_detect:/home/rokey-jw/turtlebot3_ws/install/turtlebot3_autorace_camera:/home/rokey-jw/rokeypj_ws/install/sample_pkg:/home/rokey-jw/rokeypj_ws/install/fsd_pkg:/home/rokey-jw/rokeypj_ws/install/aruco_yolo:/opt/ros/humble LD_LIBRARY_PATH=/home/rokey-jw/rokeypj_ws/install/turtlebot_cosmo_interface/lib:/home/rokey-jw/turtlebot3_ws/install/turtlebot3_manipulation_hardware/lib:/home/rokey-jw/rokeypj_ws/install/turtlebot3_manipulation_hardware/lib:/opt/ros/humble/opt/rviz_ogre_vendor/lib:/opt/ros/humble/lib/aarch64-linux-gnu:/opt/ros/humble/lib /usr/bin/cmake --install /home/rokey-jw/rokeypj_ws/build/turtlebot_moveit
