running egg_info
writing ../../build/aruco_yolo/aruco_yolo.egg-info/PKG-INFO
writing dependency_links to ../../build/aruco_yolo/aruco_yolo.egg-info/dependency_links.txt
writing entry points to ../../build/aruco_yolo/aruco_yolo.egg-info/entry_points.txt
writing requirements to ../../build/aruco_yolo/aruco_yolo.egg-info/requires.txt
writing top-level names to ../../build/aruco_yolo/aruco_yolo.egg-info/top_level.txt
reading manifest file '../../build/aruco_yolo/aruco_yolo.egg-info/SOURCES.txt'
adding license file 'LICENSE'
writing manifest file '../../build/aruco_yolo/aruco_yolo.egg-info/SOURCES.txt'
running build
running build_py
copying aruco_yolo/pick_n_place.py -> /home/rokey-jw/rokeypj_ws/build/aruco_yolo/build/lib/aruco_yolo
running install
running install_lib
copying /home/rokey-jw/rokeypj_ws/build/aruco_yolo/build/lib/aruco_yolo/pick_n_place.py -> /home/rokey-jw/rokeypj_ws/install/aruco_yolo/lib/python3.10/site-packages/aruco_yolo
byte-compiling /home/rokey-jw/rokeypj_ws/install/aruco_yolo/lib/python3.10/site-packages/aruco_yolo/pick_n_place.py to pick_n_place.cpython-310.pyc
running install_data
running install_egg_info
removing '/home/rokey-jw/rokeypj_ws/install/aruco_yolo/lib/python3.10/site-packages/aruco_yolo-0.0.0-py3.10.egg-info' (and everything under it)
Copying ../../build/aruco_yolo/aruco_yolo.egg-info to /home/rokey-jw/rokeypj_ws/install/aruco_yolo/lib/python3.10/site-packages/aruco_yolo-0.0.0-py3.10.egg-info
running install_scripts
Installing arm_ik script to /home/rokey-jw/rokeypj_ws/install/aruco_yolo/lib/aruco_yolo
Installing aruco_detector script to /home/rokey-jw/rokeypj_ws/install/aruco_yolo/lib/aruco_yolo
Installing aruco_move script to /home/rokey-jw/rokeypj_ws/install/aruco_yolo/lib/aruco_yolo
Installing camera_info script to /home/rokey-jw/rokeypj_ws/install/aruco_yolo/lib/aruco_yolo
Installing camera_pub script to /home/rokey-jw/rokeypj_ws/install/aruco_yolo/lib/aruco_yolo
Installing camera_pub_s script to /home/rokey-jw/rokeypj_ws/install/aruco_yolo/lib/aruco_yolo
Installing compressed_image_pub script to /home/rokey-jw/rokeypj_ws/install/aruco_yolo/lib/aruco_yolo
Installing moveit_client script to /home/rokey-jw/rokeypj_ws/install/aruco_yolo/lib/aruco_yolo
Installing pick_and_place script to /home/rokey-jw/rokeypj_ws/install/aruco_yolo/lib/aruco_yolo
Installing pick_n_place script to /home/rokey-jw/rokeypj_ws/install/aruco_yolo/lib/aruco_yolo
Installing yolo_detector script to /home/rokey-jw/rokeypj_ws/install/aruco_yolo/lib/aruco_yolo
writing list of installed files to '/home/rokey-jw/rokeypj_ws/build/aruco_yolo/install.log'
