[2.671s] Invoking command in '/home/rokey-jw/rokeypj_ws/src/aruco_yolo': PYTHONPATH=/home/rokey-jw/rokeypj_ws/build/aruco_yolo/prefix_override:/usr/lib/python3/dist-packages/colcon_core/task/python/colcon_distutils_commands:/home/rokey-jw/rokeypj_ws/install/aruco_yolo/lib/python3.10/site-packages:${PYTHONPATH} /usr/bin/python3 -W ignore:setup.py install is deprecated -W ignore:easy_install command is deprecated setup.py egg_info --egg-base ../../build/aruco_yolo build --build-base /home/rokey-jw/rokeypj_ws/build/aruco_yolo/build install --record /home/rokey-jw/rokeypj_ws/build/aruco_yolo/install.log --single-version-externally-managed install_data
[3.310s] running egg_info
[3.311s] writing ../../build/aruco_yolo/aruco_yolo.egg-info/PKG-INFO
[3.320s] writing dependency_links to ../../build/aruco_yolo/aruco_yolo.egg-info/dependency_links.txt
[3.320s] writing entry points to ../../build/aruco_yolo/aruco_yolo.egg-info/entry_points.txt
[3.320s] writing requirements to ../../build/aruco_yolo/aruco_yolo.egg-info/requires.txt
[3.321s] writing top-level names to ../../build/aruco_yolo/aruco_yolo.egg-info/top_level.txt
[3.326s] reading manifest file '../../build/aruco_yolo/aruco_yolo.egg-info/SOURCES.txt'
[3.327s] adding license file 'LICENSE'
[3.329s] writing manifest file '../../build/aruco_yolo/aruco_yolo.egg-info/SOURCES.txt'
[3.329s] running build
[3.329s] running build_py
[3.331s] copying aruco_yolo/pick_n_place.py -> /home/rokey-jw/rokeypj_ws/build/aruco_yolo/build/lib/aruco_yolo
[3.334s] running install
[3.334s] running install_lib
[3.336s] copying /home/rokey-jw/rokeypj_ws/build/aruco_yolo/build/lib/aruco_yolo/pick_n_place.py -> /home/rokey-jw/rokeypj_ws/install/aruco_yolo/lib/python3.10/site-packages/aruco_yolo
[3.338s] byte-compiling /home/rokey-jw/rokeypj_ws/install/aruco_yolo/lib/python3.10/site-packages/aruco_yolo/pick_n_place.py to pick_n_place.cpython-310.pyc
[3.342s] running install_data
[3.344s] running install_egg_info
[3.348s] removing '/home/rokey-jw/rokeypj_ws/install/aruco_yolo/lib/python3.10/site-packages/aruco_yolo-0.0.0-py3.10.egg-info' (and everything under it)
[3.349s] Copying ../../build/aruco_yolo/aruco_yolo.egg-info to /home/rokey-jw/rokeypj_ws/install/aruco_yolo/lib/python3.10/site-packages/aruco_yolo-0.0.0-py3.10.egg-info
[3.351s] running install_scripts
[3.399s] Installing arm_ik script to /home/rokey-jw/rokeypj_ws/install/aruco_yolo/lib/aruco_yolo
[3.400s] Installing aruco_detector script to /home/rokey-jw/rokeypj_ws/install/aruco_yolo/lib/aruco_yolo
[3.400s] Installing aruco_move script to /home/rokey-jw/rokeypj_ws/install/aruco_yolo/lib/aruco_yolo
[3.400s] Installing camera_info script to /home/rokey-jw/rokeypj_ws/install/aruco_yolo/lib/aruco_yolo
[3.400s] Installing camera_pub script to /home/rokey-jw/rokeypj_ws/install/aruco_yolo/lib/aruco_yolo
[3.401s] Installing camera_pub_s script to /home/rokey-jw/rokeypj_ws/install/aruco_yolo/lib/aruco_yolo
[3.401s] Installing compressed_image_pub script to /home/rokey-jw/rokeypj_ws/install/aruco_yolo/lib/aruco_yolo
[3.401s] Installing moveit_client script to /home/rokey-jw/rokeypj_ws/install/aruco_yolo/lib/aruco_yolo
[3.401s] Installing pick_and_place script to /home/rokey-jw/rokeypj_ws/install/aruco_yolo/lib/aruco_yolo
[3.402s] Installing pick_n_place script to /home/rokey-jw/rokeypj_ws/install/aruco_yolo/lib/aruco_yolo
[3.402s] Installing yolo_detector script to /home/rokey-jw/rokeypj_ws/install/aruco_yolo/lib/aruco_yolo
[3.403s] writing list of installed files to '/home/rokey-jw/rokeypj_ws/build/aruco_yolo/install.log'
[3.488s] Invoked command in '/home/rokey-jw/rokeypj_ws/src/aruco_yolo' returned '0': PYTHONPATH=/home/rokey-jw/rokeypj_ws/build/aruco_yolo/prefix_override:/usr/lib/python3/dist-packages/colcon_core/task/python/colcon_distutils_commands:/home/rokey-jw/rokeypj_ws/install/aruco_yolo/lib/python3.10/site-packages:${PYTHONPATH} /usr/bin/python3 -W ignore:setup.py install is deprecated -W ignore:easy_install command is deprecated setup.py egg_info --egg-base ../../build/aruco_yolo build --build-base /home/rokey-jw/rokeypj_ws/build/aruco_yolo/build install --record /home/rokey-jw/rokeypj_ws/build/aruco_yolo/install.log --single-version-externally-managed install_data
