[35m[1mConsolidate compiler generated dependencies of target turtlebot_cosmo_interface__rosidl_generator_c[0m
[  9%] Built target turtlebot_cosmo_interface__cpp
[ 12%] Built target turtlebot_cosmo_interface__rosidl_generator_c
[ 12%] Built target ament_cmake_python_copy_turtlebot_cosmo_interface
[35m[1mConsolidate compiler generated dependencies of target turtlebot_cosmo_interface__rosidl_typesupport_introspection_cpp[0m
[35m[1mConsolidate compiler generated dependencies of target turtlebot_cosmo_interface__rosidl_typesupport_fastrtps_c[0m
[35m[1mConsolidate compiler generated dependencies of target turtlebot_cosmo_interface__rosidl_typesupport_c[0m
[35m[1mConsolidate compiler generated dependencies of target turtlebot_cosmo_interface__rosidl_typesupport_introspection_c[0m
[35m[1mConsolidate compiler generated dependencies of target turtlebot_cosmo_interface__rosidl_typesupport_fastrtps_cpp[0m
[35m[1mConsolidate compiler generated dependencies of target turtlebot_cosmo_interface__rosidl_typesupport_cpp[0m
[ 22%] Built target turtlebot_cosmo_interface__rosidl_typesupport_fastrtps_c
[ 32%] Built target turtlebot_cosmo_interface__rosidl_typesupport_introspection_cpp
[ 41%] Built target turtlebot_cosmo_interface__rosidl_typesupport_c
[ 51%] Built target turtlebot_cosmo_interface__rosidl_typesupport_introspection_c
[ 61%] Built target turtlebot_cosmo_interface__rosidl_typesupport_cpp
[ 70%] Built target turtlebot_cosmo_interface__rosidl_typesupport_fastrtps_cpp
[ 70%] Built target turtlebot_cosmo_interface
[ 74%] Built target turtlebot_cosmo_interface__py
[35m[1mConsolidate compiler generated dependencies of target turtlebot_cosmo_interface__rosidl_generator_py[0m
[ 80%] Built target turtlebot_cosmo_interface__rosidl_generator_py
[35m[1mConsolidate compiler generated dependencies of target turtlebot_cosmo_interface__rosidl_typesupport_c__pyext[0m
[35m[1mConsolidate compiler generated dependencies of target turtlebot_cosmo_interface__rosidl_typesupport_introspection_c__pyext[0m
[35m[1mConsolidate compiler generated dependencies of target turtlebot_cosmo_interface__rosidl_typesupport_fastrtps_c__pyext[0m
[100%] Built target turtlebot_cosmo_interface__rosidl_typesupport_introspection_c__pyext
[100%] Built target turtlebot_cosmo_interface__rosidl_typesupport_fastrtps_c__pyext
[100%] Built target turtlebot_cosmo_interface__rosidl_typesupport_c__pyext
running egg_info
writing turtlebot_cosmo_interface.egg-info/PKG-INFO
writing dependency_links to turtlebot_cosmo_interface.egg-info/dependency_links.txt
writing top-level names to turtlebot_cosmo_interface.egg-info/top_level.txt
reading manifest file 'turtlebot_cosmo_interface.egg-info/SOURCES.txt'
writing manifest file 'turtlebot_cosmo_interface.egg-info/SOURCES.txt'
[100%] Built target ament_cmake_python_build_turtlebot_cosmo_interface_egg
-- Install configuration: ""
-- Up-to-date: /home/rokey-jw/rokeypj_ws/install/turtlebot_cosmo_interface/share/ament_index/resource_index/rosidl_interfaces/turtlebot_cosmo_interface
-- Up-to-date: /home/rokey-jw/rokeypj_ws/install/turtlebot_cosmo_interface/include/turtlebot_cosmo_interface/turtlebot_cosmo_interface
-- Up-to-date: /home/rokey-jw/rokeypj_ws/install/turtlebot_cosmo_interface/include/turtlebot_cosmo_interface/turtlebot_cosmo_interface/srv
-- Up-to-date: /home/rokey-jw/rokeypj_ws/install/turtlebot_cosmo_interface/include/turtlebot_cosmo_interface/turtlebot_cosmo_interface/srv/detail
-- Up-to-date: /home/rokey-jw/rokeypj_ws/install/turtlebot_cosmo_interface/include/turtlebot_cosmo_interface/turtlebot_cosmo_interface/srv/detail/moveit_control__functions.h
-- Up-to-date: /home/rokey-jw/rokeypj_ws/install/turtlebot_cosmo_interface/include/turtlebot_cosmo_interface/turtlebot_cosmo_interface/srv/detail/moveit_control__struct.h
-- Up-to-date: /home/rokey-jw/rokeypj_ws/install/turtlebot_cosmo_interface/include/turtlebot_cosmo_interface/turtlebot_cosmo_interface/srv/detail/moveit_control__type_support.h
-- Up-to-date: /home/rokey-jw/rokeypj_ws/install/turtlebot_cosmo_interface/include/turtlebot_cosmo_interface/turtlebot_cosmo_interface/srv/detail/moveit_control__functions.c
-- Up-to-date: /home/rokey-jw/rokeypj_ws/install/turtlebot_cosmo_interface/include/turtlebot_cosmo_interface/turtlebot_cosmo_interface/srv/moveit_control.h
-- Up-to-date: /home/rokey-jw/rokeypj_ws/install/turtlebot_cosmo_interface/include/turtlebot_cosmo_interface/turtlebot_cosmo_interface/msg
-- Up-to-date: /home/rokey-jw/rokeypj_ws/install/turtlebot_cosmo_interface/include/turtlebot_cosmo_interface/turtlebot_cosmo_interface/msg/rosidl_generator_c__visibility_control.h
-- Up-to-date: /home/rokey-jw/rokeypj_ws/install/turtlebot_cosmo_interface/share/turtlebot_cosmo_interface/environment/library_path.sh
-- Up-to-date: /home/rokey-jw/rokeypj_ws/install/turtlebot_cosmo_interface/share/turtlebot_cosmo_interface/environment/library_path.dsv
-- Up-to-date: /home/rokey-jw/rokeypj_ws/install/turtlebot_cosmo_interface/lib/libturtlebot_cosmo_interface__rosidl_generator_c.so
-- Up-to-date: /home/rokey-jw/rokeypj_ws/install/turtlebot_cosmo_interface/include/turtlebot_cosmo_interface/turtlebot_cosmo_interface
-- Up-to-date: /home/rokey-jw/rokeypj_ws/install/turtlebot_cosmo_interface/include/turtlebot_cosmo_interface/turtlebot_cosmo_interface/srv
-- Up-to-date: /home/rokey-jw/rokeypj_ws/install/turtlebot_cosmo_interface/include/turtlebot_cosmo_interface/turtlebot_cosmo_interface/srv/detail
-- Up-to-date: /home/rokey-jw/rokeypj_ws/install/turtlebot_cosmo_interface/include/turtlebot_cosmo_interface/turtlebot_cosmo_interface/srv/detail/moveit_control__rosidl_typesupport_fastrtps_c.h
-- Up-to-date: /home/rokey-jw/rokeypj_ws/install/turtlebot_cosmo_interface/include/turtlebot_cosmo_interface/turtlebot_cosmo_interface/msg
-- Up-to-date: /home/rokey-jw/rokeypj_ws/install/turtlebot_cosmo_interface/include/turtlebot_cosmo_interface/turtlebot_cosmo_interface/msg/rosidl_typesupport_fastrtps_c__visibility_control.h
-- Up-to-date: /home/rokey-jw/rokeypj_ws/install/turtlebot_cosmo_interface/lib/libturtlebot_cosmo_interface__rosidl_typesupport_fastrtps_c.so
-- Up-to-date: /home/rokey-jw/rokeypj_ws/install/turtlebot_cosmo_interface/include/turtlebot_cosmo_interface/turtlebot_cosmo_interface
-- Up-to-date: /home/rokey-jw/rokeypj_ws/install/turtlebot_cosmo_interface/include/turtlebot_cosmo_interface/turtlebot_cosmo_interface/srv
-- Up-to-date: /home/rokey-jw/rokeypj_ws/install/turtlebot_cosmo_interface/include/turtlebot_cosmo_interface/turtlebot_cosmo_interface/srv/moveit_control.hpp
-- Up-to-date: /home/rokey-jw/rokeypj_ws/install/turtlebot_cosmo_interface/include/turtlebot_cosmo_interface/turtlebot_cosmo_interface/srv/detail
-- Up-to-date: /home/rokey-jw/rokeypj_ws/install/turtlebot_cosmo_interface/include/turtlebot_cosmo_interface/turtlebot_cosmo_interface/srv/detail/moveit_control__traits.hpp
-- Up-to-date: /home/rokey-jw/rokeypj_ws/install/turtlebot_cosmo_interface/include/turtlebot_cosmo_interface/turtlebot_cosmo_interface/srv/detail/moveit_control__builder.hpp
-- Up-to-date: /home/rokey-jw/rokeypj_ws/install/turtlebot_cosmo_interface/include/turtlebot_cosmo_interface/turtlebot_cosmo_interface/srv/detail/moveit_control__type_support.hpp
-- Up-to-date: /home/rokey-jw/rokeypj_ws/install/turtlebot_cosmo_interface/include/turtlebot_cosmo_interface/turtlebot_cosmo_interface/srv/detail/moveit_control__struct.hpp
-- Up-to-date: /home/rokey-jw/rokeypj_ws/install/turtlebot_cosmo_interface/include/turtlebot_cosmo_interface/turtlebot_cosmo_interface/msg
-- Up-to-date: /home/rokey-jw/rokeypj_ws/install/turtlebot_cosmo_interface/include/turtlebot_cosmo_interface/turtlebot_cosmo_interface/msg/rosidl_generator_cpp__visibility_control.hpp
-- Up-to-date: /home/rokey-jw/rokeypj_ws/install/turtlebot_cosmo_interface/include/turtlebot_cosmo_interface/turtlebot_cosmo_interface
-- Up-to-date: /home/rokey-jw/rokeypj_ws/install/turtlebot_cosmo_interface/include/turtlebot_cosmo_interface/turtlebot_cosmo_interface/srv
-- Up-to-date: /home/rokey-jw/rokeypj_ws/install/turtlebot_cosmo_interface/include/turtlebot_cosmo_interface/turtlebot_cosmo_interface/srv/detail
-- Up-to-date: /home/rokey-jw/rokeypj_ws/install/turtlebot_cosmo_interface/include/turtlebot_cosmo_interface/turtlebot_cosmo_interface/srv/detail/dds_fastrtps
-- Up-to-date: /home/rokey-jw/rokeypj_ws/install/turtlebot_cosmo_interface/include/turtlebot_cosmo_interface/turtlebot_cosmo_interface/srv/detail/moveit_control__rosidl_typesupport_fastrtps_cpp.hpp
-- Up-to-date: /home/rokey-jw/rokeypj_ws/install/turtlebot_cosmo_interface/include/turtlebot_cosmo_interface/turtlebot_cosmo_interface/msg
-- Up-to-date: /home/rokey-jw/rokeypj_ws/install/turtlebot_cosmo_interface/include/turtlebot_cosmo_interface/turtlebot_cosmo_interface/msg/rosidl_typesupport_fastrtps_cpp__visibility_control.h
-- Up-to-date: /home/rokey-jw/rokeypj_ws/install/turtlebot_cosmo_interface/lib/libturtlebot_cosmo_interface__rosidl_typesupport_fastrtps_cpp.so
-- Up-to-date: /home/rokey-jw/rokeypj_ws/install/turtlebot_cosmo_interface/include/turtlebot_cosmo_interface/turtlebot_cosmo_interface
-- Up-to-date: /home/rokey-jw/rokeypj_ws/install/turtlebot_cosmo_interface/include/turtlebot_cosmo_interface/turtlebot_cosmo_interface/srv
-- Up-to-date: /home/rokey-jw/rokeypj_ws/install/turtlebot_cosmo_interface/include/turtlebot_cosmo_interface/turtlebot_cosmo_interface/srv/detail
-- Up-to-date: /home/rokey-jw/rokeypj_ws/install/turtlebot_cosmo_interface/include/turtlebot_cosmo_interface/turtlebot_cosmo_interface/srv/detail/moveit_control__type_support.c
-- Up-to-date: /home/rokey-jw/rokeypj_ws/install/turtlebot_cosmo_interface/include/turtlebot_cosmo_interface/turtlebot_cosmo_interface/srv/detail/moveit_control__rosidl_typesupport_introspection_c.h
-- Up-to-date: /home/rokey-jw/rokeypj_ws/install/turtlebot_cosmo_interface/include/turtlebot_cosmo_interface/turtlebot_cosmo_interface/msg
-- Up-to-date: /home/rokey-jw/rokeypj_ws/install/turtlebot_cosmo_interface/include/turtlebot_cosmo_interface/turtlebot_cosmo_interface/msg/rosidl_typesupport_introspection_c__visibility_control.h
-- Up-to-date: /home/rokey-jw/rokeypj_ws/install/turtlebot_cosmo_interface/lib/libturtlebot_cosmo_interface__rosidl_typesupport_introspection_c.so
-- Up-to-date: /home/rokey-jw/rokeypj_ws/install/turtlebot_cosmo_interface/lib/libturtlebot_cosmo_interface__rosidl_typesupport_c.so
-- Up-to-date: /home/rokey-jw/rokeypj_ws/install/turtlebot_cosmo_interface/include/turtlebot_cosmo_interface/turtlebot_cosmo_interface
-- Up-to-date: /home/rokey-jw/rokeypj_ws/install/turtlebot_cosmo_interface/include/turtlebot_cosmo_interface/turtlebot_cosmo_interface/srv
-- Up-to-date: /home/rokey-jw/rokeypj_ws/install/turtlebot_cosmo_interface/include/turtlebot_cosmo_interface/turtlebot_cosmo_interface/srv/detail
-- Up-to-date: /home/rokey-jw/rokeypj_ws/install/turtlebot_cosmo_interface/include/turtlebot_cosmo_interface/turtlebot_cosmo_interface/srv/detail/moveit_control__type_support.cpp
-- Up-to-date: /home/rokey-jw/rokeypj_ws/install/turtlebot_cosmo_interface/include/turtlebot_cosmo_interface/turtlebot_cosmo_interface/srv/detail/moveit_control__rosidl_typesupport_introspection_cpp.hpp
-- Up-to-date: /home/rokey-jw/rokeypj_ws/install/turtlebot_cosmo_interface/lib/libturtlebot_cosmo_interface__rosidl_typesupport_introspection_cpp.so
-- Up-to-date: /home/rokey-jw/rokeypj_ws/install/turtlebot_cosmo_interface/lib/libturtlebot_cosmo_interface__rosidl_typesupport_cpp.so
-- Up-to-date: /home/rokey-jw/rokeypj_ws/install/turtlebot_cosmo_interface/share/turtlebot_cosmo_interface/environment/pythonpath.sh
-- Up-to-date: /home/rokey-jw/rokeypj_ws/install/turtlebot_cosmo_interface/share/turtlebot_cosmo_interface/environment/pythonpath.dsv
-- Up-to-date: /home/rokey-jw/rokeypj_ws/install/turtlebot_cosmo_interface/local/lib/python3.10/dist-packages/turtlebot_cosmo_interface-0.0.0-py3.10.egg-info
-- Installing: /home/rokey-jw/rokeypj_ws/install/turtlebot_cosmo_interface/local/lib/python3.10/dist-packages/turtlebot_cosmo_interface-0.0.0-py3.10.egg-info/SOURCES.txt
-- Installing: /home/rokey-jw/rokeypj_ws/install/turtlebot_cosmo_interface/local/lib/python3.10/dist-packages/turtlebot_cosmo_interface-0.0.0-py3.10.egg-info/dependency_links.txt
-- Installing: /home/rokey-jw/rokeypj_ws/install/turtlebot_cosmo_interface/local/lib/python3.10/dist-packages/turtlebot_cosmo_interface-0.0.0-py3.10.egg-info/PKG-INFO
-- Installing: /home/rokey-jw/rokeypj_ws/install/turtlebot_cosmo_interface/local/lib/python3.10/dist-packages/turtlebot_cosmo_interface-0.0.0-py3.10.egg-info/top_level.txt
-- Up-to-date: /home/rokey-jw/rokeypj_ws/install/turtlebot_cosmo_interface/local/lib/python3.10/dist-packages/turtlebot_cosmo_interface
-- Up-to-date: /home/rokey-jw/rokeypj_ws/install/turtlebot_cosmo_interface/local/lib/python3.10/dist-packages/turtlebot_cosmo_interface/_turtlebot_cosmo_interface_s.ep.rosidl_typesupport_introspection_c.c
-- Up-to-date: /home/rokey-jw/rokeypj_ws/install/turtlebot_cosmo_interface/local/lib/python3.10/dist-packages/turtlebot_cosmo_interface/srv
-- Up-to-date: /home/rokey-jw/rokeypj_ws/install/turtlebot_cosmo_interface/local/lib/python3.10/dist-packages/turtlebot_cosmo_interface/srv/_moveit_control_s.c
-- Up-to-date: /home/rokey-jw/rokeypj_ws/install/turtlebot_cosmo_interface/local/lib/python3.10/dist-packages/turtlebot_cosmo_interface/srv/_moveit_control.py
-- Up-to-date: /home/rokey-jw/rokeypj_ws/install/turtlebot_cosmo_interface/local/lib/python3.10/dist-packages/turtlebot_cosmo_interface/srv/__init__.py
-- Up-to-date: /home/rokey-jw/rokeypj_ws/install/turtlebot_cosmo_interface/local/lib/python3.10/dist-packages/turtlebot_cosmo_interface/turtlebot_cosmo_interface_s__rosidl_typesupport_c.cpython-310-aarch64-linux-gnu.so
-- Up-to-date: /home/rokey-jw/rokeypj_ws/install/turtlebot_cosmo_interface/local/lib/python3.10/dist-packages/turtlebot_cosmo_interface/libturtlebot_cosmo_interface__rosidl_generator_py.so
-- Up-to-date: /home/rokey-jw/rokeypj_ws/install/turtlebot_cosmo_interface/local/lib/python3.10/dist-packages/turtlebot_cosmo_interface/_turtlebot_cosmo_interface_s.ep.rosidl_typesupport_c.c
-- Up-to-date: /home/rokey-jw/rokeypj_ws/install/turtlebot_cosmo_interface/local/lib/python3.10/dist-packages/turtlebot_cosmo_interface/_turtlebot_cosmo_interface_s.ep.rosidl_typesupport_fastrtps_c.c
-- Up-to-date: /home/rokey-jw/rokeypj_ws/install/turtlebot_cosmo_interface/local/lib/python3.10/dist-packages/turtlebot_cosmo_interface/__init__.py
-- Up-to-date: /home/rokey-jw/rokeypj_ws/install/turtlebot_cosmo_interface/local/lib/python3.10/dist-packages/turtlebot_cosmo_interface/turtlebot_cosmo_interface_s__rosidl_typesupport_fastrtps_c.cpython-310-aarch64-linux-gnu.so
-- Up-to-date: /home/rokey-jw/rokeypj_ws/install/turtlebot_cosmo_interface/local/lib/python3.10/dist-packages/turtlebot_cosmo_interface/turtlebot_cosmo_interface_s__rosidl_typesupport_introspection_c.cpython-310-aarch64-linux-gnu.so
Listing '/home/rokey-jw/rokeypj_ws/install/turtlebot_cosmo_interface/local/lib/python3.10/dist-packages/turtlebot_cosmo_interface'...
Listing '/home/rokey-jw/rokeypj_ws/install/turtlebot_cosmo_interface/local/lib/python3.10/dist-packages/turtlebot_cosmo_interface/srv'...
-- Up-to-date: /home/rokey-jw/rokeypj_ws/install/turtlebot_cosmo_interface/local/lib/python3.10/dist-packages/turtlebot_cosmo_interface/turtlebot_cosmo_interface_s__rosidl_typesupport_fastrtps_c.cpython-310-aarch64-linux-gnu.so
-- Up-to-date: /home/rokey-jw/rokeypj_ws/install/turtlebot_cosmo_interface/local/lib/python3.10/dist-packages/turtlebot_cosmo_interface/turtlebot_cosmo_interface_s__rosidl_typesupport_introspection_c.cpython-310-aarch64-linux-gnu.so
-- Up-to-date: /home/rokey-jw/rokeypj_ws/install/turtlebot_cosmo_interface/local/lib/python3.10/dist-packages/turtlebot_cosmo_interface/turtlebot_cosmo_interface_s__rosidl_typesupport_c.cpython-310-aarch64-linux-gnu.so
-- Up-to-date: /home/rokey-jw/rokeypj_ws/install/turtlebot_cosmo_interface/lib/libturtlebot_cosmo_interface__rosidl_generator_py.so
-- Up-to-date: /home/rokey-jw/rokeypj_ws/install/turtlebot_cosmo_interface/share/turtlebot_cosmo_interface/srv/MoveitControl.idl
-- Up-to-date: /home/rokey-jw/rokeypj_ws/install/turtlebot_cosmo_interface/share/turtlebot_cosmo_interface/srv/MoveitControl.srv
-- Up-to-date: /home/rokey-jw/rokeypj_ws/install/turtlebot_cosmo_interface/share/turtlebot_cosmo_interface/srv/MoveitControl_Request.msg
-- Up-to-date: /home/rokey-jw/rokeypj_ws/install/turtlebot_cosmo_interface/share/turtlebot_cosmo_interface/srv/MoveitControl_Response.msg
-- Up-to-date: /home/rokey-jw/rokeypj_ws/install/turtlebot_cosmo_interface/share/ament_index/resource_index/package_run_dependencies/turtlebot_cosmo_interface
-- Up-to-date: /home/rokey-jw/rokeypj_ws/install/turtlebot_cosmo_interface/share/ament_index/resource_index/parent_prefix_path/turtlebot_cosmo_interface
-- Up-to-date: /home/rokey-jw/rokeypj_ws/install/turtlebot_cosmo_interface/share/turtlebot_cosmo_interface/environment/ament_prefix_path.sh
-- Up-to-date: /home/rokey-jw/rokeypj_ws/install/turtlebot_cosmo_interface/share/turtlebot_cosmo_interface/environment/ament_prefix_path.dsv
-- Up-to-date: /home/rokey-jw/rokeypj_ws/install/turtlebot_cosmo_interface/share/turtlebot_cosmo_interface/environment/path.sh
-- Up-to-date: /home/rokey-jw/rokeypj_ws/install/turtlebot_cosmo_interface/share/turtlebot_cosmo_interface/environment/path.dsv
-- Up-to-date: /home/rokey-jw/rokeypj_ws/install/turtlebot_cosmo_interface/share/turtlebot_cosmo_interface/local_setup.bash
-- Up-to-date: /home/rokey-jw/rokeypj_ws/install/turtlebot_cosmo_interface/share/turtlebot_cosmo_interface/local_setup.sh
-- Up-to-date: /home/rokey-jw/rokeypj_ws/install/turtlebot_cosmo_interface/share/turtlebot_cosmo_interface/local_setup.zsh
-- Up-to-date: /home/rokey-jw/rokeypj_ws/install/turtlebot_cosmo_interface/share/turtlebot_cosmo_interface/local_setup.dsv
-- Installing: /home/rokey-jw/rokeypj_ws/install/turtlebot_cosmo_interface/share/turtlebot_cosmo_interface/package.dsv
-- Up-to-date: /home/rokey-jw/rokeypj_ws/install/turtlebot_cosmo_interface/share/ament_index/resource_index/packages/turtlebot_cosmo_interface
-- Up-to-date: /home/rokey-jw/rokeypj_ws/install/turtlebot_cosmo_interface/share/turtlebot_cosmo_interface/cmake/export_turtlebot_cosmo_interface__rosidl_generator_cExport.cmake
-- Up-to-date: /home/rokey-jw/rokeypj_ws/install/turtlebot_cosmo_interface/share/turtlebot_cosmo_interface/cmake/export_turtlebot_cosmo_interface__rosidl_generator_cExport-noconfig.cmake
-- Up-to-date: /home/rokey-jw/rokeypj_ws/install/turtlebot_cosmo_interface/share/turtlebot_cosmo_interface/cmake/export_turtlebot_cosmo_interface__rosidl_typesupport_fastrtps_cExport.cmake
-- Up-to-date: /home/rokey-jw/rokeypj_ws/install/turtlebot_cosmo_interface/share/turtlebot_cosmo_interface/cmake/export_turtlebot_cosmo_interface__rosidl_typesupport_fastrtps_cExport-noconfig.cmake
-- Up-to-date: /home/rokey-jw/rokeypj_ws/install/turtlebot_cosmo_interface/share/turtlebot_cosmo_interface/cmake/export_turtlebot_cosmo_interface__rosidl_generator_cppExport.cmake
-- Up-to-date: /home/rokey-jw/rokeypj_ws/install/turtlebot_cosmo_interface/share/turtlebot_cosmo_interface/cmake/export_turtlebot_cosmo_interface__rosidl_typesupport_fastrtps_cppExport.cmake
-- Up-to-date: /home/rokey-jw/rokeypj_ws/install/turtlebot_cosmo_interface/share/turtlebot_cosmo_interface/cmake/export_turtlebot_cosmo_interface__rosidl_typesupport_fastrtps_cppExport-noconfig.cmake
-- Up-to-date: /home/rokey-jw/rokeypj_ws/install/turtlebot_cosmo_interface/share/turtlebot_cosmo_interface/cmake/turtlebot_cosmo_interface__rosidl_typesupport_introspection_cExport.cmake
-- Up-to-date: /home/rokey-jw/rokeypj_ws/install/turtlebot_cosmo_interface/share/turtlebot_cosmo_interface/cmake/turtlebot_cosmo_interface__rosidl_typesupport_introspection_cExport-noconfig.cmake
-- Up-to-date: /home/rokey-jw/rokeypj_ws/install/turtlebot_cosmo_interface/share/turtlebot_cosmo_interface/cmake/turtlebot_cosmo_interface__rosidl_typesupport_cExport.cmake
-- Up-to-date: /home/rokey-jw/rokeypj_ws/install/turtlebot_cosmo_interface/share/turtlebot_cosmo_interface/cmake/turtlebot_cosmo_interface__rosidl_typesupport_cExport-noconfig.cmake
-- Up-to-date: /home/rokey-jw/rokeypj_ws/install/turtlebot_cosmo_interface/share/turtlebot_cosmo_interface/cmake/turtlebot_cosmo_interface__rosidl_typesupport_introspection_cppExport.cmake
-- Up-to-date: /home/rokey-jw/rokeypj_ws/install/turtlebot_cosmo_interface/share/turtlebot_cosmo_interface/cmake/turtlebot_cosmo_interface__rosidl_typesupport_introspection_cppExport-noconfig.cmake
-- Up-to-date: /home/rokey-jw/rokeypj_ws/install/turtlebot_cosmo_interface/share/turtlebot_cosmo_interface/cmake/turtlebot_cosmo_interface__rosidl_typesupport_cppExport.cmake
-- Up-to-date: /home/rokey-jw/rokeypj_ws/install/turtlebot_cosmo_interface/share/turtlebot_cosmo_interface/cmake/turtlebot_cosmo_interface__rosidl_typesupport_cppExport-noconfig.cmake
-- Up-to-date: /home/rokey-jw/rokeypj_ws/install/turtlebot_cosmo_interface/share/turtlebot_cosmo_interface/cmake/export_turtlebot_cosmo_interface__rosidl_generator_pyExport.cmake
-- Up-to-date: /home/rokey-jw/rokeypj_ws/install/turtlebot_cosmo_interface/share/turtlebot_cosmo_interface/cmake/export_turtlebot_cosmo_interface__rosidl_generator_pyExport-noconfig.cmake
-- Up-to-date: /home/rokey-jw/rokeypj_ws/install/turtlebot_cosmo_interface/share/turtlebot_cosmo_interface/cmake/rosidl_cmake-extras.cmake
-- Up-to-date: /home/rokey-jw/rokeypj_ws/install/turtlebot_cosmo_interface/share/turtlebot_cosmo_interface/cmake/ament_cmake_export_dependencies-extras.cmake
-- Up-to-date: /home/rokey-jw/rokeypj_ws/install/turtlebot_cosmo_interface/share/turtlebot_cosmo_interface/cmake/ament_cmake_export_include_directories-extras.cmake
-- Up-to-date: /home/rokey-jw/rokeypj_ws/install/turtlebot_cosmo_interface/share/turtlebot_cosmo_interface/cmake/ament_cmake_export_libraries-extras.cmake
-- Up-to-date: /home/rokey-jw/rokeypj_ws/install/turtlebot_cosmo_interface/share/turtlebot_cosmo_interface/cmake/ament_cmake_export_targets-extras.cmake
-- Up-to-date: /home/rokey-jw/rokeypj_ws/install/turtlebot_cosmo_interface/share/turtlebot_cosmo_interface/cmake/rosidl_cmake_export_typesupport_targets-extras.cmake
-- Up-to-date: /home/rokey-jw/rokeypj_ws/install/turtlebot_cosmo_interface/share/turtlebot_cosmo_interface/cmake/rosidl_cmake_export_typesupport_libraries-extras.cmake
-- Up-to-date: /home/rokey-jw/rokeypj_ws/install/turtlebot_cosmo_interface/share/turtlebot_cosmo_interface/cmake/turtlebot_cosmo_interfaceConfig.cmake
-- Up-to-date: /home/rokey-jw/rokeypj_ws/install/turtlebot_cosmo_interface/share/turtlebot_cosmo_interface/cmake/turtlebot_cosmo_interfaceConfig-version.cmake
-- Up-to-date: /home/rokey-jw/rokeypj_ws/install/turtlebot_cosmo_interface/share/turtlebot_cosmo_interface/package.xml
