[0.084s] Invoking command in '/home/rokey-jw/rokeypj_ws/build/turtlebot_cosmo_interface': CMAKE_PREFIX_PATH=${CMAKE_PREFIX_PATH}:/home/rokey-jw/turtlebot3_ws/install/turtlebot3_teleop:/home/rokey-jw/turtlebot3_ws/install/turtlebot3_example:/home/rokey-jw/turtlebot3_ws/install/turtlebot3_autorace_mission:/home/rokey-jw/turtlebot3_ws/install/turtlebot3_autorace_detect:/home/rokey-jw/turtlebot3_ws/install/turtlebot3_autorace_camera:/home/rokey-jw/rokeypj_ws/install/sample_pkg:/home/rokey-jw/rokeypj_ws/install/fsd_pkg:/home/rokey-jw/rokeypj_ws/install/aruco_yolo:/opt/ros/humble /usr/bin/cmake --build /home/rokey-jw/rokeypj_ws/build/turtlebot_cosmo_interface -- -j6 -l6
[1.483s] [35m[1mConsolidate compiler generated dependencies of target turtlebot_cosmo_interface__rosidl_generator_c[0m
[1.484s] [  9%] Built target turtlebot_cosmo_interface__cpp
[1.485s] [ 12%] Built target turtlebot_cosmo_interface__rosidl_generator_c
[1.485s] [ 12%] Built target ament_cmake_python_copy_turtlebot_cosmo_interface
[1.485s] [35m[1mConsolidate compiler generated dependencies of target turtlebot_cosmo_interface__rosidl_typesupport_introspection_cpp[0m
[1.486s] [35m[1mConsolidate compiler generated dependencies of target turtlebot_cosmo_interface__rosidl_typesupport_fastrtps_c[0m
[1.486s] [35m[1mConsolidate compiler generated dependencies of target turtlebot_cosmo_interface__rosidl_typesupport_c[0m
[1.487s] [35m[1mConsolidate compiler generated dependencies of target turtlebot_cosmo_interface__rosidl_typesupport_introspection_c[0m
[1.487s] [35m[1mConsolidate compiler generated dependencies of target turtlebot_cosmo_interface__rosidl_typesupport_fastrtps_cpp[0m
[1.488s] [35m[1mConsolidate compiler generated dependencies of target turtlebot_cosmo_interface__rosidl_typesupport_cpp[0m
[1.488s] [ 22%] Built target turtlebot_cosmo_interface__rosidl_typesupport_fastrtps_c
[1.489s] [ 32%] Built target turtlebot_cosmo_interface__rosidl_typesupport_introspection_cpp
[1.491s] [ 41%] Built target turtlebot_cosmo_interface__rosidl_typesupport_c
[1.491s] [ 51%] Built target turtlebot_cosmo_interface__rosidl_typesupport_introspection_c
[1.493s] [ 61%] Built target turtlebot_cosmo_interface__rosidl_typesupport_cpp
[1.494s] [ 70%] Built target turtlebot_cosmo_interface__rosidl_typesupport_fastrtps_cpp
[1.495s] [ 70%] Built target turtlebot_cosmo_interface
[1.495s] [ 74%] Built target turtlebot_cosmo_interface__py
[1.495s] [35m[1mConsolidate compiler generated dependencies of target turtlebot_cosmo_interface__rosidl_generator_py[0m
[1.496s] [ 80%] Built target turtlebot_cosmo_interface__rosidl_generator_py
[1.496s] [35m[1mConsolidate compiler generated dependencies of target turtlebot_cosmo_interface__rosidl_typesupport_c__pyext[0m
[1.497s] [35m[1mConsolidate compiler generated dependencies of target turtlebot_cosmo_interface__rosidl_typesupport_introspection_c__pyext[0m
[1.497s] [35m[1mConsolidate compiler generated dependencies of target turtlebot_cosmo_interface__rosidl_typesupport_fastrtps_c__pyext[0m
[1.498s] [100%] Built target turtlebot_cosmo_interface__rosidl_typesupport_introspection_c__pyext
[1.498s] [100%] Built target turtlebot_cosmo_interface__rosidl_typesupport_fastrtps_c__pyext
[1.498s] [100%] Built target turtlebot_cosmo_interface__rosidl_typesupport_c__pyext
[1.498s] running egg_info
[1.499s] writing turtlebot_cosmo_interface.egg-info/PKG-INFO
[1.499s] writing dependency_links to turtlebot_cosmo_interface.egg-info/dependency_links.txt
[1.499s] writing top-level names to turtlebot_cosmo_interface.egg-info/top_level.txt
[1.499s] reading manifest file 'turtlebot_cosmo_interface.egg-info/SOURCES.txt'
[1.500s] writing manifest file 'turtlebot_cosmo_interface.egg-info/SOURCES.txt'
[1.500s] [100%] Built target ament_cmake_python_build_turtlebot_cosmo_interface_egg
[1.522s] Invoked command in '/home/rokey-jw/rokeypj_ws/build/turtlebot_cosmo_interface' returned '0': CMAKE_PREFIX_PATH=${CMAKE_PREFIX_PATH}:/home/rokey-jw/turtlebot3_ws/install/turtlebot3_teleop:/home/rokey-jw/turtlebot3_ws/install/turtlebot3_example:/home/rokey-jw/turtlebot3_ws/install/turtlebot3_autorace_mission:/home/rokey-jw/turtlebot3_ws/install/turtlebot3_autorace_detect:/home/rokey-jw/turtlebot3_ws/install/turtlebot3_autorace_camera:/home/rokey-jw/rokeypj_ws/install/sample_pkg:/home/rokey-jw/rokeypj_ws/install/fsd_pkg:/home/rokey-jw/rokeypj_ws/install/aruco_yolo:/opt/ros/humble /usr/bin/cmake --build /home/rokey-jw/rokeypj_ws/build/turtlebot_cosmo_interface -- -j6 -l6
[1.527s] Invoking command in '/home/rokey-jw/rokeypj_ws/build/turtlebot_cosmo_interface': CMAKE_PREFIX_PATH=${CMAKE_PREFIX_PATH}:/home/rokey-jw/turtlebot3_ws/install/turtlebot3_teleop:/home/rokey-jw/turtlebot3_ws/install/turtlebot3_example:/home/rokey-jw/turtlebot3_ws/install/turtlebot3_autorace_mission:/home/rokey-jw/turtlebot3_ws/install/turtlebot3_autorace_detect:/home/rokey-jw/turtlebot3_ws/install/turtlebot3_autorace_camera:/home/rokey-jw/rokeypj_ws/install/sample_pkg:/home/rokey-jw/rokeypj_ws/install/fsd_pkg:/home/rokey-jw/rokeypj_ws/install/aruco_yolo:/opt/ros/humble /usr/bin/cmake --install /home/rokey-jw/rokeypj_ws/build/turtlebot_cosmo_interface
[1.549s] -- Install configuration: ""
[1.549s] -- Up-to-date: /home/rokey-jw/rokeypj_ws/install/turtlebot_cosmo_interface/share/ament_index/resource_index/rosidl_interfaces/turtlebot_cosmo_interface
[1.549s] -- Up-to-date: /home/rokey-jw/rokeypj_ws/install/turtlebot_cosmo_interface/include/turtlebot_cosmo_interface/turtlebot_cosmo_interface
[1.550s] -- Up-to-date: /home/rokey-jw/rokeypj_ws/install/turtlebot_cosmo_interface/include/turtlebot_cosmo_interface/turtlebot_cosmo_interface/srv
[1.550s] -- Up-to-date: /home/rokey-jw/rokeypj_ws/install/turtlebot_cosmo_interface/include/turtlebot_cosmo_interface/turtlebot_cosmo_interface/srv/detail
[1.550s] -- Up-to-date: /home/rokey-jw/rokeypj_ws/install/turtlebot_cosmo_interface/include/turtlebot_cosmo_interface/turtlebot_cosmo_interface/srv/detail/moveit_control__functions.h
[1.550s] -- Up-to-date: /home/rokey-jw/rokeypj_ws/install/turtlebot_cosmo_interface/include/turtlebot_cosmo_interface/turtlebot_cosmo_interface/srv/detail/moveit_control__struct.h
[1.550s] -- Up-to-date: /home/rokey-jw/rokeypj_ws/install/turtlebot_cosmo_interface/include/turtlebot_cosmo_interface/turtlebot_cosmo_interface/srv/detail/moveit_control__type_support.h
[1.550s] -- Up-to-date: /home/rokey-jw/rokeypj_ws/install/turtlebot_cosmo_interface/include/turtlebot_cosmo_interface/turtlebot_cosmo_interface/srv/detail/moveit_control__functions.c
[1.550s] -- Up-to-date: /home/rokey-jw/rokeypj_ws/install/turtlebot_cosmo_interface/include/turtlebot_cosmo_interface/turtlebot_cosmo_interface/srv/moveit_control.h
[1.550s] -- Up-to-date: /home/rokey-jw/rokeypj_ws/install/turtlebot_cosmo_interface/include/turtlebot_cosmo_interface/turtlebot_cosmo_interface/msg
[1.551s] -- Up-to-date: /home/rokey-jw/rokeypj_ws/install/turtlebot_cosmo_interface/include/turtlebot_cosmo_interface/turtlebot_cosmo_interface/msg/rosidl_generator_c__visibility_control.h
[1.551s] -- Up-to-date: /home/rokey-jw/rokeypj_ws/install/turtlebot_cosmo_interface/share/turtlebot_cosmo_interface/environment/library_path.sh
[1.551s] -- Up-to-date: /home/rokey-jw/rokeypj_ws/install/turtlebot_cosmo_interface/share/turtlebot_cosmo_interface/environment/library_path.dsv
[1.551s] -- Up-to-date: /home/rokey-jw/rokeypj_ws/install/turtlebot_cosmo_interface/lib/libturtlebot_cosmo_interface__rosidl_generator_c.so
[1.551s] -- Up-to-date: /home/rokey-jw/rokeypj_ws/install/turtlebot_cosmo_interface/include/turtlebot_cosmo_interface/turtlebot_cosmo_interface
[1.551s] -- Up-to-date: /home/rokey-jw/rokeypj_ws/install/turtlebot_cosmo_interface/include/turtlebot_cosmo_interface/turtlebot_cosmo_interface/srv
[1.551s] -- Up-to-date: /home/rokey-jw/rokeypj_ws/install/turtlebot_cosmo_interface/include/turtlebot_cosmo_interface/turtlebot_cosmo_interface/srv/detail
[1.551s] -- Up-to-date: /home/rokey-jw/rokeypj_ws/install/turtlebot_cosmo_interface/include/turtlebot_cosmo_interface/turtlebot_cosmo_interface/srv/detail/moveit_control__rosidl_typesupport_fastrtps_c.h
[1.552s] -- Up-to-date: /home/rokey-jw/rokeypj_ws/install/turtlebot_cosmo_interface/include/turtlebot_cosmo_interface/turtlebot_cosmo_interface/msg
[1.552s] -- Up-to-date: /home/rokey-jw/rokeypj_ws/install/turtlebot_cosmo_interface/include/turtlebot_cosmo_interface/turtlebot_cosmo_interface/msg/rosidl_typesupport_fastrtps_c__visibility_control.h
[1.552s] -- Up-to-date: /home/rokey-jw/rokeypj_ws/install/turtlebot_cosmo_interface/lib/libturtlebot_cosmo_interface__rosidl_typesupport_fastrtps_c.so
[1.553s] -- Up-to-date: /home/rokey-jw/rokeypj_ws/install/turtlebot_cosmo_interface/include/turtlebot_cosmo_interface/turtlebot_cosmo_interface
[1.553s] -- Up-to-date: /home/rokey-jw/rokeypj_ws/install/turtlebot_cosmo_interface/include/turtlebot_cosmo_interface/turtlebot_cosmo_interface/srv
[1.553s] -- Up-to-date: /home/rokey-jw/rokeypj_ws/install/turtlebot_cosmo_interface/include/turtlebot_cosmo_interface/turtlebot_cosmo_interface/srv/moveit_control.hpp
[1.554s] -- Up-to-date: /home/rokey-jw/rokeypj_ws/install/turtlebot_cosmo_interface/include/turtlebot_cosmo_interface/turtlebot_cosmo_interface/srv/detail
[1.554s] -- Up-to-date: /home/rokey-jw/rokeypj_ws/install/turtlebot_cosmo_interface/include/turtlebot_cosmo_interface/turtlebot_cosmo_interface/srv/detail/moveit_control__traits.hpp
[1.555s] -- Up-to-date: /home/rokey-jw/rokeypj_ws/install/turtlebot_cosmo_interface/include/turtlebot_cosmo_interface/turtlebot_cosmo_interface/srv/detail/moveit_control__builder.hpp
[1.556s] -- Up-to-date: /home/rokey-jw/rokeypj_ws/install/turtlebot_cosmo_interface/include/turtlebot_cosmo_interface/turtlebot_cosmo_interface/srv/detail/moveit_control__type_support.hpp
[1.556s] -- Up-to-date: /home/rokey-jw/rokeypj_ws/install/turtlebot_cosmo_interface/include/turtlebot_cosmo_interface/turtlebot_cosmo_interface/srv/detail/moveit_control__struct.hpp
[1.556s] -- Up-to-date: /home/rokey-jw/rokeypj_ws/install/turtlebot_cosmo_interface/include/turtlebot_cosmo_interface/turtlebot_cosmo_interface/msg
[1.556s] -- Up-to-date: /home/rokey-jw/rokeypj_ws/install/turtlebot_cosmo_interface/include/turtlebot_cosmo_interface/turtlebot_cosmo_interface/msg/rosidl_generator_cpp__visibility_control.hpp
[1.557s] -- Up-to-date: /home/rokey-jw/rokeypj_ws/install/turtlebot_cosmo_interface/include/turtlebot_cosmo_interface/turtlebot_cosmo_interface
[1.559s] -- Up-to-date: /home/rokey-jw/rokeypj_ws/install/turtlebot_cosmo_interface/include/turtlebot_cosmo_interface/turtlebot_cosmo_interface/srv
[1.559s] -- Up-to-date: /home/rokey-jw/rokeypj_ws/install/turtlebot_cosmo_interface/include/turtlebot_cosmo_interface/turtlebot_cosmo_interface/srv/detail
[1.559s] -- Up-to-date: /home/rokey-jw/rokeypj_ws/install/turtlebot_cosmo_interface/include/turtlebot_cosmo_interface/turtlebot_cosmo_interface/srv/detail/dds_fastrtps
[1.559s] -- Up-to-date: /home/rokey-jw/rokeypj_ws/install/turtlebot_cosmo_interface/include/turtlebot_cosmo_interface/turtlebot_cosmo_interface/srv/detail/moveit_control__rosidl_typesupport_fastrtps_cpp.hpp
[1.559s] -- Up-to-date: /home/rokey-jw/rokeypj_ws/install/turtlebot_cosmo_interface/include/turtlebot_cosmo_interface/turtlebot_cosmo_interface/msg
[1.560s] -- Up-to-date: /home/rokey-jw/rokeypj_ws/install/turtlebot_cosmo_interface/include/turtlebot_cosmo_interface/turtlebot_cosmo_interface/msg/rosidl_typesupport_fastrtps_cpp__visibility_control.h
[1.560s] -- Up-to-date: /home/rokey-jw/rokeypj_ws/install/turtlebot_cosmo_interface/lib/libturtlebot_cosmo_interface__rosidl_typesupport_fastrtps_cpp.so
[1.560s] -- Up-to-date: /home/rokey-jw/rokeypj_ws/install/turtlebot_cosmo_interface/include/turtlebot_cosmo_interface/turtlebot_cosmo_interface
[1.560s] -- Up-to-date: /home/rokey-jw/rokeypj_ws/install/turtlebot_cosmo_interface/include/turtlebot_cosmo_interface/turtlebot_cosmo_interface/srv
[1.560s] -- Up-to-date: /home/rokey-jw/rokeypj_ws/install/turtlebot_cosmo_interface/include/turtlebot_cosmo_interface/turtlebot_cosmo_interface/srv/detail
[1.560s] -- Up-to-date: /home/rokey-jw/rokeypj_ws/install/turtlebot_cosmo_interface/include/turtlebot_cosmo_interface/turtlebot_cosmo_interface/srv/detail/moveit_control__type_support.c
[1.560s] -- Up-to-date: /home/rokey-jw/rokeypj_ws/install/turtlebot_cosmo_interface/include/turtlebot_cosmo_interface/turtlebot_cosmo_interface/srv/detail/moveit_control__rosidl_typesupport_introspection_c.h
[1.561s] -- Up-to-date: /home/rokey-jw/rokeypj_ws/install/turtlebot_cosmo_interface/include/turtlebot_cosmo_interface/turtlebot_cosmo_interface/msg
[1.561s] -- Up-to-date: /home/rokey-jw/rokeypj_ws/install/turtlebot_cosmo_interface/include/turtlebot_cosmo_interface/turtlebot_cosmo_interface/msg/rosidl_typesupport_introspection_c__visibility_control.h
[1.561s] -- Up-to-date: /home/rokey-jw/rokeypj_ws/install/turtlebot_cosmo_interface/lib/libturtlebot_cosmo_interface__rosidl_typesupport_introspection_c.so
[1.561s] -- Up-to-date: /home/rokey-jw/rokeypj_ws/install/turtlebot_cosmo_interface/lib/libturtlebot_cosmo_interface__rosidl_typesupport_c.so
[1.561s] -- Up-to-date: /home/rokey-jw/rokeypj_ws/install/turtlebot_cosmo_interface/include/turtlebot_cosmo_interface/turtlebot_cosmo_interface
[1.561s] -- Up-to-date: /home/rokey-jw/rokeypj_ws/install/turtlebot_cosmo_interface/include/turtlebot_cosmo_interface/turtlebot_cosmo_interface/srv
[1.561s] -- Up-to-date: /home/rokey-jw/rokeypj_ws/install/turtlebot_cosmo_interface/include/turtlebot_cosmo_interface/turtlebot_cosmo_interface/srv/detail
[1.561s] -- Up-to-date: /home/rokey-jw/rokeypj_ws/install/turtlebot_cosmo_interface/include/turtlebot_cosmo_interface/turtlebot_cosmo_interface/srv/detail/moveit_control__type_support.cpp
[1.561s] -- Up-to-date: /home/rokey-jw/rokeypj_ws/install/turtlebot_cosmo_interface/include/turtlebot_cosmo_interface/turtlebot_cosmo_interface/srv/detail/moveit_control__rosidl_typesupport_introspection_cpp.hpp
[1.562s] -- Up-to-date: /home/rokey-jw/rokeypj_ws/install/turtlebot_cosmo_interface/lib/libturtlebot_cosmo_interface__rosidl_typesupport_introspection_cpp.so
[1.562s] -- Up-to-date: /home/rokey-jw/rokeypj_ws/install/turtlebot_cosmo_interface/lib/libturtlebot_cosmo_interface__rosidl_typesupport_cpp.so
[1.562s] -- Up-to-date: /home/rokey-jw/rokeypj_ws/install/turtlebot_cosmo_interface/share/turtlebot_cosmo_interface/environment/pythonpath.sh
[1.562s] -- Up-to-date: /home/rokey-jw/rokeypj_ws/install/turtlebot_cosmo_interface/share/turtlebot_cosmo_interface/environment/pythonpath.dsv
[1.562s] -- Up-to-date: /home/rokey-jw/rokeypj_ws/install/turtlebot_cosmo_interface/local/lib/python3.10/dist-packages/turtlebot_cosmo_interface-0.0.0-py3.10.egg-info
[1.562s] -- Installing: /home/rokey-jw/rokeypj_ws/install/turtlebot_cosmo_interface/local/lib/python3.10/dist-packages/turtlebot_cosmo_interface-0.0.0-py3.10.egg-info/SOURCES.txt
[1.562s] -- Installing: /home/rokey-jw/rokeypj_ws/install/turtlebot_cosmo_interface/local/lib/python3.10/dist-packages/turtlebot_cosmo_interface-0.0.0-py3.10.egg-info/dependency_links.txt
[1.562s] -- Installing: /home/rokey-jw/rokeypj_ws/install/turtlebot_cosmo_interface/local/lib/python3.10/dist-packages/turtlebot_cosmo_interface-0.0.0-py3.10.egg-info/PKG-INFO
[1.563s] -- Installing: /home/rokey-jw/rokeypj_ws/install/turtlebot_cosmo_interface/local/lib/python3.10/dist-packages/turtlebot_cosmo_interface-0.0.0-py3.10.egg-info/top_level.txt
[1.563s] -- Up-to-date: /home/rokey-jw/rokeypj_ws/install/turtlebot_cosmo_interface/local/lib/python3.10/dist-packages/turtlebot_cosmo_interface
[1.563s] -- Up-to-date: /home/rokey-jw/rokeypj_ws/install/turtlebot_cosmo_interface/local/lib/python3.10/dist-packages/turtlebot_cosmo_interface/_turtlebot_cosmo_interface_s.ep.rosidl_typesupport_introspection_c.c
[1.563s] -- Up-to-date: /home/rokey-jw/rokeypj_ws/install/turtlebot_cosmo_interface/local/lib/python3.10/dist-packages/turtlebot_cosmo_interface/srv
[1.563s] -- Up-to-date: /home/rokey-jw/rokeypj_ws/install/turtlebot_cosmo_interface/local/lib/python3.10/dist-packages/turtlebot_cosmo_interface/srv/_moveit_control_s.c
[1.563s] -- Up-to-date: /home/rokey-jw/rokeypj_ws/install/turtlebot_cosmo_interface/local/lib/python3.10/dist-packages/turtlebot_cosmo_interface/srv/_moveit_control.py
[1.563s] -- Up-to-date: /home/rokey-jw/rokeypj_ws/install/turtlebot_cosmo_interface/local/lib/python3.10/dist-packages/turtlebot_cosmo_interface/srv/__init__.py
[1.563s] -- Up-to-date: /home/rokey-jw/rokeypj_ws/install/turtlebot_cosmo_interface/local/lib/python3.10/dist-packages/turtlebot_cosmo_interface/turtlebot_cosmo_interface_s__rosidl_typesupport_c.cpython-310-aarch64-linux-gnu.so
[1.564s] -- Up-to-date: /home/rokey-jw/rokeypj_ws/install/turtlebot_cosmo_interface/local/lib/python3.10/dist-packages/turtlebot_cosmo_interface/libturtlebot_cosmo_interface__rosidl_generator_py.so
[1.564s] -- Up-to-date: /home/rokey-jw/rokeypj_ws/install/turtlebot_cosmo_interface/local/lib/python3.10/dist-packages/turtlebot_cosmo_interface/_turtlebot_cosmo_interface_s.ep.rosidl_typesupport_c.c
[1.564s] -- Up-to-date: /home/rokey-jw/rokeypj_ws/install/turtlebot_cosmo_interface/local/lib/python3.10/dist-packages/turtlebot_cosmo_interface/_turtlebot_cosmo_interface_s.ep.rosidl_typesupport_fastrtps_c.c
[1.564s] -- Up-to-date: /home/rokey-jw/rokeypj_ws/install/turtlebot_cosmo_interface/local/lib/python3.10/dist-packages/turtlebot_cosmo_interface/__init__.py
[1.565s] -- Up-to-date: /home/rokey-jw/rokeypj_ws/install/turtlebot_cosmo_interface/local/lib/python3.10/dist-packages/turtlebot_cosmo_interface/turtlebot_cosmo_interface_s__rosidl_typesupport_fastrtps_c.cpython-310-aarch64-linux-gnu.so
[1.567s] -- Up-to-date: /home/rokey-jw/rokeypj_ws/install/turtlebot_cosmo_interface/local/lib/python3.10/dist-packages/turtlebot_cosmo_interface/turtlebot_cosmo_interface_s__rosidl_typesupport_introspection_c.cpython-310-aarch64-linux-gnu.so
[1.645s] Listing '/home/rokey-jw/rokeypj_ws/install/turtlebot_cosmo_interface/local/lib/python3.10/dist-packages/turtlebot_cosmo_interface'...
[1.645s] Listing '/home/rokey-jw/rokeypj_ws/install/turtlebot_cosmo_interface/local/lib/python3.10/dist-packages/turtlebot_cosmo_interface/srv'...
[1.662s] -- Up-to-date: /home/rokey-jw/rokeypj_ws/install/turtlebot_cosmo_interface/local/lib/python3.10/dist-packages/turtlebot_cosmo_interface/turtlebot_cosmo_interface_s__rosidl_typesupport_fastrtps_c.cpython-310-aarch64-linux-gnu.so
[1.663s] -- Up-to-date: /home/rokey-jw/rokeypj_ws/install/turtlebot_cosmo_interface/local/lib/python3.10/dist-packages/turtlebot_cosmo_interface/turtlebot_cosmo_interface_s__rosidl_typesupport_introspection_c.cpython-310-aarch64-linux-gnu.so
[1.663s] -- Up-to-date: /home/rokey-jw/rokeypj_ws/install/turtlebot_cosmo_interface/local/lib/python3.10/dist-packages/turtlebot_cosmo_interface/turtlebot_cosmo_interface_s__rosidl_typesupport_c.cpython-310-aarch64-linux-gnu.so
[1.663s] -- Up-to-date: /home/rokey-jw/rokeypj_ws/install/turtlebot_cosmo_interface/lib/libturtlebot_cosmo_interface__rosidl_generator_py.so
[1.664s] -- Up-to-date: /home/rokey-jw/rokeypj_ws/install/turtlebot_cosmo_interface/share/turtlebot_cosmo_interface/srv/MoveitControl.idl
[1.664s] -- Up-to-date: /home/rokey-jw/rokeypj_ws/install/turtlebot_cosmo_interface/share/turtlebot_cosmo_interface/srv/MoveitControl.srv
[1.665s] -- Up-to-date: /home/rokey-jw/rokeypj_ws/install/turtlebot_cosmo_interface/share/turtlebot_cosmo_interface/srv/MoveitControl_Request.msg
[1.665s] -- Up-to-date: /home/rokey-jw/rokeypj_ws/install/turtlebot_cosmo_interface/share/turtlebot_cosmo_interface/srv/MoveitControl_Response.msg
[1.666s] -- Up-to-date: /home/rokey-jw/rokeypj_ws/install/turtlebot_cosmo_interface/share/ament_index/resource_index/package_run_dependencies/turtlebot_cosmo_interface
[1.666s] -- Up-to-date: /home/rokey-jw/rokeypj_ws/install/turtlebot_cosmo_interface/share/ament_index/resource_index/parent_prefix_path/turtlebot_cosmo_interface
[1.667s] -- Up-to-date: /home/rokey-jw/rokeypj_ws/install/turtlebot_cosmo_interface/share/turtlebot_cosmo_interface/environment/ament_prefix_path.sh
[1.667s] -- Up-to-date: /home/rokey-jw/rokeypj_ws/install/turtlebot_cosmo_interface/share/turtlebot_cosmo_interface/environment/ament_prefix_path.dsv
[1.667s] -- Up-to-date: /home/rokey-jw/rokeypj_ws/install/turtlebot_cosmo_interface/share/turtlebot_cosmo_interface/environment/path.sh
[1.668s] -- Up-to-date: /home/rokey-jw/rokeypj_ws/install/turtlebot_cosmo_interface/share/turtlebot_cosmo_interface/environment/path.dsv
[1.668s] -- Up-to-date: /home/rokey-jw/rokeypj_ws/install/turtlebot_cosmo_interface/share/turtlebot_cosmo_interface/local_setup.bash
[1.669s] -- Up-to-date: /home/rokey-jw/rokeypj_ws/install/turtlebot_cosmo_interface/share/turtlebot_cosmo_interface/local_setup.sh
[1.669s] -- Up-to-date: /home/rokey-jw/rokeypj_ws/install/turtlebot_cosmo_interface/share/turtlebot_cosmo_interface/local_setup.zsh
[1.669s] -- Up-to-date: /home/rokey-jw/rokeypj_ws/install/turtlebot_cosmo_interface/share/turtlebot_cosmo_interface/local_setup.dsv
[1.670s] -- Installing: /home/rokey-jw/rokeypj_ws/install/turtlebot_cosmo_interface/share/turtlebot_cosmo_interface/package.dsv
[1.670s] -- Up-to-date: /home/rokey-jw/rokeypj_ws/install/turtlebot_cosmo_interface/share/ament_index/resource_index/packages/turtlebot_cosmo_interface
[1.671s] -- Up-to-date: /home/rokey-jw/rokeypj_ws/install/turtlebot_cosmo_interface/share/turtlebot_cosmo_interface/cmake/export_turtlebot_cosmo_interface__rosidl_generator_cExport.cmake
[1.671s] -- Up-to-date: /home/rokey-jw/rokeypj_ws/install/turtlebot_cosmo_interface/share/turtlebot_cosmo_interface/cmake/export_turtlebot_cosmo_interface__rosidl_generator_cExport-noconfig.cmake
[1.672s] -- Up-to-date: /home/rokey-jw/rokeypj_ws/install/turtlebot_cosmo_interface/share/turtlebot_cosmo_interface/cmake/export_turtlebot_cosmo_interface__rosidl_typesupport_fastrtps_cExport.cmake
[1.673s] -- Up-to-date: /home/rokey-jw/rokeypj_ws/install/turtlebot_cosmo_interface/share/turtlebot_cosmo_interface/cmake/export_turtlebot_cosmo_interface__rosidl_typesupport_fastrtps_cExport-noconfig.cmake
[1.674s] -- Up-to-date: /home/rokey-jw/rokeypj_ws/install/turtlebot_cosmo_interface/share/turtlebot_cosmo_interface/cmake/export_turtlebot_cosmo_interface__rosidl_generator_cppExport.cmake
[1.675s] -- Up-to-date: /home/rokey-jw/rokeypj_ws/install/turtlebot_cosmo_interface/share/turtlebot_cosmo_interface/cmake/export_turtlebot_cosmo_interface__rosidl_typesupport_fastrtps_cppExport.cmake
[1.675s] -- Up-to-date: /home/rokey-jw/rokeypj_ws/install/turtlebot_cosmo_interface/share/turtlebot_cosmo_interface/cmake/export_turtlebot_cosmo_interface__rosidl_typesupport_fastrtps_cppExport-noconfig.cmake
[1.675s] -- Up-to-date: /home/rokey-jw/rokeypj_ws/install/turtlebot_cosmo_interface/share/turtlebot_cosmo_interface/cmake/turtlebot_cosmo_interface__rosidl_typesupport_introspection_cExport.cmake
[1.675s] -- Up-to-date: /home/rokey-jw/rokeypj_ws/install/turtlebot_cosmo_interface/share/turtlebot_cosmo_interface/cmake/turtlebot_cosmo_interface__rosidl_typesupport_introspection_cExport-noconfig.cmake
[1.675s] -- Up-to-date: /home/rokey-jw/rokeypj_ws/install/turtlebot_cosmo_interface/share/turtlebot_cosmo_interface/cmake/turtlebot_cosmo_interface__rosidl_typesupport_cExport.cmake
[1.676s] -- Up-to-date: /home/rokey-jw/rokeypj_ws/install/turtlebot_cosmo_interface/share/turtlebot_cosmo_interface/cmake/turtlebot_cosmo_interface__rosidl_typesupport_cExport-noconfig.cmake
[1.676s] -- Up-to-date: /home/rokey-jw/rokeypj_ws/install/turtlebot_cosmo_interface/share/turtlebot_cosmo_interface/cmake/turtlebot_cosmo_interface__rosidl_typesupport_introspection_cppExport.cmake
[1.681s] -- Up-to-date: /home/rokey-jw/rokeypj_ws/install/turtlebot_cosmo_interface/share/turtlebot_cosmo_interface/cmake/turtlebot_cosmo_interface__rosidl_typesupport_introspection_cppExport-noconfig.cmake
[1.681s] -- Up-to-date: /home/rokey-jw/rokeypj_ws/install/turtlebot_cosmo_interface/share/turtlebot_cosmo_interface/cmake/turtlebot_cosmo_interface__rosidl_typesupport_cppExport.cmake
[1.681s] -- Up-to-date: /home/rokey-jw/rokeypj_ws/install/turtlebot_cosmo_interface/share/turtlebot_cosmo_interface/cmake/turtlebot_cosmo_interface__rosidl_typesupport_cppExport-noconfig.cmake
[1.681s] -- Up-to-date: /home/rokey-jw/rokeypj_ws/install/turtlebot_cosmo_interface/share/turtlebot_cosmo_interface/cmake/export_turtlebot_cosmo_interface__rosidl_generator_pyExport.cmake
[1.682s] -- Up-to-date: /home/rokey-jw/rokeypj_ws/install/turtlebot_cosmo_interface/share/turtlebot_cosmo_interface/cmake/export_turtlebot_cosmo_interface__rosidl_generator_pyExport-noconfig.cmake
[1.682s] -- Up-to-date: /home/rokey-jw/rokeypj_ws/install/turtlebot_cosmo_interface/share/turtlebot_cosmo_interface/cmake/rosidl_cmake-extras.cmake
[1.682s] -- Up-to-date: /home/rokey-jw/rokeypj_ws/install/turtlebot_cosmo_interface/share/turtlebot_cosmo_interface/cmake/ament_cmake_export_dependencies-extras.cmake
[1.682s] -- Up-to-date: /home/rokey-jw/rokeypj_ws/install/turtlebot_cosmo_interface/share/turtlebot_cosmo_interface/cmake/ament_cmake_export_include_directories-extras.cmake
[1.683s] -- Up-to-date: /home/rokey-jw/rokeypj_ws/install/turtlebot_cosmo_interface/share/turtlebot_cosmo_interface/cmake/ament_cmake_export_libraries-extras.cmake
[1.684s] -- Up-to-date: /home/rokey-jw/rokeypj_ws/install/turtlebot_cosmo_interface/share/turtlebot_cosmo_interface/cmake/ament_cmake_export_targets-extras.cmake
[1.684s] -- Up-to-date: /home/rokey-jw/rokeypj_ws/install/turtlebot_cosmo_interface/share/turtlebot_cosmo_interface/cmake/rosidl_cmake_export_typesupport_targets-extras.cmake
[1.685s] -- Up-to-date: /home/rokey-jw/rokeypj_ws/install/turtlebot_cosmo_interface/share/turtlebot_cosmo_interface/cmake/rosidl_cmake_export_typesupport_libraries-extras.cmake
[1.685s] -- Up-to-date: /home/rokey-jw/rokeypj_ws/install/turtlebot_cosmo_interface/share/turtlebot_cosmo_interface/cmake/turtlebot_cosmo_interfaceConfig.cmake
[1.685s] -- Up-to-date: /home/rokey-jw/rokeypj_ws/install/turtlebot_cosmo_interface/share/turtlebot_cosmo_interface/cmake/turtlebot_cosmo_interfaceConfig-version.cmake
[1.685s] -- Up-to-date: /home/rokey-jw/rokeypj_ws/install/turtlebot_cosmo_interface/share/turtlebot_cosmo_interface/package.xml
[1.709s] Invoked command in '/home/rokey-jw/rokeypj_ws/build/turtlebot_cosmo_interface' returned '0': CMAKE_PREFIX_PATH=${CMAKE_PREFIX_PATH}:/home/rokey-jw/turtlebot3_ws/install/turtlebot3_teleop:/home/rokey-jw/turtlebot3_ws/install/turtlebot3_example:/home/rokey-jw/turtlebot3_ws/install/turtlebot3_autorace_mission:/home/rokey-jw/turtlebot3_ws/install/turtlebot3_autorace_detect:/home/rokey-jw/turtlebot3_ws/install/turtlebot3_autorace_camera:/home/rokey-jw/rokeypj_ws/install/sample_pkg:/home/rokey-jw/rokeypj_ws/install/fsd_pkg:/home/rokey-jw/rokeypj_ws/install/aruco_yolo:/opt/ros/humble /usr/bin/cmake --install /home/rokey-jw/rokeypj_ws/build/turtlebot_cosmo_interface
