[2.649s] Invoking command in '/home/rokey-jw/rokeypj_ws/src/fsd_pkg': PYTHONPATH=/home/rokey-jw/rokeypj_ws/build/fsd_pkg/prefix_override:/usr/lib/python3/dist-packages/colcon_core/task/python/colcon_distutils_commands:/home/rokey-jw/rokeypj_ws/install/fsd_pkg/lib/python3.10/site-packages:${PYTHONPATH} /usr/bin/python3 -W ignore:setup.py install is deprecated -W ignore:easy_install command is deprecated setup.py egg_info --egg-base ../../build/fsd_pkg build --build-base /home/rokey-jw/rokeypj_ws/build/fsd_pkg/build install --record /home/rokey-jw/rokeypj_ws/build/fsd_pkg/install.log --single-version-externally-managed install_data
[3.294s] running egg_info
[3.295s] writing ../../build/fsd_pkg/fsd_pkg.egg-info/PKG-INFO
[3.301s] writing dependency_links to ../../build/fsd_pkg/fsd_pkg.egg-info/dependency_links.txt
[3.302s] writing entry points to ../../build/fsd_pkg/fsd_pkg.egg-info/entry_points.txt
[3.302s] writing requirements to ../../build/fsd_pkg/fsd_pkg.egg-info/requires.txt
[3.302s] writing top-level names to ../../build/fsd_pkg/fsd_pkg.egg-info/top_level.txt
[3.307s] reading manifest file '../../build/fsd_pkg/fsd_pkg.egg-info/SOURCES.txt'
[3.309s] writing manifest file '../../build/fsd_pkg/fsd_pkg.egg-info/SOURCES.txt'
[3.309s] running build
[3.309s] running build_py
[3.311s] running install
[3.311s] running install_lib
[3.316s] running install_data
[3.317s] running install_egg_info
[3.319s] removing '/home/rokey-jw/rokeypj_ws/install/fsd_pkg/lib/python3.10/site-packages/fsd_pkg-0.0.0-py3.10.egg-info' (and everything under it)
[3.320s] Copying ../../build/fsd_pkg/fsd_pkg.egg-info to /home/rokey-jw/rokeypj_ws/install/fsd_pkg/lib/python3.10/site-packages/fsd_pkg-0.0.0-py3.10.egg-info
[3.322s] running install_scripts
[3.369s] writing list of installed files to '/home/rokey-jw/rokeypj_ws/build/fsd_pkg/install.log'
[3.452s] Invoked command in '/home/rokey-jw/rokeypj_ws/src/fsd_pkg' returned '0': PYTHONPATH=/home/rokey-jw/rokeypj_ws/build/fsd_pkg/prefix_override:/usr/lib/python3/dist-packages/colcon_core/task/python/colcon_distutils_commands:/home/rokey-jw/rokeypj_ws/install/fsd_pkg/lib/python3.10/site-packages:${PYTHONPATH} /usr/bin/python3 -W ignore:setup.py install is deprecated -W ignore:easy_install command is deprecated setup.py egg_info --egg-base ../../build/fsd_pkg build --build-base /home/rokey-jw/rokeypj_ws/build/fsd_pkg/build install --record /home/rokey-jw/rokeypj_ws/build/fsd_pkg/install.log --single-version-externally-managed install_data
