[0.026s] Invoking command in '/home/rokey-jw/rokeypj_ws/build/manipulator_moveit': CMAKE_PREFIX_PATH=${CMAKE_PREFIX_PATH}:/home/rokey-jw/turtlebot3_ws/install/turtlebot3_teleop:/home/rokey-jw/turtlebot3_ws/install/turtlebot3_example:/home/rokey-jw/turtlebot3_ws/install/turtlebot3_autorace_mission:/home/rokey-jw/turtlebot3_ws/install/turtlebot3_autorace_detect:/home/rokey-jw/turtlebot3_ws/install/turtlebot3_autorace_camera:/home/rokey-jw/rokeypj_ws/install/sample_pkg:/home/rokey-jw/rokeypj_ws/install/fsd_pkg:/home/rokey-jw/rokeypj_ws/install/aruco_yolo:/opt/ros/humble /usr/bin/cmake /home/rokey-jw/rokeypj_ws/src/turtlebot_moveit/manipulator_moveit -DCMAKE_INSTALL_PREFIX=/home/rokey-jw/rokeypj_ws/install/manipulator_moveit
[0.207s] -- The C compiler identification is GNU 11.4.0
[0.353s] -- The CXX compiler identification is GNU 11.4.0
[0.368s] -- Detecting C compiler ABI info
[0.612s] -- Detecting C compiler ABI info - done
[0.633s] -- Check for working C compiler: /usr/bin/cc - skipped
[0.633s] -- Detecting C compile features
[0.633s] -- Detecting C compile features - done
[0.642s] -- Detecting CXX compiler ABI info
[0.868s] -- Detecting CXX compiler ABI info - done
[0.887s] -- Check for working CXX compiler: /usr/bin/c++ - skipped
[0.888s] -- Detecting CXX compile features
[0.890s] -- Detecting CXX compile features - done
[0.906s] -- Found ament_cmake: 1.3.11 (/opt/ros/humble/share/ament_cmake/cmake)
[1.626s] -- Found Python3: /usr/bin/python3 (found version "3.10.12") found components: Interpreter 
[2.199s] -- Found ament_lint_auto: 0.12.12 (/opt/ros/humble/share/ament_lint_auto/cmake)
[2.593s] -- Added test 'lint_cmake' to check CMake code style
[2.596s] -- Added test 'xmllint' to check XML markup files
[2.601s] -- Configuring done
[2.620s] -- Generating done
[2.623s] -- Build files have been written to: /home/rokey-jw/rokeypj_ws/build/manipulator_moveit
[2.816s] Invoked command in '/home/rokey-jw/rokeypj_ws/build/manipulator_moveit' returned '0': CMAKE_PREFIX_PATH=${CMAKE_PREFIX_PATH}:/home/rokey-jw/turtlebot3_ws/install/turtlebot3_teleop:/home/rokey-jw/turtlebot3_ws/install/turtlebot3_example:/home/rokey-jw/turtlebot3_ws/install/turtlebot3_autorace_mission:/home/rokey-jw/turtlebot3_ws/install/turtlebot3_autorace_detect:/home/rokey-jw/turtlebot3_ws/install/turtlebot3_autorace_camera:/home/rokey-jw/rokeypj_ws/install/sample_pkg:/home/rokey-jw/rokeypj_ws/install/fsd_pkg:/home/rokey-jw/rokeypj_ws/install/aruco_yolo:/opt/ros/humble /usr/bin/cmake /home/rokey-jw/rokeypj_ws/src/turtlebot_moveit/manipulator_moveit -DCMAKE_INSTALL_PREFIX=/home/rokey-jw/rokeypj_ws/install/manipulator_moveit
[2.817s] Invoking command in '/home/rokey-jw/rokeypj_ws/build/manipulator_moveit': CMAKE_PREFIX_PATH=${CMAKE_PREFIX_PATH}:/home/rokey-jw/turtlebot3_ws/install/turtlebot3_teleop:/home/rokey-jw/turtlebot3_ws/install/turtlebot3_example:/home/rokey-jw/turtlebot3_ws/install/turtlebot3_autorace_mission:/home/rokey-jw/turtlebot3_ws/install/turtlebot3_autorace_detect:/home/rokey-jw/turtlebot3_ws/install/turtlebot3_autorace_camera:/home/rokey-jw/rokeypj_ws/install/sample_pkg:/home/rokey-jw/rokeypj_ws/install/fsd_pkg:/home/rokey-jw/rokeypj_ws/install/aruco_yolo:/opt/ros/humble /usr/bin/cmake --build /home/rokey-jw/rokeypj_ws/build/manipulator_moveit -- -j6 -l6
[3.032s] Invoked command in '/home/rokey-jw/rokeypj_ws/build/manipulator_moveit' returned '0': CMAKE_PREFIX_PATH=${CMAKE_PREFIX_PATH}:/home/rokey-jw/turtlebot3_ws/install/turtlebot3_teleop:/home/rokey-jw/turtlebot3_ws/install/turtlebot3_example:/home/rokey-jw/turtlebot3_ws/install/turtlebot3_autorace_mission:/home/rokey-jw/turtlebot3_ws/install/turtlebot3_autorace_detect:/home/rokey-jw/turtlebot3_ws/install/turtlebot3_autorace_camera:/home/rokey-jw/rokeypj_ws/install/sample_pkg:/home/rokey-jw/rokeypj_ws/install/fsd_pkg:/home/rokey-jw/rokeypj_ws/install/aruco_yolo:/opt/ros/humble /usr/bin/cmake --build /home/rokey-jw/rokeypj_ws/build/manipulator_moveit -- -j6 -l6
[3.034s] Invoking command in '/home/rokey-jw/rokeypj_ws/build/manipulator_moveit': CMAKE_PREFIX_PATH=${CMAKE_PREFIX_PATH}:/home/rokey-jw/turtlebot3_ws/install/turtlebot3_teleop:/home/rokey-jw/turtlebot3_ws/install/turtlebot3_example:/home/rokey-jw/turtlebot3_ws/install/turtlebot3_autorace_mission:/home/rokey-jw/turtlebot3_ws/install/turtlebot3_autorace_detect:/home/rokey-jw/turtlebot3_ws/install/turtlebot3_autorace_camera:/home/rokey-jw/rokeypj_ws/install/sample_pkg:/home/rokey-jw/rokeypj_ws/install/fsd_pkg:/home/rokey-jw/rokeypj_ws/install/aruco_yolo:/opt/ros/humble /usr/bin/cmake --install /home/rokey-jw/rokeypj_ws/build/manipulator_moveit
[3.051s] -- Install configuration: ""
[3.051s] -- Installing: /home/rokey-jw/rokeypj_ws/install/manipulator_moveit/share/ament_index/resource_index/package_run_dependencies/manipulator_moveit
[3.052s] -- Installing: /home/rokey-jw/rokeypj_ws/install/manipulator_moveit/share/ament_index/resource_index/parent_prefix_path/manipulator_moveit
[3.065s] -- Installing: /home/rokey-jw/rokeypj_ws/install/manipulator_moveit/share/manipulator_moveit/environment/ament_prefix_path.sh
[3.066s] -- Installing: /home/rokey-jw/rokeypj_ws/install/manipulator_moveit/share/manipulator_moveit/environment/ament_prefix_path.dsv
[3.066s] -- Installing: /home/rokey-jw/rokeypj_ws/install/manipulator_moveit/share/manipulator_moveit/environment/path.sh
[3.066s] -- Installing: /home/rokey-jw/rokeypj_ws/install/manipulator_moveit/share/manipulator_moveit/environment/path.dsv
[3.067s] -- Installing: /home/rokey-jw/rokeypj_ws/install/manipulator_moveit/share/manipulator_moveit/local_setup.bash
[3.067s] -- Installing: /home/rokey-jw/rokeypj_ws/install/manipulator_moveit/share/manipulator_moveit/local_setup.sh
[3.069s] -- Installing: /home/rokey-jw/rokeypj_ws/install/manipulator_moveit/share/manipulator_moveit/local_setup.zsh
[3.069s] -- Installing: /home/rokey-jw/rokeypj_ws/install/manipulator_moveit/share/manipulator_moveit/local_setup.dsv
[3.069s] -- Installing: /home/rokey-jw/rokeypj_ws/install/manipulator_moveit/share/manipulator_moveit/package.dsv
[3.069s] -- Installing: /home/rokey-jw/rokeypj_ws/install/manipulator_moveit/share/ament_index/resource_index/packages/manipulator_moveit
[3.069s] -- Installing: /home/rokey-jw/rokeypj_ws/install/manipulator_moveit/share/manipulator_moveit/cmake/manipulator_moveitConfig.cmake
[3.069s] -- Installing: /home/rokey-jw/rokeypj_ws/install/manipulator_moveit/share/manipulator_moveit/cmake/manipulator_moveitConfig-version.cmake
[3.069s] -- Installing: /home/rokey-jw/rokeypj_ws/install/manipulator_moveit/share/manipulator_moveit/package.xml
[3.087s] Invoked command in '/home/rokey-jw/rokeypj_ws/build/manipulator_moveit' returned '0': CMAKE_PREFIX_PATH=${CMAKE_PREFIX_PATH}:/home/rokey-jw/turtlebot3_ws/install/turtlebot3_teleop:/home/rokey-jw/turtlebot3_ws/install/turtlebot3_example:/home/rokey-jw/turtlebot3_ws/install/turtlebot3_autorace_mission:/home/rokey-jw/turtlebot3_ws/install/turtlebot3_autorace_detect:/home/rokey-jw/turtlebot3_ws/install/turtlebot3_autorace_camera:/home/rokey-jw/rokeypj_ws/install/sample_pkg:/home/rokey-jw/rokeypj_ws/install/fsd_pkg:/home/rokey-jw/rokeypj_ws/install/aruco_yolo:/opt/ros/humble /usr/bin/cmake --install /home/rokey-jw/rokeypj_ws/build/manipulator_moveit
