[2.440s] Invoking command in '/home/rokey-jw/rokeypj_ws/src/fsd_pkg': PYTHONPATH=/home/rokey-jw/rokeypj_ws/build/fsd_pkg/prefix_override:/usr/lib/python3/dist-packages/colcon_core/task/python/colcon_distutils_commands:/home/rokey-jw/rokeypj_ws/install/fsd_pkg/lib/python3.10/site-packages:${PYTHONPATH} /usr/bin/python3 -W ignore:setup.py install is deprecated -W ignore:easy_install command is deprecated setup.py egg_info --egg-base ../../build/fsd_pkg build --build-base /home/rokey-jw/rokeypj_ws/build/fsd_pkg/build install --record /home/rokey-jw/rokeypj_ws/build/fsd_pkg/install.log --single-version-externally-managed install_data
[3.362s] running egg_info
[3.363s] creating ../../build/fsd_pkg/fsd_pkg.egg-info
[3.363s] writing ../../build/fsd_pkg/fsd_pkg.egg-info/PKG-INFO
[3.366s] writing dependency_links to ../../build/fsd_pkg/fsd_pkg.egg-info/dependency_links.txt
[3.368s] writing entry points to ../../build/fsd_pkg/fsd_pkg.egg-info/entry_points.txt
[3.368s] writing requirements to ../../build/fsd_pkg/fsd_pkg.egg-info/requires.txt
[3.369s] writing top-level names to ../../build/fsd_pkg/fsd_pkg.egg-info/top_level.txt
[3.373s] writing manifest file '../../build/fsd_pkg/fsd_pkg.egg-info/SOURCES.txt'
[3.374s] reading manifest file '../../build/fsd_pkg/fsd_pkg.egg-info/SOURCES.txt'
[3.376s] writing manifest file '../../build/fsd_pkg/fsd_pkg.egg-info/SOURCES.txt'
[3.378s] running build
[3.379s] running build_py
[3.379s] creating /home/rokey-jw/rokeypj_ws/build/fsd_pkg/build
[3.380s] creating /home/rokey-jw/rokeypj_ws/build/fsd_pkg/build/lib
[3.380s] creating /home/rokey-jw/rokeypj_ws/build/fsd_pkg/build/lib/fsd_pkg
[3.381s] copying fsd_pkg/white_line_detect.py -> /home/rokey-jw/rokeypj_ws/build/fsd_pkg/build/lib/fsd_pkg
[3.381s] copying fsd_pkg/yellow_line_detect.py -> /home/rokey-jw/rokeypj_ws/build/fsd_pkg/build/lib/fsd_pkg
[3.382s] copying fsd_pkg/__init__.py -> /home/rokey-jw/rokeypj_ws/build/fsd_pkg/build/lib/fsd_pkg
[3.382s] running install
[3.383s] running install_lib
[3.384s] creating /home/rokey-jw/rokeypj_ws/install/fsd_pkg/lib/python3.10/site-packages/fsd_pkg
[3.385s] copying /home/rokey-jw/rokeypj_ws/build/fsd_pkg/build/lib/fsd_pkg/white_line_detect.py -> /home/rokey-jw/rokeypj_ws/install/fsd_pkg/lib/python3.10/site-packages/fsd_pkg
[3.385s] copying /home/rokey-jw/rokeypj_ws/build/fsd_pkg/build/lib/fsd_pkg/yellow_line_detect.py -> /home/rokey-jw/rokeypj_ws/install/fsd_pkg/lib/python3.10/site-packages/fsd_pkg
[3.386s] copying /home/rokey-jw/rokeypj_ws/build/fsd_pkg/build/lib/fsd_pkg/__init__.py -> /home/rokey-jw/rokeypj_ws/install/fsd_pkg/lib/python3.10/site-packages/fsd_pkg
[3.387s] byte-compiling /home/rokey-jw/rokeypj_ws/install/fsd_pkg/lib/python3.10/site-packages/fsd_pkg/white_line_detect.py to white_line_detect.cpython-310.pyc
[3.388s] byte-compiling /home/rokey-jw/rokeypj_ws/install/fsd_pkg/lib/python3.10/site-packages/fsd_pkg/yellow_line_detect.py to yellow_line_detect.cpython-310.pyc
[3.388s] byte-compiling /home/rokey-jw/rokeypj_ws/install/fsd_pkg/lib/python3.10/site-packages/fsd_pkg/__init__.py to __init__.cpython-310.pyc
[3.388s] running install_data
[3.388s] creating /home/rokey-jw/rokeypj_ws/install/fsd_pkg/share/ament_index
[3.388s] creating /home/rokey-jw/rokeypj_ws/install/fsd_pkg/share/ament_index/resource_index
[3.388s] creating /home/rokey-jw/rokeypj_ws/install/fsd_pkg/share/ament_index/resource_index/packages
[3.389s] copying resource/fsd_pkg -> /home/rokey-jw/rokeypj_ws/install/fsd_pkg/share/ament_index/resource_index/packages
[3.389s] copying package.xml -> /home/rokey-jw/rokeypj_ws/install/fsd_pkg/share/fsd_pkg
[3.389s] running install_egg_info
[3.389s] Copying ../../build/fsd_pkg/fsd_pkg.egg-info to /home/rokey-jw/rokeypj_ws/install/fsd_pkg/lib/python3.10/site-packages/fsd_pkg-0.0.0-py3.10.egg-info
[3.389s] running install_scripts
[3.389s] writing list of installed files to '/home/rokey-jw/rokeypj_ws/build/fsd_pkg/install.log'
[3.390s] Invoked command in '/home/rokey-jw/rokeypj_ws/src/fsd_pkg' returned '0': PYTHONPATH=/home/rokey-jw/rokeypj_ws/build/fsd_pkg/prefix_override:/usr/lib/python3/dist-packages/colcon_core/task/python/colcon_distutils_commands:/home/rokey-jw/rokeypj_ws/install/fsd_pkg/lib/python3.10/site-packages:${PYTHONPATH} /usr/bin/python3 -W ignore:setup.py install is deprecated -W ignore:easy_install command is deprecated setup.py egg_info --egg-base ../../build/fsd_pkg build --build-base /home/rokey-jw/rokeypj_ws/build/fsd_pkg/build install --record /home/rokey-jw/rokeypj_ws/build/fsd_pkg/install.log --single-version-externally-managed install_data
