[35m[1mConsolidate compiler generated dependencies of target turtlebot_moveit[0m
[35m[1mConsolidate compiler generated dependencies of target get_eef_pose[0m
[35m[1mConsolidate compiler generated dependencies of target turtlebot_arm_controller[0m
[ 33%] Built target turtlebot_moveit
[ 66%] Built target get_eef_pose
[100%] Built target turtlebot_arm_controller
[100%] Built target ament_cmake_python_copy_scripts
running egg_info
writing scripts.egg-info/PKG-INFO
writing dependency_links to scripts.egg-info/dependency_links.txt
writing top-level names to scripts.egg-info/top_level.txt
reading manifest file 'scripts.egg-info/SOURCES.txt'
writing manifest file 'scripts.egg-info/SOURCES.txt'
[100%] Built target ament_cmake_python_build_scripts_egg
-- Install configuration: ""
-- Up-to-date: /home/rokey-jw/rokeypj_ws/install/turtlebot_moveit/lib/turtlebot_moveit/turtlebot_moveit
-- Up-to-date: /home/rokey-jw/rokeypj_ws/install/turtlebot_moveit/lib/turtlebot_moveit/get_eef_pose
-- Up-to-date: /home/rokey-jw/rokeypj_ws/install/turtlebot_moveit/lib/turtlebot_moveit/turtlebot_arm_controller
-- Up-to-date: /home/rokey-jw/rokeypj_ws/install/turtlebot_moveit/share/turtlebot_moveit/environment/pythonpath.sh
-- Up-to-date: /home/rokey-jw/rokeypj_ws/install/turtlebot_moveit/share/turtlebot_moveit/environment/pythonpath.dsv
-- Up-to-date: /home/rokey-jw/rokeypj_ws/install/turtlebot_moveit/local/lib/python3.10/dist-packages/scripts-0.0.0-py3.10.egg-info
-- Installing: /home/rokey-jw/rokeypj_ws/install/turtlebot_moveit/local/lib/python3.10/dist-packages/scripts-0.0.0-py3.10.egg-info/SOURCES.txt
-- Installing: /home/rokey-jw/rokeypj_ws/install/turtlebot_moveit/local/lib/python3.10/dist-packages/scripts-0.0.0-py3.10.egg-info/dependency_links.txt
-- Installing: /home/rokey-jw/rokeypj_ws/install/turtlebot_moveit/local/lib/python3.10/dist-packages/scripts-0.0.0-py3.10.egg-info/PKG-INFO
-- Installing: /home/rokey-jw/rokeypj_ws/install/turtlebot_moveit/local/lib/python3.10/dist-packages/scripts-0.0.0-py3.10.egg-info/top_level.txt
-- Up-to-date: /home/rokey-jw/rokeypj_ws/install/turtlebot_moveit/local/lib/python3.10/dist-packages/scripts
-- Up-to-date: /home/rokey-jw/rokeypj_ws/install/turtlebot_moveit/local/lib/python3.10/dist-packages/scripts/srv_call_test.py
-- Up-to-date: /home/rokey-jw/rokeypj_ws/install/turtlebot_moveit/local/lib/python3.10/dist-packages/scripts/project_sample.py
-- Up-to-date: /home/rokey-jw/rokeypj_ws/install/turtlebot_moveit/local/lib/python3.10/dist-packages/scripts/gripper_open_close.py
-- Up-to-date: /home/rokey-jw/rokeypj_ws/install/turtlebot_moveit/local/lib/python3.10/dist-packages/scripts/task.py
-- Up-to-date: /home/rokey-jw/rokeypj_ws/install/turtlebot_moveit/local/lib/python3.10/dist-packages/scripts/__init__.py
Listing '/home/rokey-jw/rokeypj_ws/install/turtlebot_moveit/local/lib/python3.10/dist-packages/scripts'...
-- Up-to-date: /home/rokey-jw/rokeypj_ws/install/turtlebot_moveit/lib/turtlebot_moveit/srv_call_test.py
-- Up-to-date: /home/rokey-jw/rokeypj_ws/install/turtlebot_moveit/lib/turtlebot_moveit/task.py
-- Up-to-date: /home/rokey-jw/rokeypj_ws/install/turtlebot_moveit/share/turtlebot_moveit//launch
-- Up-to-date: /home/rokey-jw/rokeypj_ws/install/turtlebot_moveit/share/turtlebot_moveit//launch/move_group.launch.py
-- Up-to-date: /home/rokey-jw/rokeypj_ws/install/turtlebot_moveit/share/ament_index/resource_index/package_run_dependencies/turtlebot_moveit
-- Up-to-date: /home/rokey-jw/rokeypj_ws/install/turtlebot_moveit/share/ament_index/resource_index/parent_prefix_path/turtlebot_moveit
-- Up-to-date: /home/rokey-jw/rokeypj_ws/install/turtlebot_moveit/share/turtlebot_moveit/environment/ament_prefix_path.sh
-- Up-to-date: /home/rokey-jw/rokeypj_ws/install/turtlebot_moveit/share/turtlebot_moveit/environment/ament_prefix_path.dsv
-- Up-to-date: /home/rokey-jw/rokeypj_ws/install/turtlebot_moveit/share/turtlebot_moveit/environment/path.sh
-- Up-to-date: /home/rokey-jw/rokeypj_ws/install/turtlebot_moveit/share/turtlebot_moveit/environment/path.dsv
-- Up-to-date: /home/rokey-jw/rokeypj_ws/install/turtlebot_moveit/share/turtlebot_moveit/local_setup.bash
-- Up-to-date: /home/rokey-jw/rokeypj_ws/install/turtlebot_moveit/share/turtlebot_moveit/local_setup.sh
-- Up-to-date: /home/rokey-jw/rokeypj_ws/install/turtlebot_moveit/share/turtlebot_moveit/local_setup.zsh
-- Up-to-date: /home/rokey-jw/rokeypj_ws/install/turtlebot_moveit/share/turtlebot_moveit/local_setup.dsv
-- Installing: /home/rokey-jw/rokeypj_ws/install/turtlebot_moveit/share/turtlebot_moveit/package.dsv
-- Up-to-date: /home/rokey-jw/rokeypj_ws/install/turtlebot_moveit/share/ament_index/resource_index/packages/turtlebot_moveit
-- Up-to-date: /home/rokey-jw/rokeypj_ws/install/turtlebot_moveit/share/turtlebot_moveit/cmake/turtlebot_moveitConfig.cmake
-- Up-to-date: /home/rokey-jw/rokeypj_ws/install/turtlebot_moveit/share/turtlebot_moveit/cmake/turtlebot_moveitConfig-version.cmake
-- Up-to-date: /home/rokey-jw/rokeypj_ws/install/turtlebot_moveit/share/turtlebot_moveit/package.xml
