[0.138s] Invoking command in '/home/rokey-jw/rokeypj_ws/build/turtlebot_moveit': CMAKE_PREFIX_PATH=/home/rokey-jw/rokeypj_ws/install/turtlebot_cosmo_interface:/home/rokey-jw/turtlebot3_ws/install/turtlebot3:/home/rokey-jw/turtlebot3_ws/install/turtlebot3_bringup:/home/rokey-jw/turtlebot3_ws/install/turtlebot3_node:/home/rokey-jw/turtlebot3_ws/install/turtlebot3_manipulation:/home/rokey-jw/turtlebot3_ws/install/turtlebot3_manipulation_teleop:/home/rokey-jw/turtlebot3_ws/install/turtlebot3_manipulation_navigation2:/home/rokey-jw/turtlebot3_ws/install/turtlebot3_manipulation_moveit_config:/home/rokey-jw/turtlebot3_ws/install/turtlebot3_manipulation_hardware:/home/rokey-jw/turtlebot3_ws/install/turtlebot3_manipulation_bringup:/home/rokey-jw/turtlebot3_ws/install/turtlebot3_manipulation_description:/home/rokey-jw/turtlebot3_ws/install/turtlebot3_manipulation_cartographer:/home/rokey-jw/turtlebot3_ws/install/turtlebot3_description:/home/rokey-jw/turtlebot3_ws/install/turtlebot3_autorace:/home/rokey-jw/turtlebot3_ws/install/ld08_driver:/home/rokey-jw/rokeypj_ws/install/turtlebot_moveit:/home/rokey-jw/rokeypj_ws/install/turtlebot3_manipulation:/home/rokey-jw/rokeypj_ws/install/turtlebot3_manipulation_teleop:/home/rokey-jw/rokeypj_ws/install/turtlebot3_manipulation_moveit_config:/home/rokey-jw/rokeypj_ws/install/turtlebot3_manipulation_hardware:/home/rokey-jw/rokeypj_ws/install/turtlebot3_manipulation_bringup:/home/rokey-jw/rokeypj_ws/install/turtlebot3_manipulation_description:/home/rokey-jw/rokeypj_ws/install/manipulator_moveit:/home/rokey-jw/rokeypj_ws/install/ld08_driver:/home/rokey-jw/turtlebot3_ws/install/turtlebot3_teleop:/home/rokey-jw/turtlebot3_ws/install/turtlebot3_example:/home/rokey-jw/turtlebot3_ws/install/turtlebot3_autorace_mission:/home/rokey-jw/turtlebot3_ws/install/turtlebot3_autorace_detect:/home/rokey-jw/turtlebot3_ws/install/turtlebot3_autorace_camera:/home/rokey-jw/rokeypj_ws/install/sample_pkg:/home/rokey-jw/rokeypj_ws/install/fsd_pkg:/home/rokey-jw/rokeypj_ws/install/aruco_yolo:/opt/ros/humble LD_LIBRARY_PATH=/home/rokey-jw/rokeypj_ws/install/turtlebot_cosmo_interface/lib:/home/rokey-jw/turtlebot3_ws/install/turtlebot3_manipulation_hardware/lib:/home/rokey-jw/rokeypj_ws/install/turtlebot3_manipulation_hardware/lib:/opt/ros/humble/opt/rviz_ogre_vendor/lib:/opt/ros/humble/lib/aarch64-linux-gnu:/opt/ros/humble/lib /usr/bin/cmake --build /home/rokey-jw/rokeypj_ws/build/turtlebot_moveit -- -j6 -l6
[0.248s] [35m[1mConsolidate compiler generated dependencies of target turtlebot_moveit[0m
[0.259s] [35m[1mConsolidate compiler generated dependencies of target get_eef_pose[0m
[0.275s] [35m[1mConsolidate compiler generated dependencies of target turtlebot_arm_controller[0m
[0.316s] [ 33%] Built target turtlebot_moveit
[0.335s] [ 66%] Built target get_eef_pose
[0.342s] [100%] Built target turtlebot_arm_controller
[0.353s] [100%] Built target ament_cmake_python_copy_scripts
[1.038s] running egg_info
[1.041s] writing scripts.egg-info/PKG-INFO
[1.041s] writing dependency_links to scripts.egg-info/dependency_links.txt
[1.041s] writing top-level names to scripts.egg-info/top_level.txt
[1.046s] reading manifest file 'scripts.egg-info/SOURCES.txt'
[1.048s] writing manifest file 'scripts.egg-info/SOURCES.txt'
[1.127s] [100%] Built target ament_cmake_python_build_scripts_egg
[1.150s] Invoked command in '/home/rokey-jw/rokeypj_ws/build/turtlebot_moveit' returned '0': CMAKE_PREFIX_PATH=/home/rokey-jw/rokeypj_ws/install/turtlebot_cosmo_interface:/home/rokey-jw/turtlebot3_ws/install/turtlebot3:/home/rokey-jw/turtlebot3_ws/install/turtlebot3_bringup:/home/rokey-jw/turtlebot3_ws/install/turtlebot3_node:/home/rokey-jw/turtlebot3_ws/install/turtlebot3_manipulation:/home/rokey-jw/turtlebot3_ws/install/turtlebot3_manipulation_teleop:/home/rokey-jw/turtlebot3_ws/install/turtlebot3_manipulation_navigation2:/home/rokey-jw/turtlebot3_ws/install/turtlebot3_manipulation_moveit_config:/home/rokey-jw/turtlebot3_ws/install/turtlebot3_manipulation_hardware:/home/rokey-jw/turtlebot3_ws/install/turtlebot3_manipulation_bringup:/home/rokey-jw/turtlebot3_ws/install/turtlebot3_manipulation_description:/home/rokey-jw/turtlebot3_ws/install/turtlebot3_manipulation_cartographer:/home/rokey-jw/turtlebot3_ws/install/turtlebot3_description:/home/rokey-jw/turtlebot3_ws/install/turtlebot3_autorace:/home/rokey-jw/turtlebot3_ws/install/ld08_driver:/home/rokey-jw/rokeypj_ws/install/turtlebot_moveit:/home/rokey-jw/rokeypj_ws/install/turtlebot3_manipulation:/home/rokey-jw/rokeypj_ws/install/turtlebot3_manipulation_teleop:/home/rokey-jw/rokeypj_ws/install/turtlebot3_manipulation_moveit_config:/home/rokey-jw/rokeypj_ws/install/turtlebot3_manipulation_hardware:/home/rokey-jw/rokeypj_ws/install/turtlebot3_manipulation_bringup:/home/rokey-jw/rokeypj_ws/install/turtlebot3_manipulation_description:/home/rokey-jw/rokeypj_ws/install/manipulator_moveit:/home/rokey-jw/rokeypj_ws/install/ld08_driver:/home/rokey-jw/turtlebot3_ws/install/turtlebot3_teleop:/home/rokey-jw/turtlebot3_ws/install/turtlebot3_example:/home/rokey-jw/turtlebot3_ws/install/turtlebot3_autorace_mission:/home/rokey-jw/turtlebot3_ws/install/turtlebot3_autorace_detect:/home/rokey-jw/turtlebot3_ws/install/turtlebot3_autorace_camera:/home/rokey-jw/rokeypj_ws/install/sample_pkg:/home/rokey-jw/rokeypj_ws/install/fsd_pkg:/home/rokey-jw/rokeypj_ws/install/aruco_yolo:/opt/ros/humble LD_LIBRARY_PATH=/home/rokey-jw/rokeypj_ws/install/turtlebot_cosmo_interface/lib:/home/rokey-jw/turtlebot3_ws/install/turtlebot3_manipulation_hardware/lib:/home/rokey-jw/rokeypj_ws/install/turtlebot3_manipulation_hardware/lib:/opt/ros/humble/opt/rviz_ogre_vendor/lib:/opt/ros/humble/lib/aarch64-linux-gnu:/opt/ros/humble/lib /usr/bin/cmake --build /home/rokey-jw/rokeypj_ws/build/turtlebot_moveit -- -j6 -l6
[1.153s] Invoking command in '/home/rokey-jw/rokeypj_ws/build/turtlebot_moveit': CMAKE_PREFIX_PATH=/home/rokey-jw/rokeypj_ws/install/turtlebot_cosmo_interface:/home/rokey-jw/turtlebot3_ws/install/turtlebot3:/home/rokey-jw/turtlebot3_ws/install/turtlebot3_bringup:/home/rokey-jw/turtlebot3_ws/install/turtlebot3_node:/home/rokey-jw/turtlebot3_ws/install/turtlebot3_manipulation:/home/rokey-jw/turtlebot3_ws/install/turtlebot3_manipulation_teleop:/home/rokey-jw/turtlebot3_ws/install/turtlebot3_manipulation_navigation2:/home/rokey-jw/turtlebot3_ws/install/turtlebot3_manipulation_moveit_config:/home/rokey-jw/turtlebot3_ws/install/turtlebot3_manipulation_hardware:/home/rokey-jw/turtlebot3_ws/install/turtlebot3_manipulation_bringup:/home/rokey-jw/turtlebot3_ws/install/turtlebot3_manipulation_description:/home/rokey-jw/turtlebot3_ws/install/turtlebot3_manipulation_cartographer:/home/rokey-jw/turtlebot3_ws/install/turtlebot3_description:/home/rokey-jw/turtlebot3_ws/install/turtlebot3_autorace:/home/rokey-jw/turtlebot3_ws/install/ld08_driver:/home/rokey-jw/rokeypj_ws/install/turtlebot_moveit:/home/rokey-jw/rokeypj_ws/install/turtlebot3_manipulation:/home/rokey-jw/rokeypj_ws/install/turtlebot3_manipulation_teleop:/home/rokey-jw/rokeypj_ws/install/turtlebot3_manipulation_moveit_config:/home/rokey-jw/rokeypj_ws/install/turtlebot3_manipulation_hardware:/home/rokey-jw/rokeypj_ws/install/turtlebot3_manipulation_bringup:/home/rokey-jw/rokeypj_ws/install/turtlebot3_manipulation_description:/home/rokey-jw/rokeypj_ws/install/manipulator_moveit:/home/rokey-jw/rokeypj_ws/install/ld08_driver:/home/rokey-jw/turtlebot3_ws/install/turtlebot3_teleop:/home/rokey-jw/turtlebot3_ws/install/turtlebot3_example:/home/rokey-jw/turtlebot3_ws/install/turtlebot3_autorace_mission:/home/rokey-jw/turtlebot3_ws/install/turtlebot3_autorace_detect:/home/rokey-jw/turtlebot3_ws/install/turtlebot3_autorace_camera:/home/rokey-jw/rokeypj_ws/install/sample_pkg:/home/rokey-jw/rokeypj_ws/install/fsd_pkg:/home/rokey-jw/rokeypj_ws/install/aruco_yolo:/opt/ros/humble LD_LIBRARY_PATH=/home/rokey-jw/rokeypj_ws/install/turtlebot_cosmo_interface/lib:/home/rokey-jw/turtlebot3_ws/install/turtlebot3_manipulation_hardware/lib:/home/rokey-jw/rokeypj_ws/install/turtlebot3_manipulation_hardware/lib:/opt/ros/humble/opt/rviz_ogre_vendor/lib:/opt/ros/humble/lib/aarch64-linux-gnu:/opt/ros/humble/lib /usr/bin/cmake --install /home/rokey-jw/rokeypj_ws/build/turtlebot_moveit
[1.169s] -- Install configuration: ""
[1.169s] -- Up-to-date: /home/rokey-jw/rokeypj_ws/install/turtlebot_moveit/lib/turtlebot_moveit/turtlebot_moveit
[1.169s] -- Up-to-date: /home/rokey-jw/rokeypj_ws/install/turtlebot_moveit/lib/turtlebot_moveit/get_eef_pose
[1.170s] -- Up-to-date: /home/rokey-jw/rokeypj_ws/install/turtlebot_moveit/lib/turtlebot_moveit/turtlebot_arm_controller
[1.170s] -- Up-to-date: /home/rokey-jw/rokeypj_ws/install/turtlebot_moveit/share/turtlebot_moveit/environment/pythonpath.sh
[1.170s] -- Up-to-date: /home/rokey-jw/rokeypj_ws/install/turtlebot_moveit/share/turtlebot_moveit/environment/pythonpath.dsv
[1.170s] -- Up-to-date: /home/rokey-jw/rokeypj_ws/install/turtlebot_moveit/local/lib/python3.10/dist-packages/scripts-0.0.0-py3.10.egg-info
[1.170s] -- Installing: /home/rokey-jw/rokeypj_ws/install/turtlebot_moveit/local/lib/python3.10/dist-packages/scripts-0.0.0-py3.10.egg-info/SOURCES.txt
[1.171s] -- Installing: /home/rokey-jw/rokeypj_ws/install/turtlebot_moveit/local/lib/python3.10/dist-packages/scripts-0.0.0-py3.10.egg-info/dependency_links.txt
[1.171s] -- Installing: /home/rokey-jw/rokeypj_ws/install/turtlebot_moveit/local/lib/python3.10/dist-packages/scripts-0.0.0-py3.10.egg-info/PKG-INFO
[1.171s] -- Installing: /home/rokey-jw/rokeypj_ws/install/turtlebot_moveit/local/lib/python3.10/dist-packages/scripts-0.0.0-py3.10.egg-info/top_level.txt
[1.171s] -- Up-to-date: /home/rokey-jw/rokeypj_ws/install/turtlebot_moveit/local/lib/python3.10/dist-packages/scripts
[1.172s] -- Up-to-date: /home/rokey-jw/rokeypj_ws/install/turtlebot_moveit/local/lib/python3.10/dist-packages/scripts/srv_call_test.py
[1.172s] -- Up-to-date: /home/rokey-jw/rokeypj_ws/install/turtlebot_moveit/local/lib/python3.10/dist-packages/scripts/project_sample.py
[1.172s] -- Up-to-date: /home/rokey-jw/rokeypj_ws/install/turtlebot_moveit/local/lib/python3.10/dist-packages/scripts/gripper_open_close.py
[1.172s] -- Up-to-date: /home/rokey-jw/rokeypj_ws/install/turtlebot_moveit/local/lib/python3.10/dist-packages/scripts/task.py
[1.172s] -- Up-to-date: /home/rokey-jw/rokeypj_ws/install/turtlebot_moveit/local/lib/python3.10/dist-packages/scripts/__init__.py
[1.246s] Listing '/home/rokey-jw/rokeypj_ws/install/turtlebot_moveit/local/lib/python3.10/dist-packages/scripts'...
[1.258s] -- Up-to-date: /home/rokey-jw/rokeypj_ws/install/turtlebot_moveit/lib/turtlebot_moveit/srv_call_test.py
[1.258s] -- Up-to-date: /home/rokey-jw/rokeypj_ws/install/turtlebot_moveit/lib/turtlebot_moveit/task.py
[1.259s] -- Up-to-date: /home/rokey-jw/rokeypj_ws/install/turtlebot_moveit/share/turtlebot_moveit//launch
[1.259s] -- Up-to-date: /home/rokey-jw/rokeypj_ws/install/turtlebot_moveit/share/turtlebot_moveit//launch/move_group.launch.py
[1.259s] -- Up-to-date: /home/rokey-jw/rokeypj_ws/install/turtlebot_moveit/share/ament_index/resource_index/package_run_dependencies/turtlebot_moveit
[1.260s] -- Up-to-date: /home/rokey-jw/rokeypj_ws/install/turtlebot_moveit/share/ament_index/resource_index/parent_prefix_path/turtlebot_moveit
[1.260s] -- Up-to-date: /home/rokey-jw/rokeypj_ws/install/turtlebot_moveit/share/turtlebot_moveit/environment/ament_prefix_path.sh
[1.260s] -- Up-to-date: /home/rokey-jw/rokeypj_ws/install/turtlebot_moveit/share/turtlebot_moveit/environment/ament_prefix_path.dsv
[1.260s] -- Up-to-date: /home/rokey-jw/rokeypj_ws/install/turtlebot_moveit/share/turtlebot_moveit/environment/path.sh
[1.260s] -- Up-to-date: /home/rokey-jw/rokeypj_ws/install/turtlebot_moveit/share/turtlebot_moveit/environment/path.dsv
[1.261s] -- Up-to-date: /home/rokey-jw/rokeypj_ws/install/turtlebot_moveit/share/turtlebot_moveit/local_setup.bash
[1.261s] -- Up-to-date: /home/rokey-jw/rokeypj_ws/install/turtlebot_moveit/share/turtlebot_moveit/local_setup.sh
[1.261s] -- Up-to-date: /home/rokey-jw/rokeypj_ws/install/turtlebot_moveit/share/turtlebot_moveit/local_setup.zsh
[1.261s] -- Up-to-date: /home/rokey-jw/rokeypj_ws/install/turtlebot_moveit/share/turtlebot_moveit/local_setup.dsv
[1.262s] -- Installing: /home/rokey-jw/rokeypj_ws/install/turtlebot_moveit/share/turtlebot_moveit/package.dsv
[1.263s] -- Up-to-date: /home/rokey-jw/rokeypj_ws/install/turtlebot_moveit/share/ament_index/resource_index/packages/turtlebot_moveit
[1.263s] -- Up-to-date: /home/rokey-jw/rokeypj_ws/install/turtlebot_moveit/share/turtlebot_moveit/cmake/turtlebot_moveitConfig.cmake
[1.264s] -- Up-to-date: /home/rokey-jw/rokeypj_ws/install/turtlebot_moveit/share/turtlebot_moveit/cmake/turtlebot_moveitConfig-version.cmake
[1.266s] -- Up-to-date: /home/rokey-jw/rokeypj_ws/install/turtlebot_moveit/share/turtlebot_moveit/package.xml
[1.267s] Invoked command in '/home/rokey-jw/rokeypj_ws/build/turtlebot_moveit' returned '0': CMAKE_PREFIX_PATH=/home/rokey-jw/rokeypj_ws/install/turtlebot_cosmo_interface:/home/rokey-jw/turtlebot3_ws/install/turtlebot3:/home/rokey-jw/turtlebot3_ws/install/turtlebot3_bringup:/home/rokey-jw/turtlebot3_ws/install/turtlebot3_node:/home/rokey-jw/turtlebot3_ws/install/turtlebot3_manipulation:/home/rokey-jw/turtlebot3_ws/install/turtlebot3_manipulation_teleop:/home/rokey-jw/turtlebot3_ws/install/turtlebot3_manipulation_navigation2:/home/rokey-jw/turtlebot3_ws/install/turtlebot3_manipulation_moveit_config:/home/rokey-jw/turtlebot3_ws/install/turtlebot3_manipulation_hardware:/home/rokey-jw/turtlebot3_ws/install/turtlebot3_manipulation_bringup:/home/rokey-jw/turtlebot3_ws/install/turtlebot3_manipulation_description:/home/rokey-jw/turtlebot3_ws/install/turtlebot3_manipulation_cartographer:/home/rokey-jw/turtlebot3_ws/install/turtlebot3_description:/home/rokey-jw/turtlebot3_ws/install/turtlebot3_autorace:/home/rokey-jw/turtlebot3_ws/install/ld08_driver:/home/rokey-jw/rokeypj_ws/install/turtlebot_moveit:/home/rokey-jw/rokeypj_ws/install/turtlebot3_manipulation:/home/rokey-jw/rokeypj_ws/install/turtlebot3_manipulation_teleop:/home/rokey-jw/rokeypj_ws/install/turtlebot3_manipulation_moveit_config:/home/rokey-jw/rokeypj_ws/install/turtlebot3_manipulation_hardware:/home/rokey-jw/rokeypj_ws/install/turtlebot3_manipulation_bringup:/home/rokey-jw/rokeypj_ws/install/turtlebot3_manipulation_description:/home/rokey-jw/rokeypj_ws/install/manipulator_moveit:/home/rokey-jw/rokeypj_ws/install/ld08_driver:/home/rokey-jw/turtlebot3_ws/install/turtlebot3_teleop:/home/rokey-jw/turtlebot3_ws/install/turtlebot3_example:/home/rokey-jw/turtlebot3_ws/install/turtlebot3_autorace_mission:/home/rokey-jw/turtlebot3_ws/install/turtlebot3_autorace_detect:/home/rokey-jw/turtlebot3_ws/install/turtlebot3_autorace_camera:/home/rokey-jw/rokeypj_ws/install/sample_pkg:/home/rokey-jw/rokeypj_ws/install/fsd_pkg:/home/rokey-jw/rokeypj_ws/install/aruco_yolo:/opt/ros/humble LD_LIBRARY_PATH=/home/rokey-jw/rokeypj_ws/install/turtlebot_cosmo_interface/lib:/home/rokey-jw/turtlebot3_ws/install/turtlebot3_manipulation_hardware/lib:/home/rokey-jw/rokeypj_ws/install/turtlebot3_manipulation_hardware/lib:/opt/ros/humble/opt/rviz_ogre_vendor/lib:/opt/ros/humble/lib/aarch64-linux-gnu:/opt/ros/humble/lib /usr/bin/cmake --install /home/rokey-jw/rokeypj_ws/build/turtlebot_moveit
